Starting Dynare (version 4.4.3).
Starting preprocessing of the model file ...
WARNING: some exogenous (er, ea, ei, ec, epi, enw, epif, ex, eg, epr, epx) are declared but not used in the model. This may lead to crashes or unexpected behaviour.
Found 19 equation(s).
Evaluating expressions...done
Computing static model derivatives:
 - order 1
Computing dynamic model derivatives:
 - order 1
Processing outputs ...done
Preprocessing completed.
Starting MATLAB/Octave computing.

STEADY-STATE RESULTS:

c      		 1.02618
r      		 0.0105005
w      		 0.44562
n      		 0.327733
mc     		 -0.168351
k      		 3.41132
y      		 1.34218
i      		 0.0363348
rk     		 -3.33665
Zmc    		 6.454
dZtr   		 0.0095
Zw     		 0
Ystar  		 0
Rstar  		 0
PIstar 		 0
q_f    		 -9.17136
rf     		 0.0189456
f      		 0.189683
Zcp    		 0




Residuals of the static equations:

Equation number 1 : 0
Equation number 2 : 0
Equation number 3 : 0
Equation number 4 : 0
Equation number 5 : 0
Equation number 6 : 0
Equation number 7 : 2.2578e-07
Equation number 8 : 0
Equation number 9 : 0
Equation number 10 : 0
Equation number 11 : 0
Equation number 12 : 0
Equation number 13 : 0
Equation number 14 : -8.911e-07
Equation number 15 : 3.8433e-06
Equation number 16 : 1.2042e-06
Equation number 17 : 0
Equation number 18 : 0
Equation number 19 : 0



EIGENVALUES:
         Modulus             Real        Imaginary

         3.8e-17          3.8e-17                0
       8.571e-17        8.571e-17                0
          0.4684           0.4684                0
          0.5732           0.5732                0
          0.6881           0.6881                0
           0.786            0.786                0
           0.818            0.818                0
          0.9072           0.9072                0
          0.9426           0.9426                0
           0.947            0.947                0
          0.9916           0.9916                0
           1.009            1.009                0
            1.06             1.06                0
       1.832e+15       -1.832e+15                0


There are 3 eigenvalue(s) larger than 1 in modulus 
for 3 forward-looking variable(s)

The rank condition is verified.


MODEL SUMMARY

  Number of variables:         19
  Number of stochastic shocks: 18
  Number of state variables:   11
  Number of jumpers:           3
  Number of static variables:  7


MATRIX OF COVARIANCE OF EXOGENOUS SHOCKS

Variables      er        ea        etr       ei        ec        epi       enw      epif       ex        eg        epr     eystar    erstar    epistar     ecp       ew        emc       epx   
er           0.000000  0.000000  0.000000  0.000000  0.000000  0.000000  0.000000  0.000000  0.000000  0.000000  0.000000  0.000000  0.000000  0.000000  0.000000  0.000000  0.000000  0.000000
ea           0.000000  0.000000  0.000000  0.000000  0.000000  0.000000  0.000000  0.000000  0.000000  0.000000  0.000000  0.000000  0.000000  0.000000  0.000000  0.000000  0.000000  0.000000
etr          0.000000  0.000000  0.000000  0.000000  0.000000  0.000000  0.000000  0.000000  0.000000  0.000000  0.000000  0.000000  0.000000  0.000000  0.000000  0.000000  0.000000  0.000000
ei           0.000000  0.000000  0.000000  0.000000  0.000000  0.000000  0.000000  0.000000  0.000000  0.000000  0.000000  0.000000  0.000000  0.000000  0.000000  0.000000  0.000000  0.000000
ec           0.000000  0.000000  0.000000  0.000000  0.000000  0.000000  0.000000  0.000000  0.000000  0.000000  0.000000  0.000000  0.000000  0.000000  0.000000  0.000000  0.000000  0.000000
epi          0.000000  0.000000  0.000000  0.000000  0.000000  0.000000  0.000000  0.000000  0.000000  0.000000  0.000000  0.000000  0.000000  0.000000  0.000000  0.000000  0.000000  0.000000
enw          0.000000  0.000000  0.000000  0.000000  0.000000  0.000000  0.000000  0.000000  0.000000  0.000000  0.000000  0.000000  0.000000  0.000000  0.000000  0.000000  0.000000  0.000000
epif         0.000000  0.000000  0.000000  0.000000  0.000000  0.000000  0.000000  0.000000  0.000000  0.000000  0.000000  0.000000  0.000000  0.000000  0.000000  0.000000  0.000000  0.000000
ex           0.000000  0.000000  0.000000  0.000000  0.000000  0.000000  0.000000  0.000000  0.000000  0.000000  0.000000  0.000000  0.000000  0.000000  0.000000  0.000000  0.000000  0.000000
eg           0.000000  0.000000  0.000000  0.000000  0.000000  0.000000  0.000000  0.000000  0.000000  0.000000  0.000000  0.000000  0.000000  0.000000  0.000000  0.000000  0.000000  0.000000
epr          0.000000  0.000000  0.000000  0.000000  0.000000  0.000000  0.000000  0.000000  0.000000  0.000000  0.000000  0.000000  0.000000  0.000000  0.000000  0.000000  0.000000  0.000000
eystar       0.000000  0.000000  0.000000  0.000000  0.000000  0.000000  0.000000  0.000000  0.000000  0.000000  0.000000  0.000000  0.000000  0.000000  0.000000  0.000000  0.000000  0.000000
erstar       0.000000  0.000000  0.000000  0.000000  0.000000  0.000000  0.000000  0.000000  0.000000  0.000000  0.000000  0.000000  0.000000  0.000000  0.000000  0.000000  0.000000  0.000000
epistar      0.000000  0.000000  0.000000  0.000000  0.000000  0.000000  0.000000  0.000000  0.000000  0.000000  0.000000  0.000000  0.000000  0.000000  0.000000  0.000000  0.000000  0.000000
ecp          0.000000  0.000000  0.000000  0.000000  0.000000  0.000000  0.000000  0.000000  0.000000  0.000000  0.000000  0.000000  0.000000  0.000000  0.000000  0.000000  0.000000  0.000000
ew           0.000000  0.000000  0.000000  0.000000  0.000000  0.000000  0.000000  0.000000  0.000000  0.000000  0.000000  0.000000  0.000000  0.000000  0.000000  0.035533  0.000000  0.000000
emc          0.000000  0.000000  0.000000  0.000000  0.000000  0.000000  0.000000  0.000000  0.000000  0.000000  0.000000  0.000000  0.000000  0.000000  0.000000  0.000000  0.000000  0.000000
epx          0.000000  0.000000  0.000000  0.000000  0.000000  0.000000  0.000000  0.000000  0.000000  0.000000  0.000000  0.000000  0.000000  0.000000  0.000000  0.000000  0.000000  0.000000

POLICY AND TRANSITION FUNCTIONS
                                  y               c               mc              i               n               k               rk    
Constant                    1.342182        1.026179       -0.168351        0.036335        0.327733        3.411320       -3.336651
k(-1)                       0.235472        0.172292               0        0.405476       -0.141087        0.979656       -0.764528
Zw(-1)                      0.057817        0.007115               0        0.194246        0.086294        0.006647       -0.256011
c(-1)                       0.040144        0.655433               0       -1.615481        0.059917       -0.055280        0.040144
dZtr(-1)                   -0.887471       -0.199915               0       -2.737555       -0.921688       -0.883685       -0.069471
etr                        -1.084928       -0.244395               0       -3.346645       -1.126758       -1.080299       -0.084928
ew                          0.123435        0.015190               0        0.414700        0.184231        0.014190       -0.546565
emc                         0.012680       -0.000173        0.028409        0.047264        0.018926        0.001617        0.041089


THEORETICAL MOMENTS

VARIABLE      MEAN    STD. DEV.   VARIANCE 
y              1.3422     0.0273     0.0007
c              1.0262     0.0104     0.0001
mc            -0.1684     0.0000     0.0000
i              0.0363     0.0862     0.0074
n              0.3277     0.0391     0.0015
k              3.4113     0.0140     0.0002
rk            -3.3367     0.1189     0.0141



VARIANCE DECOMPOSITION (in percent)

           er       ea      etr       ei       ec      epi      enw      epif      ex       eg      epr     eystar   erstar  epistar    ecp       ew      emc      epx   
y        0.00     0.00     0.00     0.00     0.00     0.00     0.00     0.00     0.00     0.00     0.00     0.00     0.00     0.00     0.00   100.00     0.00     0.00
c        0.00     0.00     0.00     0.00     0.00     0.00     0.00     0.00     0.00     0.00     0.00     0.00     0.00     0.00     0.00   100.00     0.00     0.00
mc       0.00     0.00     0.00     0.00     0.00     0.00     0.00     0.00     0.00     0.00     0.00     0.00     0.00     0.00     0.00     0.00   100.00     0.00
i        0.00     0.00     0.00     0.00     0.00     0.00     0.00     0.00     0.00     0.00     0.00     0.00     0.00     0.00     0.00   100.00     0.00     0.00
n        0.00     0.00     0.00     0.00     0.00     0.00     0.00     0.00     0.00     0.00     0.00     0.00     0.00     0.00     0.00   100.00     0.00     0.00
k        0.00     0.00     0.00     0.00     0.00     0.00     0.00     0.00     0.00     0.00     0.00     0.00     0.00     0.00     0.00   100.00     0.00     0.00
rk       0.00     0.00     0.00     0.00     0.00     0.00     0.00     0.00     0.00     0.00     0.00     0.00     0.00     0.00     0.00   100.00     0.00     0.00



MATRIX OF CORRELATIONS

Variables      y       c       i       n       k      rk   
y            1.0000  0.6176  0.9666  0.9858  0.5010 -0.9988
c            0.6176  1.0000  0.3953  0.4781  0.9815 -0.5786
i            0.9666  0.3953  1.0000  0.9954  0.2651 -0.9779
n            0.9858  0.4781  0.9954  1.0000  0.3484 -0.9928
k            0.5010  0.9815  0.2651  0.3484  1.0000 -0.4582
rk          -0.9988 -0.5786 -0.9779 -0.9928 -0.4582  1.0000



COEFFICIENTS OF AUTOCORRELATION

Order      1       2       3       4       5   
y        0.5185  0.2887  0.1776  0.1226  0.0942
c        0.9566  0.8866  0.8142  0.7480  0.6897
i        0.4172  0.1552  0.0403 -0.0078 -0.0263
n        0.4603  0.2075  0.0893  0.0341  0.0085
k        0.9778  0.9376  0.8915  0.8447  0.7992
rk       0.4972  0.2597  0.1467  0.0923  0.0654
Total computing time : 0h00m02s
Note: 1 warning(s) encountered in the preprocessor
