Starting Dynare (version 4.4.3).
Starting preprocessing of the model file ...
Found 4 equation(s).
Evaluating expressions...done
Computing static model derivatives:
 - order 1
Computing dynamic model derivatives:
 - order 1
Processing outputs ...done
Preprocessing completed.
Starting MATLAB/Octave computing.

MODEL SUMMARY

  Number of variables:         4
  Number of stochastic shocks: 2
  Number of state variables:   1
  Number of jumpers:           0
  Number of static variables:  3


MATRIX OF COVARIANCE OF EXOGENOUS SHOCKS

Variables       e         s    
e            0.000100  0.000000
s            0.000000  0.000100

POLICY AND TRANSITION FUNCTIONS
                                       y               c               k               i
Constant                    0.555556        0.277778        0.308642        0.277778
k(-1)                       0.163636        0.081818        0.181818        0.081818
e                           1.818182        0.909091        0.909091        0.909091
s                           0.909091       -0.101010        1.010101        1.010101


MOMENTS OF SIMULATED VARIABLES

VARIABLE      MEAN    STD. DEV.   VARIANCE   SKEWNESS   KURTOSIS 
y            0.555907   0.021050   0.000443   0.123609   0.321258
c            0.278183   0.009241   0.000085   0.132483   0.115232
k            0.308583   0.014184   0.000201   0.066554   0.370126
i            0.277724   0.013951   0.000195   0.097725   0.462737


CORRELATION OF SIMULATED VARIABLES

VARIABLE      y       c       k       i   
y           1.0000  0.8582  0.9408  0.9404
c           0.8582  1.0000  0.6408  0.6325
k           0.9408  0.6408  1.0000  0.9951
i           0.9404  0.6325  0.9951  1.0000


AUTOCORRELATION OF SIMULATED VARIABLES

VARIABLE      1       2       3       4       5   
y           0.1439 -0.0114  0.0185  0.0419  0.0231
c           0.1107 -0.0301  0.0147 -0.0063  0.0255
k           0.2136  0.0082  0.0382  0.0630  0.0200
i           0.1189 -0.0175  0.0326  0.0598  0.0086
Total computing time : 0h00m04s
