#
# A fatal error has been detected by the Java Runtime Environment:
#
#  Internal Error (0xe06d7363), pid=1088, tid=6164
#
# JRE version: 6.0_17-b04
# Java VM: Java HotSpot(TM) Client VM (14.3-b01 mixed mode windows-x86 )
# Problematic frame:
# C  [KERNELBASE.dll+0x812f]
#
# If you would like to submit a bug report, please visit:
#   http://java.sun.com/webapps/bugreport/crash.jsp
# The crash happened outside the Java Virtual Machine in native code.
# See problematic frame for where to report the bug.
#

---------------  T H R E A D  ---------------

Current thread (0x0905f000):  JavaThread "main" [_thread_in_native, id=6164, stack(0x00400000,0x00c00000)]

siginfo: ExceptionCode=0xe06d7363, ExceptionInformation=0x19930520 0x00bee920 0x7f2d81f0 

Registers:
EAX=0x00bee808, EBX=0x00010002, ECX=0x00000003, EDX=0x00000000
ESP=0x00bee808, EBP=0x00bee858, ESI=0x00010002, EDI=0x7ef92b50
EIP=0x7578812f, EFLAGS=0x00200212

Top of Stack: (sp=0x00bee808)
0x00bee808:   e06d7363 00000001 00000000 7578812f
0x00bee818:   00000003 19930520 00bee920 7f2d81f0
0x00bee828:   00000000 00000563 00bee85c 00bee860
0x00bee838:   143c11b0 125394a8 1253bad0 1253bbe0
0x00bee848:   00bee8a8 101b2fe8 1253c898 00000000
0x00bee858:   00bee890 7308df60 e06d7363 00000001
0x00bee868:   00000003 00bee884 e06d7363 00000001
0x00bee878:   00000000 00000000 00000003 19930520 

Instructions: (pc=0x7578812f)
0x7578811f:   e7 ff ff 83 c4 0c 8d 45 b0 50 ff 15 5c 11 78 75
0x7578812f:   c9 c2 10 00 89 45 c0 eb ed 3d 01 01 00 00 0f 85 


Stack: [0x00400000,0x00c00000],  sp=0x00bee808,  free space=8122k
Native frames: (J=compiled Java code, j=interpreted, Vv=VM code, C=native code)
C  [KERNELBASE.dll+0x812f]
C  [MSVCR90.dll+0x5df60]
C  [mcr.dll+0x433eb]
C  [libut.dll+0x1fa13]
C  [libut.dll+0x27924]
C  [libut.dll+0x279c6]
C  [libut.dll+0x1d4a5]
C  [libmwservices.dll+0xa7322]
C  [jmi.dll+0x4dbfa]
j  com.mathworks.jmi.NativeMatlab.processPendingEvents()Z+8
j  com.mathworks.jmi.Matlab$ProcessPendingEvents.callBooleanMethod(Ljava/lang/Object;)Z+0
j  com.mathworks.util.FactoryUtils.processPendingEvents()Z+12
j  com.mathworks.mde.desk.MLDesktop.canClose()Z+84
j  com.mathworks.mde.desk.MLDesktop$2.call()Ljava/lang/Boolean;+4
j  com.mathworks.mde.desk.MLDesktop$2.call()Ljava/lang/Object;+1
j  com.mathworks.jmi.Matlab.isOkToExit()Z+54
v  ~StubRoutines::call_stub
C  0x74c1cf9c
C  0x74ca41d1
C  0x74c1d01d
C  0x74c25be5
C  0x74c2b632
C  [jmi.dll+0x22133]
C  [jmi.dll+0x325cf]
C  [mcr.dll+0x474d8]
C  [mcr.dll+0x4777e]
C  [mcr.dll+0x47816]
C  [mcr.dll+0x47abf]
C  [m_dispatcher.dll+0x8eec]
C  [m_dispatcher.dll+0x8ceb]
C  [m_dispatcher.dll+0x6625]
C  [m_dispatcher.dll+0x8eec]
C  [m_dispatcher.dll+0x8ceb]
C  [m_interpreter.dll+0xb1194]
C  [m_interpreter.dll+0xb1235]
C  [m_interpreter.dll+0xb12e3]
C  [m_interpreter.dll+0x373289]
C  [iqm.dll+0x9f095]
C  [iqm.dll+0xa091a]
C  0x06db4d9e
C  0x06ddebfd
C  [iqm.dll+0x68655]
C  [iqm.dll+0x5f034]
C  [iqm.dll+0x1ed99]
C  [iqm.dll+0x5156a]
C  0x06dd68b0
C  0x06dd6c13
C  0x06dd7800
C  0x06dd79f5
C  0x06dd7aa3
J  com.mathworks.jmi.NativeMatlab.SendMatlabMessage(Ljava/lang/Object;)Ljava/lang/Object;
J  com.mathworks.jmi.MatlabLooper.sendMatlabMessage(Lcom/mathworks/services/message/MWMessage;)Ljava/lang/Object;
j  com.mathworks.jmi.Matlab.mtFevalConsoleOutput(Ljava/lang/String;[Ljava/lang/Object;I)Ljava/lang/Object;+58
j  com.mathworks.mde.desk.MLDesktop$8.run()V+14
j  com.mathworks.jmi.NativeMatlab.dispatchMTRequests(Z)V+57
v  ~StubRoutines::call_stub
C  0x74c1cf9c
C  0x74ca41d1
C  0x74c1d01d
C  0x74c25be5
C  0x74c2d932
C  [jmi.dll+0x22492]
C  [jmi.dll+0x282e3]
C  [jmi.dll+0x28363]
C  [m_interpreter.dll+0x7c1e7]
C  [m_interpreter.dll+0x7c302]
C  [m_interpreter.dll+0x5ceec]
C  [m_interpreter.dll+0x6248d]
C  [m_interpreter.dll+0x7512d]
C  [m_dispatcher.dll+0x8638]
C  [m_dispatcher.dll+0x8e26]
C  [m_dispatcher.dll+0x61b5]
C  [m_dispatcher.dll+0xa1d8]
C  [libmx.dll+0x3c194]
C  [m_interpreter.dll+0xe186]
C  [m_dispatcher.dll+0x8eec]
C  [m_dispatcher.dll+0x8ceb]
C  [m_interpreter.dll+0x14424]
C  [m_interpreter.dll+0x8a1df]
C  [m_interpreter.dll+0x73dd4]
C  [m_interpreter.dll+0x5f18b]
C  [m_interpreter.dll+0x373f83]
C  [m_interpreter.dll+0x70882]
C  [m_interpreter.dll+0x68174]
C  [m_interpreter.dll+0x5ce54]
C  [m_interpreter.dll+0x6248d]
C  [m_interpreter.dll+0x7512d]
C  [m_dispatcher.dll+0x8638]
C  [m_dispatcher.dll+0x8e26]
C  [m_interpreter.dll+0x63754]
C  [m_interpreter.dll+0x65946]
C  [m_interpreter.dll+0x7c1e7]
C  [m_interpreter.dll+0x7c302]
C  [m_interpreter.dll+0x5ceec]
C  [m_interpreter.dll+0x6248d]
C  [m_interpreter.dll+0x7512d]
C  [m_dispatcher.dll+0x8638]
C  [m_dispatcher.dll+0x8e26]
C  [m_interpreter.dll+0x63754]
C  [m_interpreter.dll+0x65946]
...<more frames>...

Java frames: (J=compiled Java code, j=interpreted, Vv=VM code)
j  com.mathworks.jmi.NativeMatlab.ProcessPendingEvents()Z+0
j  com.mathworks.jmi.NativeMatlab.processPendingEvents()Z+8
j  com.mathworks.jmi.Matlab$ProcessPendingEvents.callBooleanMethod(Ljava/lang/Object;)Z+0
j  com.mathworks.util.FactoryUtils.processPendingEvents()Z+12
j  com.mathworks.mde.desk.MLDesktop.canClose()Z+84
j  com.mathworks.mde.desk.MLDesktop$2.call()Ljava/lang/Boolean;+4
j  com.mathworks.mde.desk.MLDesktop$2.call()Ljava/lang/Object;+1
j  com.mathworks.jmi.Matlab.isOkToExit()Z+54
v  ~StubRoutines::call_stub
J  com.mathworks.jmi.NativeMatlab.SendMatlabMessage(Ljava/lang/Object;)Ljava/lang/Object;
J  com.mathworks.jmi.MatlabLooper.sendMatlabMessage(Lcom/mathworks/services/message/MWMessage;)Ljava/lang/Object;
j  com.mathworks.jmi.Matlab.mtFevalConsoleOutput(Ljava/lang/String;[Ljava/lang/Object;I)Ljava/lang/Object;+58
j  com.mathworks.mde.desk.MLDesktop$8.run()V+14
j  com.mathworks.jmi.NativeMatlab.dispatchMTRequests(Z)V+57
v  ~StubRoutines::call_stub

---------------  P R O C E S S  ---------------

Java Threads: ( => current thread )
  0x2208d400 JavaThread "Inactive RequestProcessor thread [Was:TimedSoftReference/org.openide.util.TimedSoftReference]" daemon [_thread_blocked, id=6332, stack(0x0b580000,0x0b600000)]
  0x22089400 JavaThread "Timer-1906" [_thread_blocked, id=6084, stack(0x0b350000,0x0b3d0000)]
  0x2208dc00 JavaThread "pool-4-thread-1" [_thread_blocked, id=1456, stack(0x0a710000,0x0a790000)]
  0x22087c00 JavaThread "Foxtrot Multi Worker Thread Runner #1" daemon [_thread_blocked, id=6768, stack(0x246e0000,0x24760000)]
  0x2208c800 JavaThread "Prefs Updater" daemon [_thread_blocked, id=3360, stack(0x0dcc0000,0x0dd40000)]
  0x2208c400 JavaThread "Swing-Shell" daemon [_thread_blocked, id=6572, stack(0x0d750000,0x0d7d0000)]
  0x2208b000 JavaThread "Active Reference Queue Daemon" daemon [_thread_blocked, id=3284, stack(0x274e0000,0x27560000)]
  0x2208ac00 JavaThread "Timer-6" daemon [_thread_blocked, id=5976, stack(0x273d0000,0x27450000)]
  0x2208a400 JavaThread "Timer-5" daemon [_thread_blocked, id=6252, stack(0x272d0000,0x27350000)]
  0x22089800 JavaThread "Explorer NavigationContext request queue" [_thread_blocked, id=7964, stack(0x200a0000,0x20120000)]
  0x22088800 JavaThread "AddressBar directory emptiness poller" [_thread_blocked, id=3316, stack(0x27010000,0x27090000)]
  0x22088000 JavaThread "Explorer Refresh Service 25099574" [_thread_blocked, id=396, stack(0x26da0000,0x26e20000)]
  0x22087400 JavaThread "TimerQueue" daemon [_thread_blocked, id=904, stack(0x238c0000,0x23940000)]
  0x22087000 JavaThread "Thread-5" daemon [_thread_blocked, id=4840, stack(0x0fd90000,0x0fe10000)]
  0x22086800 JavaThread "FelixPackageAdmin" daemon [_thread_blocked, id=7744, stack(0x22440000,0x224c0000)]
  0x2213e800 JavaThread "FelixStartLevel" daemon [_thread_blocked, id=4544, stack(0x212d0000,0x21350000)]
  0x2210d400 JavaThread "FelixDispatchQueue" daemon [_thread_blocked, id=1724, stack(0x09720000,0x097a0000)]
  0x22080c00 JavaThread "AWT-EventQueue-0" [_thread_blocked, id=5588, stack(0x0c3c0000,0x0c440000)]
  0x2202dc00 JavaThread "com.google.common.base.internal.Finalizer" daemon [_thread_blocked, id=1260, stack(0x0ff50000,0x0ffd0000)]
  0x2202b000 JavaThread "AWT-Shutdown" [_thread_blocked, id=3948, stack(0x20960000,0x209e0000)]
  0x21ed8000 JavaThread "AWT-Windows" daemon [_thread_in_native, id=6256, stack(0x0fe20000,0x0fea0000)]
  0x21e4a800 JavaThread "Java2D Disposer" daemon [_thread_blocked, id=5952, stack(0x07140000,0x071c0000)]
  0x21d71c00 JavaThread "Timer-0" [_thread_blocked, id=6368, stack(0x0baf0000,0x0bb70000)]
  0x0fd28c00 JavaThread "EventMgr Dispatcher" daemon [_thread_in_native, id=3432, stack(0x07620000,0x07e20000)]
  0x06ab5000 JavaThread "Low Memory Detector" daemon [_thread_blocked, id=6388, stack(0x0a890000,0x0a910000)]
  0x06ab0800 JavaThread "CompilerThread0" daemon [_thread_blocked, id=6432, stack(0x20a80000,0x21280000)]
  0x06ed8c00 JavaThread "Attach Listener" daemon [_thread_blocked, id=3364, stack(0x09600000,0x09680000)]
  0x06a9c000 JavaThread "Finalizer" daemon [_thread_blocked, id=7916, stack(0x06d00000,0x06d80000)]
  0x06a9ac00 JavaThread "Reference Handler" daemon [_thread_blocked, id=6188, stack(0x06e40000,0x06ec0000)]
=>0x0905f000 JavaThread "main" [_thread_in_native, id=6164, stack(0x00400000,0x00c00000)]

Other Threads:
  0x06a97800 VMThread [stack: 0x20120000,0x20920000] [id=2996]
  0x06ae9c00 WatcherThread [stack: 0x21410000,0x21c10000] [id=2780]

VM state:not at safepoint (normal execution)

VM Mutex/Monitor currently owned by a thread: None

Heap
 def new generation   total 21632K, used 8821K [0x12010000, 0x13780000, 0x14010000)
  eden space 19264K,  40% used [0x12010000, 0x127a8790, 0x132e0000)
  from space 2368K,  44% used [0x132e0000, 0x133e4e50, 0x13530000)
  to   space 2368K,   0% used [0x13530000, 0x13530000, 0x13780000)
 tenured generation   total 71744K, used 49645K [0x14010000, 0x18620000, 0x1a010000)
   the space 71744K,  69% used [0x14010000, 0x1708b760, 0x1708b800, 0x18620000)
 compacting perm gen  total 43264K, used 43212K [0x1a010000, 0x1ca50000, 0x20010000)
   the space 43264K,  99% used [0x1a010000, 0x1ca43148, 0x1ca43200, 0x1ca50000)
No shared spaces configured.

Dynamic libraries:
0x00290000 - 0x002b7000 	C:\Program Files\MATLAB\R2012b\bin\win32\MATLAB.exe
0x774c0000 - 0x775fc000 	C:\Windows\SYSTEM32\ntdll.dll
0x75cd0000 - 0x75da4000 	C:\Windows\system32\kernel32.dll
0x75780000 - 0x757cb000 	C:\Windows\system32\KERNELBASE.dll
0x7ef10000 - 0x7ef9c000 	C:\Program Files\MATLAB\R2012b\bin\win32\libut.dll
0x7dce0000 - 0x7dd5a000 	C:\Program Files\MATLAB\R2012b\bin\win32\libmwi18n.dll
0x10000000 - 0x10009000 	C:\Program Files\MATLAB\R2012b\bin\win32\libmwresource_core.dll
0x72f20000 - 0x72fae000 	C:\Windows\WinSxS\x86_microsoft.vc90.crt_1fc8b3b9a1e18e3b_9.0.30729.6161_none_50934f2ebcb7eb57\MSVCP90.dll
0x73030000 - 0x730d3000 	C:\Windows\WinSxS\x86_microsoft.vc90.crt_1fc8b3b9a1e18e3b_9.0.30729.6161_none_50934f2ebcb7eb57\MSVCR90.dll
0x736b0000 - 0x736d3000 	C:\Program Files\MATLAB\R2012b\bin\win32\boost_filesystem-vc90-mt-1_44.dll
0x73f70000 - 0x73f77000 	C:\Program Files\MATLAB\R2012b\bin\win32\boost_system-vc90-mt-1_44.dll
0x767d0000 - 0x76870000 	C:\Windows\system32\ADVAPI32.dll
0x765d0000 - 0x7667c000 	C:\Windows\system32\msvcrt.dll
0x776c0000 - 0x776d9000 	C:\Windows\SYSTEM32\sechost.dll
0x76520000 - 0x765c2000 	C:\Windows\system32\RPCRT4.dll
0x73550000 - 0x7356f000 	C:\Program Files\MATLAB\R2012b\bin\win32\LIBEXPAT.dll
0x00c00000 - 0x00d85000 	C:\Program Files\MATLAB\R2012b\bin\win32\icuin44.dll
0x7ea10000 - 0x7eb2f000 	C:\Program Files\MATLAB\R2012b\bin\win32\icuuc44.dll
0x00eb0000 - 0x01cf1000 	C:\Program Files\MATLAB\R2012b\bin\win32\icudt44.dll
0x00150000 - 0x00270000 	C:\Program Files\MATLAB\R2012b\bin\win32\libmwfl.dll
0x01d00000 - 0x02008000 	C:\Program Files\MATLAB\R2012b\bin\win32\libmwMATLAB_res.dll
0x73d00000 - 0x73d0e000 	C:\Program Files\MATLAB\R2012b\bin\win32\boost_date_time-vc90-mt-1_44.dll
0x73c80000 - 0x73c8f000 	C:\Program Files\MATLAB\R2012b\bin\win32\boost_signals-vc90-mt-1_44.dll
0x73d10000 - 0x73d1e000 	C:\Program Files\MATLAB\R2012b\bin\win32\boost_thread-vc90-mt-1_44.dll
0x002f0000 - 0x0037c000 	C:\Program Files\MATLAB\R2012b\bin\win32\boost_log-vc90-mt-1_44.dll
0x759f0000 - 0x759f5000 	C:\Windows\system32\PSAPI.DLL
0x76000000 - 0x76035000 	C:\Windows\system32\WS2_32.dll
0x776e0000 - 0x776e6000 	C:\Windows\system32\NSI.dll
0x00390000 - 0x003c3000 	C:\Program Files\MATLAB\R2012b\bin\win32\tbb.dll
0x75ca0000 - 0x75ccb000 	C:\Windows\system32\imagehlp.dll
0x73db0000 - 0x73dbf000 	C:\Program Files\MATLAB\R2012b\bin\win32\icuio44.dll
0x71d30000 - 0x71e1b000 	C:\Windows\system32\dbghelp.dll
0x75a90000 - 0x75b59000 	C:\Windows\system32\USER32.dll
0x75db0000 - 0x75dfe000 	C:\Windows\system32\GDI32.dll
0x77600000 - 0x7760a000 	C:\Windows\system32\LPK.dll
0x76160000 - 0x761fd000 	C:\Windows\system32\USP10.dll
0x02010000 - 0x02230000 	C:\Program Files\MATLAB\R2012b\bin\win32\libmwservices.dll
0x7db50000 - 0x7dbe7000 	C:\Program Files\MATLAB\R2012b\bin\win32\libmx.dll
0x02230000 - 0x0224d000 	C:\Program Files\MATLAB\R2012b\bin\win32\tbbmalloc.dll
0x73730000 - 0x73744000 	C:\Program Files\MATLAB\R2012b\bin\win32\zlib1.dll
0x02260000 - 0x02295000 	C:\Program Files\MATLAB\R2012b\bin\win32\libmwregexp.dll
0x022b0000 - 0x022ca000 	C:\Program Files\MATLAB\R2012b\bin\win32\libmwmfl_scalar.dll
0x7df40000 - 0x7df79000 	C:\Program Files\MATLAB\R2012b\bin\win32\mpath.dll
0x72990000 - 0x72da0000 	C:\Program Files\MATLAB\R2012b\bin\win32\mlutil.dll
0x7d670000 - 0x7d6ce000 	C:\Program Files\MATLAB\R2012b\bin\win32\xmlcore.dll
0x02310000 - 0x024c2000 	C:\Program Files\MATLAB\R2012b\bin\win32\xerces-c_2_7.dll
0x024e0000 - 0x024fb000 	C:\Program Files\MATLAB\R2012b\bin\win32\libmwMATLAB_settings_res.dll
0x02510000 - 0x0251d000 	C:\Program Files\MATLAB\R2012b\bin\win32\boost_iostreams-vc90-mt-1_44.dll
0x02530000 - 0x02569000 	C:\Program Files\MATLAB\R2012b\bin\win32\boost_serialization-vc90-mt-1_44.dll
0x76870000 - 0x774ba000 	C:\Windows\system32\SHELL32.dll
0x77660000 - 0x776b7000 	C:\Windows\system32\SHLWAPI.dll
0x72590000 - 0x72614000 	C:\Windows\WinSxS\x86_microsoft.windows.common-controls_6595b64144ccf1df_5.82.7601.18201_none_ec80f00e8593ece5\COMCTL32.dll
0x76680000 - 0x766fb000 	C:\Windows\system32\COMDLG32.dll
0x02580000 - 0x02591000 	C:\Windows\system32\NETAPI32.dll
0x74e70000 - 0x74e79000 	C:\Windows\system32\netutils.dll
0x752d0000 - 0x752e9000 	C:\Windows\system32\srvcli.dll
0x73710000 - 0x7371f000 	C:\Windows\system32\wkscli.dll
0x763c0000 - 0x7651c000 	C:\Windows\system32\ole32.dll
0x75a00000 - 0x75a8f000 	C:\Windows\system32\OLEAUT32.dll
0x7f270000 - 0x7f2f7000 	C:\Program Files\MATLAB\R2012b\bin\win32\mcr.dll
0x025b0000 - 0x028b0000 	C:\Program Files\MATLAB\R2012b\bin\win32\iqm.dll
0x7f630000 - 0x7f6af000 	C:\Program Files\MATLAB\R2012b\bin\win32\m_dispatcher.dll
0x7f130000 - 0x7f1ec000 	C:\Program Files\MATLAB\R2012b\bin\win32\boost_regex-vc90-mt-1_44.dll
0x028e0000 - 0x02e21000 	C:\Program Files\MATLAB\R2012b\bin\win32\m_interpreter.dll
0x02e40000 - 0x02e5c000 	C:\Program Files\MATLAB\R2012b\bin\win32\libmex.dll
0x02e70000 - 0x02ecc000 	C:\Program Files\MATLAB\R2012b\bin\win32\profiler.dll
0x02ee0000 - 0x0310c000 	C:\Program Files\MATLAB\R2012b\bin\win32\libmwmathutil.dll
0x734f0000 - 0x73513000 	C:\Program Files\MATLAB\R2012b\bin\win32\libmwmathrng.dll
0x03130000 - 0x0313f000 	C:\Program Files\MATLAB\R2012b\bin\win32\libmwmfl_rng.dll
0x7c390000 - 0x7c428000 	C:\Program Files\MATLAB\R2012b\bin\win32\libmwmathcore.dll
0x7e000000 - 0x7e04b000 	C:\Program Files\MATLAB\R2012b\bin\win32\libmwspmatrix.dll
0x7dbf0000 - 0x7dc3b000 	C:\Program Files\MATLAB\R2012b\bin\win32\libmwcholmod.dll
0x73e70000 - 0x73e7a000 	C:\Program Files\MATLAB\R2012b\bin\win32\libmwamd.dll
0x73e80000 - 0x73e8a000 	C:\Program Files\MATLAB\R2012b\bin\win32\libmwcolamd.dll
0x73dd0000 - 0x73de1000 	C:\Program Files\MATLAB\R2012b\bin\win32\libmwblas.dll
0x73d30000 - 0x73d3d000 	C:\Program Files\MATLAB\R2012b\bin\win32\libmwbinder.dll
0x73ea0000 - 0x73eaa000 	C:\Program Files\MATLAB\R2012b\bin\win32\libmwompwrapper.dll
0x031d0000 - 0x03209000 	C:\Program Files\MATLAB\R2012b\bin\win32\libmwlapack.dll
0x03220000 - 0x03235000 	C:\Program Files\MATLAB\R2012b\bin\win32\m_pcodeio.dll
0x7e080000 - 0x7e0ca000 	C:\Program Files\MATLAB\R2012b\bin\win32\m_ir.dll
0x03260000 - 0x037b0000 	C:\Program Files\MATLAB\R2012b\bin\win32\m_parser.dll
0x037c0000 - 0x037d2000 	C:\Program Files\MATLAB\R2012b\bin\win32\ir_xfmr.dll
0x037f0000 - 0x0399a000 	C:\Program Files\MATLAB\R2012b\bin\win32\mcos.dll
0x74500000 - 0x7450e000 	C:\Program Files\MATLAB\R2012b\bin\win32\mtok.dll
0x039c0000 - 0x039e4000 	C:\Program Files\MATLAB\R2012b\bin\win32\m_pcodegen.dll
0x7e1c0000 - 0x7e1e9000 	C:\Program Files\MATLAB\R2012b\bin\win32\libmwbridge.dll
0x03a10000 - 0x03aa3000 	C:\Program Files\MATLAB\R2012b\bin\win32\udd.dll
0x03ac0000 - 0x03bce000 	C:\Program Files\MATLAB\R2012b\bin\win32\libmwgui.dll
0x03be0000 - 0x03bf2000 	C:\Program Files\MATLAB\R2012b\bin\win32\graphics_util.dll
0x03c10000 - 0x042d6000 	C:\Program Files\MATLAB\R2012b\bin\win32\hg.dll
0x042f0000 - 0x04334000 	C:\Program Files\MATLAB\R2012b\bin\win32\libmat.dll
0x04350000 - 0x04535000 	C:\Program Files\MATLAB\R2012b\bin\win32\hdf5dll.dll
0x7d9d0000 - 0x7da66000 	C:\Program Files\MATLAB\R2012b\bin\win32\jmi.dll
0x04560000 - 0x0456b000 	C:\Program Files\MATLAB\R2012b\bin\win32\nativejava_services.dll
0x04580000 - 0x045b4000 	C:\Program Files\MATLAB\R2012b\bin\win32\libmwhardcopy.dll
0x045d0000 - 0x04614000 	C:\Program Files\MATLAB\R2012b\bin\win32\libuij.dll
0x04630000 - 0x047e3000 	C:\Program Files\MATLAB\R2012b\bin\win32\hgdatatypes.dll
0x04800000 - 0x048c1000 	C:\Program Files\MATLAB\R2012b\bin\win32\hgutils.dll
0x048e0000 - 0x04968000 	C:\Program Files\MATLAB\R2012b\bin\win32\udd_mi.dll
0x04980000 - 0x049b0000 	C:\Program Files\MATLAB\R2012b\bin\win32\libmwgbtutils.dll
0x049c0000 - 0x049d3000 	C:\Program Files\MATLAB\R2012b\bin\win32\libmwgbt.dll
0x049f0000 - 0x04c8b000 	C:\Program Files\MATLAB\R2012b\bin\win32\uiw.dll
0x04ca0000 - 0x04cad000 	C:\Program Files\MATLAB\R2012b\bin\win32\uinone.dll
0x04cc0000 - 0x04cdf000 	C:\Program Files\MATLAB\R2012b\bin\win32\libmwnativefiledialogs.dll
0x04cf0000 - 0x04cf7000 	C:\Program Files\MATLAB\R2012b\bin\win32\libmwplatform_res.dll
0x73010000 - 0x73022000 	C:\Windows\system32\MPR.dll
0x04d10000 - 0x050ad000 	C:\Windows\WinSxS\x86_microsoft.vc90.mfc_1fc8b3b9a1e18e3b_9.0.30729.6161_none_4bf7e3e2bf9ada4c\mfc90.dll
0x734d0000 - 0x734d5000 	C:\Windows\system32\MSIMG32.dll
0x050b0000 - 0x05101000 	C:\Windows\system32\WINSPOOL.DRV
0x05110000 - 0x05129000 	C:\Program Files\MATLAB\R2012b\bin\win32\mwoles05.DLL
0x05140000 - 0x05195000 	C:\Program Files\MATLAB\R2012b\bin\win32\comcli.dll
0x051b0000 - 0x051db000 	C:\Windows\WinSxS\x86_microsoft.vc90.atl_1fc8b3b9a1e18e3b_9.0.30729.6161_none_51cd0a7abbe4e19b\ATL90.DLL
0x051e0000 - 0x051e9000 	C:\Program Files\MATLAB\R2012b\bin\win32\mlautoregister.dll
0x75b60000 - 0x75b7f000 	C:\Windows\system32\IMM32.DLL
0x76700000 - 0x767cc000 	C:\Windows\system32\MSCTF.dll
0x74180000 - 0x741c0000 	C:\Windows\system32\UxTheme.dll
0x74470000 - 0x74483000 	C:\Windows\system32\dwmapi.dll
0x05380000 - 0x0538a000 	C:\Windows\WinSxS\x86_microsoft.vc90.mfcloc_1fc8b3b9a1e18e3b_9.0.30729.6161_none_49768ef57548175e\MFC90KOR.DLL
0x053c0000 - 0x053eb000 	C:\Windows\system32\f_im.dll
0x053f0000 - 0x053fb000 	C:\Program Files\Fasoo DRM\f_ah.dll
0x072f0000 - 0x073ff000 	C:\Program Files\Fasoo DRM\f_sps.dll
0x74b20000 - 0x74b29000 	C:\Windows\system32\VERSION.dll
0x066e0000 - 0x06713000 	C:\Windows\system32\f_pbrc12.dll
0x06740000 - 0x06768000 	C:\Windows\system32\ImageSAFERFilter.dll
0x74af0000 - 0x74b11000 	C:\Windows\system32\ntmarta.dll
0x77610000 - 0x77655000 	C:\Windows\system32\WLDAP32.dll
0x07400000 - 0x07429000 	C:\Program Files\Netcom\Agent\nchook.dll
0x76040000 - 0x7615b000 	C:\Windows\system32\WININET.dll

VM Arguments:
jvm_args: -Xss512k -XX:PermSize=32m -Xms64m -XX:NewRatio=3 -XX:MaxPermSize=96m -Xmx128m -XX:MaxDirectMemorySize=1200000000 -Dsun.java2d.noddraw=true -Dsun.awt.nopixfmt=true -Xshare:off -Xrs -Dsun.awt.disableMixing=true -Djava.library.path=C:\Program Files\MATLAB\R2012b\bin\win32;C:\Program Files\MATLAB\R2012b\sys\jxbrowser\win32\lib vfprintf abort 
java_command: <unknown>
Launcher Type: generic

Environment Variables:
PATH=C:\ProgramData\Oracle\Java\javapath;C:\Program Files\Intel\iCLS Client\;C:\Windows\system32;C:\Windows;C:\Windows\System32\Wbem;C:\Windows\System32\WindowsPowerShell\v1.0\;C:\Program Files\Intel\OpenCL SDK\3.0\bin\x86;C:\Program Files\Intel\Intel(R) Management Engine Components\DAL;C:\Program Files\Intel\Intel(R) Management Engine Components\IPT;C:\Program Files\MATLAB\R2012b\bin;C:\Program Files\GnuWin32\bin;C:\Program Files\gfortran\bin;C:\Program Files\SAS\SharedFiles\Formats;C:\Program Files\MiKTeX 2.9\miktex\bin\;C:\Anaconda;C:\Anaconda\Scripts;C:\Program Files\GnuWin32\bin;C:\Program Files\gfortran\bin
USERNAME=0510203
OS=Windows_NT
PROCESSOR_IDENTIFIER=x86 Family 6 Model 60 Stepping 3, GenuineIntel



---------------  S Y S T E M  ---------------

OS: Windows 7 Build 7601 Service Pack 1

CPU:total 4 (8 cores per cpu, 2 threads per core) family 6 model 60 stepping 3, cmov, cx8, fxsr, mmx, sse, sse2, sse3, ssse3, sse4.1, sse4.2, ht

Memory: 4k page, physical 3571792k(1234144k free), swap 4194303k(4150276k free)

vm_info: Java HotSpot(TM) Client VM (14.3-b01) for windows-x86 JRE (1.6.0_17-b04), built on Oct 11 2009 00:52:06 by "java_re" with MS VC++ 7.1

time: Wed Mar 04 20:15:18 2015
elapsed time: 33683 seconds

