Starting Dynare (version 4.4.3).
Starting preprocessing of the model file ...
Substitution of endo lags >= 2: added 3 auxiliary variables and equations.
Found 138 equation(s).
Evaluating expressions...done
Computing static model derivatives:
 - order 1
Computing dynamic model derivatives:
 - order 1
Processing outputs ...done
Preprocessing completed.
Starting MATLAB/Octave computing.

STEADY-STATE RESULTS:

Y                		 1.1313
C                		 0.606133
N                		 0.373798
R                		 0.0105005
W                		 0.178112
Rk               		 -2.81722
K                		 2.64834
dZtr             		 0.0095
dP               		 0
G                		 -0.478142
MC               		 -0.169133
Phstar           		 -0.0136114
X1               		 2.51636
X2               		 2.69833
SS               		 0.000725086
Q                		 0.0478393
F                		 -1.99081
Rf               		 0.0105005
S                		 0.167119
Pxf              		 1.7212e-06
Px               		 0.0893028
Pm               		 0.16712
X                		 0.0175014
PPx              		 4.00498e-07
PPm              		 4.00498e-07
Rw               		 0.0104577
Xh               		 -0.635976
Xf               		 -0.706177
dPx              		 0
Pk               		 2.23411e-11
I                		 -0.726646
Re               		 0.0348178
NW               		 2.16199
ut               		 0.0326059
Wstar            		 0.180116
X1w              		 1.74699
X1ww             		 4.16058
X2w              		 1.74621
X2ww             		 2.8433
Ch               		 0.510896
Cf               		 -1.31173
P                		 0.11928
Pcfstar          		 0.388392
dPh              		 0
dPcf             		 8.22311e-11
Pcf              		 0.392431
Pif              		 0.39243
X1f              		 -0.366425
X2f              		 -0.540092
Ih               		 -1.36801
If               		 -1.40937
Pi               		 0.242648
Pifstar          		 0.388392
dPi              		 0
dPif             		 4.49903e-07
X1if             		 -0.464067
X2if             		 -0.637734
M                		 0.00715412
Ystar            		 0
Rstar            		 0
PIstar           		 0
Za               		 0
Zi               		 0
Zc               		 0
Zpi              		 0
Znw              		 0
Zpif             		 0
Zx               		 0
Zg               		 0
Zw               		 0
Zcp              		 0
Zmc              		 0
Zq               		 0
Y_obs            		 0
R_obs            		 0
dP_obs           		 0
C_obs            		 0
Inv_obs          		 0
NN_obs           		 0
dPcf_obs         		 0.94
X_obs            		 0
dPi_obs          		 0
S_obs            		 0
Ystar_obs        		 0
Rstar_obs        		 0
Pistar_obs       		 0
G_obs            		 0
SP_obs           		 0
dPx_obs          		 -0.258
dY               		 0
c                		 0.530931
r                		 0.0105005
w                		 -0.000395518
n                		 0.368761
ch               		 0.440053
cf               		 -1.4053
pcf              		 0.277796
ph               		 -0.120382
mc               		 -0.288733
mcf              		 0.0630706
q                		 0.0630706
ih               		 -1.54591
if               		 -1.59689
pi               		 0.125636
i                		 -0.910191
pif              		 0.277796
re               		 0.0348178
pk               		 2.23411e-11
rk               		 -2.81722
u                		 0.0326059
nw               		 1.97845
k                		 2.46479
y                		 1.06808
xh               		 -0.620187
g                		 -0.541362
x                		 0.0205737
px               		 -0.0225337
pxf              		 0.0630706
xf               		 -0.714692
rf               		 0.0105005
f                		 -2.10255
m                		 -0.0648994
Ygap             		 0.189896
Rgap             		 0
ct               		 1.02618
rt               		 0.0105005
wt               		 0.44562
kt               		 3.41132
nt               		 0.327733
mct              		 -0.168351
yt               		 1.34218
rkt              		 -3.33665
it               		 0.0363348
Ygapt            		 -0.727714
Rgapt            		 0




Residuals of the static equations:

Equation number 1 : 0
Equation number 2 : 0
Equation number 3 : 0
Equation number 4 : 0
Equation number 5 : 0
Equation number 6 : 0
Equation number 7 : 0
Equation number 8 : 0
Equation number 9 : 0
Equation number 10 : 0
Equation number 11 : 0
Equation number 12 : 0
Equation number 13 : 0
Equation number 14 : 0
Equation number 15 : -8.2852e-07
Equation number 16 : 0
Equation number 17 : 0
Equation number 18 : 0
Equation number 19 : 0
Equation number 20 : 0
Equation number 21 : 0
Equation number 22 : 0
Equation number 23 : 0
Equation number 24 : 0
Equation number 25 : 0
Equation number 26 : 0
Equation number 27 : 0
Equation number 28 : 0
Equation number 29 : 0
Equation number 30 : 4.499e-07
Equation number 31 : 0
Equation number 32 : 0
Equation number 33 : 0
Equation number 34 : 0
Equation number 35 : 0
Equation number 36 : 0
Equation number 37 : 0
Equation number 38 : 0
Equation number 39 : 0
Equation number 40 : 0
Equation number 41 : 0
Equation number 42 : 0
Equation number 43 : 0
Equation number 44 : 0
Equation number 45 : 0
Equation number 46 : 0
Equation number 47 : 0
Equation number 48 : 0
Equation number 49 : 0
Equation number 50 : 2.0278e-06
Equation number 51 : 1.3207e-06
Equation number 52 : 0
Equation number 53 : 0
Equation number 54 : 4.005e-07
Equation number 55 : 4.005e-07
Equation number 56 : 1.2273e-07
Equation number 57 : 0
Equation number 58 : 0
Equation number 59 : 0
Equation number 60 : 0
Equation number 61 : 0
Equation number 62 : 0
Equation number 63 : 0
Equation number 64 : 0
Equation number 65 : 0
Equation number 66 : 0
Equation number 67 : 0
Equation number 68 : 0
Equation number 69 : 0
Equation number 70 : 0
Equation number 71 : 0
Equation number 72 : 0
Equation number 73 : 0
Equation number 74 : 0
Equation number 75 : 0
Equation number 76 : 0
Equation number 77 : 0
Equation number 78 : 0
Equation number 79 : 0
Equation number 80 : 0
Equation number 81 : 0
Equation number 82 : 0
Equation number 83 : 0
Equation number 84 : 0
Equation number 85 : 0
Equation number 86 : 0
Equation number 87 : 5.5104e-07
Equation number 88 : 0
Equation number 89 : 0
Equation number 90 : -5.9339e-07
Equation number 91 : 0
Equation number 92 : 0
Equation number 93 : 0
Equation number 94 : 0
Equation number 95 : 0
Equation number 96 : 0
Equation number 97 : 0
Equation number 98 : 0
Equation number 99 : 0
Equation number 100 : 0
Equation number 101 : 0
Equation number 102 : 0
Equation number 103 : 0
Equation number 104 : 0
Equation number 105 : 0
Equation number 106 : 0
Equation number 107 : 0
Equation number 108 : 0
Equation number 109 : 0
Equation number 110 : 2.2578e-07
Equation number 111 : 0
Equation number 112 : 0
Equation number 113 : 0
Equation number 114 : 0
Equation number 115 : 0
Equation number 116 : 0
Equation number 117 : -1.1502e-06
Equation number 118 : 0
Equation number 119 : 0
Equation number 120 : 0
Equation number 121 : 0
Equation number 122 : 0
Equation number 123 : 0
Equation number 124 : 0
Equation number 125 : 0
Equation number 126 : 0
Equation number 127 : 0
Equation number 128 : 0
Equation number 129 : 0
Equation number 130 : 0
Equation number 131 : 0
Equation number 132 : 0
Equation number 133 : 0
Equation number 134 : 0
Equation number 135 : 0



EIGENVALUES:
         Modulus             Real        Imaginary

               0               -0                0
               0               -0                0
               0               -0                0
       2.103e-18       -2.103e-18                0
       1.166e-17        1.166e-17                0
       1.471e-17       -1.471e-17                0
       3.543e-17        3.543e-17                0
       1.139e-16       -1.139e-16                0
       1.583e-16       -1.583e-16                0
       1.587e-16        1.587e-16                0
       2.069e-15        2.069e-15                0
       2.905e-15        2.905e-15                0
       5.462e-15       -5.462e-15                0
        5.72e-15         5.72e-15                0
             0.3              0.3                0
          0.3135           0.3135                0
          0.3224           0.3224                0
          0.4021           0.3754            0.144
          0.4021           0.3754           -0.144
          0.4039           0.3759           0.1479
          0.4039           0.3759          -0.1479
          0.4378           0.4378                0
          0.4684           0.4684                0
          0.4903           0.4903                0
             0.5              0.5                0
          0.5732           0.5732                0
          0.5792           0.5792                0
          0.6652           0.6652                0
          0.6881           0.6881                0
          0.6902           0.6902                0
          0.7688           0.7424           0.1997
          0.7688           0.7424          -0.1997
           0.786            0.786                0
          0.7893           0.7893                0
          0.7943            0.793          0.04643
          0.7943            0.793         -0.04643
          0.7981           0.7981                0
          0.8052           0.8052                0
           0.818            0.818                0
          0.8336           0.8301          0.07622
          0.8336           0.8301         -0.07622
          0.8402           0.8402                0
          0.9023           0.9023                0
          0.9072           0.9072                0
          0.9083           0.9083                0
          0.9273           0.9273                0
          0.9325           0.9325                0
          0.9426           0.9426                0
          0.9459           0.9459                0
           0.947            0.947                0
           0.959            0.959                0
           0.975            0.975                0
            1.06             1.06                0
           1.065            1.063          0.06408
           1.065            1.063         -0.06408
           1.112            1.112                0
             1.2             1.17           0.2636
             1.2             1.17          -0.2636
           1.221            1.209           0.1664
           1.221            1.209          -0.1664
           1.267            1.267                0
           1.273            1.271          0.07151
           1.273            1.271         -0.07151
           1.406           -1.406                0
           1.856            1.856                0
           1.889            1.888          0.05563
           1.889            1.888         -0.05563
           1.907            1.903           0.1116
           1.907            1.903          -0.1116
       4.275e+16       -4.275e+16                0
       4.839e+16       -4.839e+16                0
       1.398e+17       -1.398e+17                0
       1.469e+17        1.469e+17                0
       3.913e+17        3.913e+17                0
        9.28e+17        -9.28e+17                0
       1.594e+18        1.594e+18                0
       2.255e+18       -2.255e+18                0
             Inf              Inf                0


There are 26 eigenvalue(s) larger than 1 in modulus 
for 26 forward-looking variable(s)

The rank condition is verified.


MODEL SUMMARY

  Number of variables:         138
  Number of stochastic shocks: 19
  Number of state variables:   52
  Number of jumpers:           26
  Number of static variables:  73


MATRIX OF COVARIANCE OF EXOGENOUS SHOCKS

Variables      er        ea        etr       ei        ec        epi       enw      epif       ex        eg        epr     eystar    erstar    epistar     ecp       ew        emc       epx       eq    
er           0.000000  0.000000  0.000000  0.000000  0.000000  0.000000  0.000000  0.000000  0.000000  0.000000  0.000000  0.000000  0.000000  0.000000  0.000000  0.000000  0.000000  0.000000  0.000000
ea           0.000000  0.000000  0.000000  0.000000  0.000000  0.000000  0.000000  0.000000  0.000000  0.000000  0.000000  0.000000  0.000000  0.000000  0.000000  0.000000  0.000000  0.000000  0.000000
etr          0.000000  0.000000  0.000000  0.000000  0.000000  0.000000  0.000000  0.000000  0.000000  0.000000  0.000000  0.000000  0.000000  0.000000  0.000000  0.000000  0.000000  0.000000  0.000000
ei           0.000000  0.000000  0.000000  0.000000  0.000000  0.000000  0.000000  0.000000  0.000000  0.000000  0.000000  0.000000  0.000000  0.000000  0.000000  0.000000  0.000000  0.000000  0.000000
ec           0.000000  0.000000  0.000000  0.000000  0.000000  0.000000  0.000000  0.000000  0.000000  0.000000  0.000000  0.000000  0.000000  0.000000  0.000000  0.000000  0.000000  0.000000  0.000000
epi          0.000000  0.000000  0.000000  0.000000  0.000000  0.000000  0.000000  0.000000  0.000000  0.000000  0.000000  0.000000  0.000000  0.000000  0.000000  0.000000  0.000000  0.000000  0.000000
enw          0.000000  0.000000  0.000000  0.000000  0.000000  0.000000  0.000000  0.000000  0.000000  0.000000  0.000000  0.000000  0.000000  0.000000  0.000000  0.000000  0.000000  0.000000  0.000000
epif         0.000000  0.000000  0.000000  0.000000  0.000000  0.000000  0.000000  0.000000  0.000000  0.000000  0.000000  0.000000  0.000000  0.000000  0.000000  0.000000  0.000000  0.000000  0.000000
ex           0.000000  0.000000  0.000000  0.000000  0.000000  0.000000  0.000000  0.000000  0.000000  0.000000  0.000000  0.000000  0.000000  0.000000  0.000000  0.000000  0.000000  0.000000  0.000000
eg           0.000000  0.000000  0.000000  0.000000  0.000000  0.000000  0.000000  0.000000  0.000000  0.000000  0.000000  0.000000  0.000000  0.000000  0.000000  0.000000  0.000000  0.000000  0.000000
epr          0.000000  0.000000  0.000000  0.000000  0.000000  0.000000  0.000000  0.000000  0.000000  0.000000  0.000000  0.000000  0.000000  0.000000  0.000000  0.000000  0.000000  0.000000  0.000000
eystar       0.000000  0.000000  0.000000  0.000000  0.000000  0.000000  0.000000  0.000000  0.000000  0.000000  0.000000  0.000000  0.000000  0.000000  0.000000  0.000000  0.000000  0.000000  0.000000
erstar       0.000000  0.000000  0.000000  0.000000  0.000000  0.000000  0.000000  0.000000  0.000000  0.000000  0.000000  0.000000  0.000000  0.000000  0.000000  0.000000  0.000000  0.000000  0.000000
epistar      0.000000  0.000000  0.000000  0.000000  0.000000  0.000000  0.000000  0.000000  0.000000  0.000000  0.000000  0.000000  0.000000  0.000000  0.000000  0.000000  0.000000  0.000000  0.000000
ecp          0.000000  0.000000  0.000000  0.000000  0.000000  0.000000  0.000000  0.000000  0.000000  0.000000  0.000000  0.000000  0.000000  0.000000  0.000077  0.000000  0.000000  0.000000  0.000000
ew           0.000000  0.000000  0.000000  0.000000  0.000000  0.000000  0.000000  0.000000  0.000000  0.000000  0.000000  0.000000  0.000000  0.000000  0.000000  0.000000  0.000000  0.000000  0.000000
emc          0.000000  0.000000  0.000000  0.000000  0.000000  0.000000  0.000000  0.000000  0.000000  0.000000  0.000000  0.000000  0.000000  0.000000  0.000000  0.000000  0.000000  0.000000  0.000000
epx          0.000000  0.000000  0.000000  0.000000  0.000000  0.000000  0.000000  0.000000  0.000000  0.000000  0.000000  0.000000  0.000000  0.000000  0.000000  0.000000  0.000000  0.000000  0.000000
eq           0.000000  0.000000  0.000000  0.000000  0.000000  0.000000  0.000000  0.000000  0.000000  0.000000  0.000000  0.000000  0.000000  0.000000  0.000000  0.000000  0.000000  0.000000  0.000000

POLICY AND TRANSITION FUNCTIONS
                        Y               C               I               dP              R               X               S               F               Ygap            Rgap            y               r               i               f               yt              rt              
Constant                    1.131296        0.606133       -0.726646               0        0.010501        0.017501        0.167119       -1.990806        0.189896               0        1.068076        0.010501       -0.910191       -2.102550        1.342182        0.010501
R(-1)                      -2.189870       -1.648368       -5.928605       -0.652780        0.845917       -0.435507       -2.753802       -4.451217       -6.787879        1.582194               0               0               0               0               0               0
W(-1)                      -0.000631       -0.021179        0.093479        0.079273        0.006578       -0.001323        0.000062       -0.407524       -0.001955       -0.065544               0               0               0               0               0               0
K(-1)                      -0.078113        0.145253       -0.901201       -0.102997       -0.010008       -0.015601       -0.183377        0.481543       -0.242125        0.095694               0               0               0               0               0               0
SS(-1)                      0.031488       -0.036039        0.271002        0.077311        0.007010        0.000899        0.024091       -0.484740        0.097602       -0.072895               0               0               0               0               0               0
F(-1)                      -0.005074        0.002281        0.002940       -0.001601       -0.000227       -0.001891       -0.020158        0.896426       -0.015729        0.000743               0               0               0               0               0               0
Rf(-1)                     -0.005074        0.002281        0.002940       -0.001601       -0.000227       -0.001891       -0.020158        0.896426       -0.015729        0.000743               0               0               0               0               0               0
X(-1)                       0.064625        0.000230       -0.005797       -0.003134        0.000935        0.481884       -0.061675        1.333407        0.200317        0.003762               0               0               0               0               0               0
NW(-1)                     -0.005994       -0.045849        0.071018       -0.016733       -0.001502        0.003928        0.037718        0.197577       -0.018579        0.022137               0               0               0               0               0               0
P(-1)                       0.192414        0.178259        0.479925       -0.932851       -0.073990        0.033999        0.198272        1.159193        0.596419       -0.153713               0               0               0               0               0               0
Pcf(-1)                     0.180343       -0.039761       -0.050210        0.108115        0.012325       -0.014900       -0.129137        2.629855        0.559005        0.078896               0               0               0               0               0               0
Pif(-1)                     0.039742       -0.001054       -0.004810       -0.000927        0.000658       -0.002479       -0.024413        0.533160        0.123186        0.001723               0               0               0               0               0               0
Ystar(-1)                   0.068622       -0.021218       -0.015851        0.018169        0.002780        0.385490       -0.167565        1.483491        0.402452        0.176485       -0.065210       -0.191886        0.285199       -1.885279               0               0
Rstar(-1)                   0.425856       -0.117688       -0.117927        0.138907        0.019427        0.150422        1.518048        7.657810        0.399680       -0.807650        0.316291        0.728845       -1.040903        9.749640               0               0
PIstar(-1)                  0.113410       -0.017786       -0.051215        0.043523        0.005716       -0.105987       -0.264970        1.750393        0.481020        0.741390       -0.044500       -0.733381        0.496866       -4.386916               0               0
Za(-1)                     -0.183475        0.115765       -1.834125       -0.373278       -0.034426       -0.015722       -0.235955        2.418129       -3.047864        0.715596        0.852008       -0.330680        0.906716        3.801117               0               0
Zpi(-1)                     0.062601        0.037939        0.197139       -0.291134       -0.023045        0.013150        0.088401        0.440759        0.194042        0.045046               0               0               0               0               0               0
Znw(-1)                    -0.048510       -0.150215        0.011924       -0.061669       -0.006024        0.010328        0.094812        0.867147       -0.834728        0.061320        0.235195        0.016698        1.018246        1.645458               0               0
Zpif(-1)                    0.053132       -0.037988       -0.059864        0.068786        0.006701       -0.061764       -0.628610        0.750889        0.164691       -0.008464               0               0               0               0               0               0
Zx(-1)                      0.040377        0.010388        0.014710       -0.018418       -0.000784        0.809688       -0.319142        1.103490        0.117437        0.110629        0.002652       -0.099388        0.074888        0.817355               0               0
Zg(-1)                      0.138246       -0.026307       -0.035670        0.003615        0.002858       -0.003296       -0.028290       -0.077978        0.253289       -0.066687        0.060221        0.066199       -0.083948       -0.504780               0               0
Zw(-1)                      0.000304       -0.001679        0.013986        0.007344        0.000616       -0.000118        0.000064       -0.041776        0.490250       -0.197685       -0.168160        0.188360       -0.141232       -0.939278               0               0
Zcp(-1)                     0.767114       -0.173371       -0.241818        0.237685        0.033952        0.264213        2.820660       13.545204        0.854653       -1.378340        0.523458        1.255124       -1.811139       16.948175               0               0
Zmc(-1)                    -0.039892       -0.018895       -0.016761        0.107165        0.008171       -0.002587       -0.009744       -0.467856       -0.123652       -0.068167               0               0               0               0               0               0
Zq(-1)                      0.083660       -0.007787       -0.018515        0.015855        0.002866        0.032435        0.343530        1.389806        0.327212       -0.439947       -0.023333        0.440578       -0.199924        1.144031               0               0
r(-1)                              0               0               0               0               0               0               0               0        0.130789        0.002629       -0.044948       -0.002602       -0.219177       -0.250486               0               0
nw(-1)                             0               0               0               0               0               0               0               0       -0.215346       -0.004329        0.074008        0.004284        0.360880        0.412429               0               0
k(-1)                              0               0               0               0               0               0               0               0       -0.364775        0.111961        0.125362       -0.110791       -0.440974        0.474174               0               0
x(-1)                              0               0               0               0               0               0               0               0       -0.017277       -0.068497        0.005938        0.067781       -0.027177        1.032660               0               0
rf(-1)                             0               0               0               0               0               0               0               0        0.012113        0.006070       -0.004163       -0.006006        0.009600        0.887931               0               0
f(-1)                              0               0               0               0               0               0               0               0        0.012113        0.006070       -0.004163       -0.006006        0.009600        0.887931               0               0
kt(-1)                             0               0               0               0               0               0               0               0               0               0               0               0               0               0        0.235472       -0.026899
C(-1)                       0.344654        0.633110       -0.085064        0.012763        0.007438       -0.001136        0.003813       -1.051564        1.068315       -0.000363               0               0               0               0               0               0
dZtr(-1)                    0.651674       -0.014928        4.463096        0.701289        0.070357       -0.325828        0.911188       -5.894571        3.891765       -1.043911       -0.643276        0.285169       -0.346037       -4.500983       -0.887471       -0.002444
Pk(-1)                      0.009634        0.073695       -0.114151        0.026896        0.002414       -0.006314       -0.060626       -0.317574        0.029863       -0.035581               0               0               0               0               0               0
I(-1)                       0.070718       -0.009838        0.724988        0.001537        0.001436        0.003888        0.043476       -0.940330        0.219202        0.003557               0               0               0               0               0               0
dPh(-1)                    -0.117694       -0.059330       -0.088483        0.245214        0.018208       -0.003887       -0.002173       -1.143492       -0.364812       -0.040153               0               0               0               0               0               0
dPcf(-1)                    0.045538       -0.011059       -0.016499        0.029100        0.003262       -0.005056       -0.045754        0.673604        0.141152        0.013052               0               0               0               0               0               0
dPif(-1)                    0.010155       -0.000355       -0.001561       -0.000336        0.000160       -0.000861       -0.008620        0.136718        0.031477        0.000455               0               0               0               0               0               0
Zi(-1)                      0.016847       -0.005899        0.051164       -0.016769       -0.001082        0.001191        0.010123        0.000770       -0.079565        0.009659        0.045290        0.012083        0.273836       -0.116786               0               0
Zc(-1)                      0.094807        0.172517       -0.004470        0.019858        0.003405       -0.000711       -0.000242       -0.364327        0.680978       -0.150176       -0.133036        0.129739       -0.277944       -1.357158               0               0
c(-1)                              0               0               0               0               0               0               0               0       -0.383079       -0.222423        0.131652        0.220100       -0.239973       -2.313621               0               0
i(-1)                              0               0               0               0               0               0               0               0       -0.080111       -0.051056        0.027532        0.050523        0.718161       -1.216137               0               0
pk(-1)                             0               0               0               0               0               0               0               0        0.346135        0.006959       -0.118956       -0.006886       -0.580057       -0.662915               0               0
ct(-1)                             0               0               0               0               0               0               0               0               0               0               0               0               0               0        0.040144        0.001412
er                         -2.331785       -1.781880       -6.256482       -0.704734        0.898272       -0.460425       -2.903044       -4.604252       -7.227769        1.696225               0               0               0               0               0               0
ea                         -0.193969        0.122386       -1.939026       -0.394627       -0.036395       -0.016621       -0.249450        2.556432       -3.222184        0.756524        0.900738       -0.349593        0.958575        4.018519               0               0
etr                         0.796668       -0.018250        5.456108        0.857321        0.086011       -0.398323        1.113922       -7.206077        4.757658       -1.276175       -0.786400        0.348618       -0.423028       -5.502424       -1.084928       -0.002988
ei                          0.018168       -0.006361        0.055176       -0.018084       -0.001167        0.001285        0.010917        0.000830       -0.085803        0.010416        0.048841        0.013030        0.295304       -0.125942               0               0
ec                          0.137362        0.249952       -0.006477        0.028772        0.004933       -0.001030       -0.000351       -0.527857        0.986638       -0.217583       -0.192751        0.187973       -0.402701       -1.966325               0               0
epi                         0.194171        0.117677        0.611472       -0.903021       -0.071478        0.040788        0.274197        1.367119        0.601866        0.139720               0               0               0               0               0               0
enw                        -0.060781       -0.188216        0.014940       -0.077270       -0.007548        0.012941        0.118797        1.086515       -1.045894        0.076833        0.294694        0.020922        1.275838        2.061719               0               0
epif                        0.056978       -0.040738       -0.064198        0.073765        0.007186       -0.066235       -0.674113        0.805242        0.176612       -0.009077               0               0               0               0               0               0
ex                          0.048056        0.012363        0.017508       -0.021922       -0.000933        0.963685       -0.379840        1.313366        0.139773        0.131669        0.003157       -0.118291        0.089131        0.972810               0               0
eg                          0.171692       -0.032671       -0.044299        0.004489        0.003550       -0.004093       -0.035134       -0.096844        0.314567       -0.082821        0.074790        0.082214       -0.104257       -0.626900               0               0
eystar                      0.031912       -0.015072        0.000127        0.003569        0.000887        0.490878       -0.217924        0.953616        0.346920        0.067961       -0.085231       -0.084649        0.276496       -1.697036               0               0
erstar                      0.445521       -0.123725       -0.122487        0.145132        0.020308        0.153002        1.634759        8.017772        0.388587       -0.902462        0.341051        0.818662       -1.142115       10.659021               0               0
epistar                     0.221897       -0.037259       -0.096625        0.083691        0.011063       -0.150763       -0.443761        3.495226        0.908950        1.318630       -0.076000       -1.308033        0.883661       -7.728692               0               0
ecp                         0.845621       -0.191114       -0.266566        0.262010        0.037427        0.291253        3.109330       14.931439        0.942120       -1.519401        0.577030        1.383575       -1.996494       18.682675               0               0
ew                          0.000648       -0.003585        0.029860        0.015679        0.001315       -0.000253        0.000137       -0.089188        1.046649       -0.422044       -0.359010        0.402134       -0.301519       -2.005290               0               0
emc                        -0.079784       -0.037789       -0.033522        0.214330        0.016342       -0.005174       -0.019488       -0.935713       -0.247305       -0.136334               0               0               0               0               0               0
eq                          0.278866       -0.025957       -0.061716        0.052850        0.009553        0.108117        1.145101        4.632686        1.090706       -1.466490       -0.077776        1.468592       -0.666414        3.813435               0               0


THEORETICAL MOMENTS

VARIABLE      MEAN    STD. DEV.   VARIANCE 
Y              1.1313     0.0131     0.0002
C              0.6061     0.0120     0.0001
I             -0.7266     0.0239     0.0006
dP             0.0000     0.0031     0.0000
R              0.0105     0.0016     0.0000
X              0.0175     0.0057     0.0000
S              0.1671     0.0389     0.0015
F             -1.9908     2.5187     6.3438
Ygap           0.1899     0.0503     0.0025
Rgap           0.0000     0.0156     0.0002
y              1.0681     0.0172     0.0003
r              0.0105     0.0152     0.0002
i             -0.9102     0.0764     0.0058
f             -2.1025     3.0975     9.5943
yt             1.3422     0.0000     0.0000
rt             0.0105     0.0000     0.0000



VARIANCE DECOMPOSITION (in percent)

           er       ea      etr       ei       ec      epi      enw      epif      ex       eg      epr     eystar   erstar  epistar    ecp       ew      emc      epx       eq   
Y          0.00     0.00     0.00     0.00     0.00     0.00     0.00     0.00     0.00     0.00     0.00     0.00     0.00     0.00   100.00     0.00     0.00     0.00     0.00
C          0.00     0.00     0.00     0.00     0.00     0.00     0.00     0.00     0.00     0.00     0.00     0.00     0.00     0.00   100.00     0.00     0.00     0.00     0.00
I          0.00     0.00     0.00     0.00     0.00     0.00     0.00     0.00     0.00     0.00     0.00     0.00     0.00     0.00   100.00     0.00     0.00     0.00     0.00
dP         0.00     0.00     0.00     0.00     0.00     0.00     0.00     0.00     0.00     0.00     0.00     0.00     0.00     0.00   100.00     0.00     0.00     0.00     0.00
R          0.00     0.00     0.00     0.00     0.00     0.00     0.00     0.00     0.00     0.00     0.00     0.00     0.00     0.00   100.00     0.00     0.00     0.00     0.00
X          0.00     0.00     0.00     0.00     0.00     0.00     0.00     0.00     0.00     0.00     0.00     0.00     0.00     0.00   100.00     0.00     0.00     0.00     0.00
S          0.00     0.00     0.00     0.00     0.00     0.00     0.00     0.00     0.00     0.00     0.00     0.00     0.00     0.00   100.00     0.00     0.00     0.00     0.00
F          0.00     0.00     0.00     0.00     0.00     0.00     0.00     0.00     0.00     0.00     0.00     0.00     0.00     0.00   100.00     0.00     0.00     0.00     0.00
Ygap       0.00     0.00     0.00     0.00     0.00     0.00     0.00     0.00     0.00     0.00     0.00     0.00     0.00     0.00   100.00     0.00     0.00     0.00     0.00
Rgap       0.00     0.00     0.00     0.00     0.00     0.00     0.00     0.00     0.00     0.00     0.00     0.00     0.00     0.00   100.00     0.00     0.00     0.00     0.00
y          0.00     0.00     0.00     0.00     0.00     0.00     0.00     0.00     0.00     0.00     0.00     0.00     0.00     0.00   100.00     0.00     0.00     0.00     0.00
r          0.00     0.00     0.00     0.00     0.00     0.00     0.00     0.00     0.00     0.00     0.00     0.00     0.00     0.00   100.00     0.00     0.00     0.00     0.00
i          0.00     0.00     0.00     0.00     0.00     0.00     0.00     0.00     0.00     0.00     0.00     0.00     0.00     0.00   100.00     0.00     0.00     0.00     0.00
f          0.00     0.00     0.00     0.00     0.00     0.00     0.00     0.00     0.00     0.00     0.00     0.00     0.00     0.00   100.00     0.00     0.00     0.00     0.00
yt         0.00     0.00   100.00     0.00     0.00     0.00     0.00     0.00     0.00     0.00     0.00     0.00     0.00     0.00     0.00     0.00     0.00     0.00     0.00
rt         0.00     0.00   100.00     0.00     0.00     0.00     0.00     0.00     0.00     0.00     0.00     0.00     0.00     0.00     0.00     0.00     0.00     0.00     0.00



MATRIX OF CORRELATIONS

Variables      Y       C       I      dP       R       X       S       F     Ygap    Rgap      y       r       i       f   
Y            1.0000 -0.4517 -0.4880  0.7714  0.5558  0.9249  0.9549 -0.0368  0.4095 -0.8811  0.3988  0.8984 -0.4664 -0.0439
C           -0.4517  1.0000  0.8308 -0.0353 -0.9631 -0.7490 -0.5874 -0.2514 -0.1456  0.3420 -0.2197 -0.4858  0.7084 -0.2183
I           -0.4880  0.8308  1.0000 -0.0523 -0.7349 -0.7315 -0.5657  0.1078 -0.0301  0.2849 -0.3652 -0.3928  0.5057  0.1433
dP           0.7714 -0.0353 -0.0523  1.0000  0.1012  0.5492  0.7720 -0.2916  0.0408 -0.8772  0.5842  0.7831  0.0128 -0.2847
R            0.5558 -0.9631 -0.7349  0.1012  1.0000  0.8144  0.6638  0.4345  0.3795 -0.4567  0.0690  0.6075 -0.8449  0.4066
X            0.9249 -0.7490 -0.7315  0.5492  0.8144  1.0000  0.9408  0.0996  0.4057 -0.7763  0.3418  0.8553 -0.6703  0.0798
S            0.9549 -0.5874 -0.5657  0.7720  0.6638  0.9408  1.0000  0.0312  0.3409 -0.9379  0.4313  0.9643 -0.5413  0.0183
F           -0.0368 -0.2514  0.1078 -0.2916  0.4345  0.0996  0.0312  1.0000  0.7620 -0.0891 -0.7957  0.2075 -0.7680  0.9992
Ygap         0.4095 -0.1456 -0.0301  0.0408  0.3795  0.4057  0.3409  0.7620  1.0000 -0.3715 -0.6733  0.4601 -0.7735  0.7650
Rgap        -0.8811  0.3420  0.2849 -0.8772 -0.4567 -0.7763 -0.9379 -0.0891 -0.3715  1.0000 -0.3407 -0.9818  0.4379 -0.0864
y            0.3988 -0.2197 -0.3652  0.5842  0.0690  0.3418  0.4313 -0.7957 -0.6733 -0.3407  1.0000  0.2657  0.3995 -0.8045
r            0.8984 -0.4858 -0.3928  0.7831  0.6075  0.8553  0.9643  0.2075  0.4601 -0.9818  0.2657  1.0000 -0.5908  0.2001
i           -0.4664  0.7084  0.5057  0.0128 -0.8449 -0.6703 -0.5413 -0.7680 -0.7735  0.4379  0.3995 -0.5908  1.0000 -0.7489
f           -0.0439 -0.2183  0.1433 -0.2847  0.4066  0.0798  0.0183  0.9992  0.7650 -0.0864 -0.8045  0.2001 -0.7489  1.0000



COEFFICIENTS OF AUTOCORRELATION

Order      1       2       3       4       5   
Y        0.7914  0.5053  0.2413  0.0416 -0.0894
C        0.9673  0.8831  0.7666  0.6360  0.5053
I        0.9677  0.8793  0.7499  0.5966  0.4352
dP       0.5878  0.1948 -0.0409 -0.1510 -0.1847
R        0.9540  0.8471  0.7123  0.5731  0.4434
X        0.8677  0.6562  0.4460  0.2671  0.1266
S        0.7034  0.4726  0.2970  0.1659  0.0701
F        0.9921  0.9701  0.9369  0.8954  0.8483
Ygap     0.9617  0.8804  0.8035  0.7478  0.7140
Rgap     0.5104  0.2332  0.0828  0.0053 -0.0313
y        0.9264  0.8711  0.8260  0.7870  0.7521
r        0.5953  0.3582  0.2145  0.1251  0.0683
i        0.9600  0.8769  0.7737  0.6649  0.5591
f        0.9928  0.9727  0.9424  0.9043  0.8606
Loading 55 observations from data_201444_cpi_call.xls

Initial value of the log posterior (or likelihood): -1764257.6181
-----------------
-----------------
f at the beginning of new iteration,   1764257.6181085885
Predicted improvement: 953430053187.039920000
lambda =          1; f =      2276148.1313356
lambda =    0.33333; f =      1820762.9479651
lambda =    0.11111; f =      1770418.0472904
lambda =   0.037037; f =      1764904.9874550
lambda =   0.012346; f =      1764318.9207039
lambda =  0.0041152; f =      1764261.7849656
lambda =  0.0013717; f =      1764257.6918745
lambda = 0.00045725; f =         1885.8226199
lambda = 0.00015242; f =         2017.6181729
lambda = 5.0805e-05; f =         6352.3300299
lambda = 1.6935e-05; f =        31515.4384787
lambda =  5.645e-06; f =       133395.2552377
lambda = 1.8817e-06; f =       451780.9207010
Norm of dx      13809
----
Improvement on iteration 1 =  1762371.795488675
-----------------
-----------------
f at the beginning of new iteration,      1885.8226199138
Predicted improvement:     3384.686307968
lambda =          1; f =         1886.4746963
lambda =    0.33333; f =         1885.8902051
lambda =    0.11111; f =         1885.8286510
lambda =   0.037037; f =         1885.8229263
lambda =   0.012346; f =         1766.7739133
lambda =   0.023866; f =         1885.8226686
lambda =    0.01607; f =         1885.8226206
lambda =   0.012676; f =         1763.1390446
lambda =   0.014615; f =         1764.4290906
lambda =   0.016851; f =         1885.8226219
lambda =   0.015472; f =         1885.8226201
lambda =   0.014205; f =         1757.0906815
lambda =   0.014952; f =         1885.8226199
lambda =   0.014499; f =         1761.5164847
lambda =   0.014769; f =         1885.8226199
lambda =   0.014606; f =         1764.1834468
Norm of dx    0.82276
Cliff.  Perturbing search direction.
Predicted improvement:     5921.702555657
lambda =          1; f =         1887.8860638
lambda =    0.33333; f =         1886.0430345
lambda =    0.11111; f =         1885.8443494
lambda =   0.037037; f =         1885.8242469
lambda =   0.012346; f =         1885.8226529
lambda =  0.0041152; f =         1825.6942734
lambda =  0.0079555; f =         1885.8226202
lambda =  0.0053568; f =         1800.4636089
lambda =  0.0067914; f =         1764.8369298
lambda =  0.0086103; f =         1885.8226216
lambda =  0.0074677; f =         1752.5174952
lambda =  0.0081336; f =         1885.8226205
lambda =  0.0077272; f =         1885.8226200
lambda =  0.0074932; f =         1885.8226199
Norm of dx     1.4524
Cliff again.  Try traversing
Predicted improvement:  3527510.814247767
lambda =          1; f =       166052.4981503
lambda =    0.33333; f =        20042.3326072
lambda =    0.11111; f =         3892.1505016
lambda =   0.037037; f =         2106.8199957
lambda =   0.012346; f =         1910.0240879
lambda =  0.0041152; f =         1888.4796604
lambda =  0.0013717; f =         1886.1095566
lambda = 0.00045725; f =         1885.8519116
lambda = 0.00015242; f =         1885.8251019
lambda = 5.0805e-05; f =         1885.8227252
lambda = 1.6935e-05; f =         1926.0686630
lambda =  5.645e-06; f =         1922.6611669
lambda = 1.8817e-06; f =         1903.5984130
lambda = 6.2723e-07; f =         1892.7009233
lambda = 2.0908e-07; f =         1888.2426267
lambda = 6.9692e-08; f =         1886.6443712
lambda = 2.3231e-08; f =         1886.0982497
lambda = 7.7435e-09; f =         1885.9146882
lambda = 2.5812e-09; f =         1885.8533307
lambda =
  -6.2723e-07
lambda = -6.2723e-07; f =         1877.6783244
Norm of dx     2656.1
----
Improvement on iteration 2 =      133.305124755
back and forth on step length never finished
-----------------
-----------------
f at the beginning of new iteration,      1752.5174951592
Predicted improvement:     3384.686307968
lambda =          1; f =         1753.1870231
lambda =    0.33333; f =         1752.5907722
lambda =    0.11111; f =         1752.5253029
lambda =   0.037037; f =         1752.5182765
lambda =   0.012346; f =         1752.5175646
lambda =  0.0041152; f =         1752.5175009
lambda =  0.0013717; f =         1752.5174958
lambda = 0.00045725; f =         1752.5174952
lambda = 0.00015242; f =         1752.5174952
lambda = 5.0805e-05; f =         1752.5174952
lambda = 1.6935e-05; f =         1752.5161855
Norm of dx    0.82276
----
Improvement on iteration 3 =        0.001309690
-----------------
-----------------
f at the beginning of new iteration,      1752.5161854691
Predicted improvement:     4267.678560099
lambda =          1; f =         1752.9635749
lambda =    0.33333; f =         1752.5651082
lambda =    0.11111; f =         1752.5213756
lambda =   0.037037; f =         1752.5166840
lambda =   0.012346; f =         1752.5162186
lambda =  0.0041152; f =         1752.5161855
lambda =  0.0013717; f =         1757.0370237
lambda = 0.00045725; f =         1751.2947307
Norm of dx    0.92387
----
Improvement on iteration 4 =        1.221454795
-----------------
-----------------
f at the beginning of new iteration,      1751.2947306745
Predicted improvement:     4664.327521847
lambda =          1; f =         1752.9987661
lambda =    0.33333; f =         1751.4825027
lambda =    0.11111; f =         1751.3151564
lambda =   0.037037; f =         1751.2968603
lambda =   0.012346; f =         1751.2949236
lambda =  0.0041152; f =         1751.2947405
lambda =  0.0013717; f =         1773.9026279
lambda = 0.00045725; f =         1748.4933071
Norm of dx     1.3972
----
Improvement on iteration 5 =        2.801423597
-----------------
-----------------
f at the beginning of new iteration,      1748.4933070773
Predicted improvement:      145.929528375
lambda =          1; f =         1748.4937454
lambda =    0.33333; f =         1748.4933074
lambda =    0.11111; f =         1748.4933071
lambda =   0.037037; f =         1759.8695899
lambda =   0.012346; f =         1749.0108384
lambda =  0.0041152; f =         1747.8662407
Norm of dx    0.17595
----
Improvement on iteration 6 =        0.627066360
-----------------
-----------------
f at the beginning of new iteration,      1747.8662407178
Predicted improvement:       18.381847306
lambda =          1; f =         1747.8667904
lambda =    0.33333; f =         1747.8662412
lambda =    0.11111; f =         1743.7493857
lambda =     0.2148; f =         1740.4603473
lambda =    0.41524; f =         1747.8662492
lambda =     0.2796; f =         1742.6403571
Norm of dx   0.063284
----
Improvement on iteration 7 =        7.405893394
-----------------
-----------------
f at the beginning of new iteration,      1740.4603473237
Predicted improvement:       73.211375281
lambda =          1; f =         1740.4830200
lambda =    0.33333; f =         1740.4620924
lambda =    0.11111; f =         1740.4604187
lambda =   0.037037; f =         1739.8973846
lambda =   0.012346; f =         1738.7314074
lambda =   0.023866; f =         1737.5681737
lambda =   0.046138; f =         1740.4603474
lambda =   0.031067; f =         1737.7342533
Norm of dx    0.28388
----
Improvement on iteration 8 =        2.892173638
-----------------
-----------------
f at the beginning of new iteration,      1737.5681736854
Predicted improvement:       55.907043647
lambda =          1; f =         1737.5764086
lambda =    0.33333; f =         1737.5686707
lambda =    0.11111; f =         1737.5681746
lambda =   0.037037; f =         1733.4697185
lambda =   0.071599; f =         1730.2079479
lambda =    0.13841; f =         1737.5681864
lambda =     0.0932; f =         1732.7781097
Norm of dx    0.23791
----
Improvement on iteration 9 =        7.360225775
-----------------
-----------------
f at the beginning of new iteration,      1730.2079479101
Predicted improvement:       37.368241348
lambda =          1; f =         1730.2088156
lambda =    0.33333; f =         1730.2079479
lambda =    0.11111; f =         1722.5380311
lambda =     0.2148; f =         1730.2079479
lambda =    0.14463; f =         1730.2079479
lambda =    0.11408; f =         1722.3488613
lambda =    0.13154; f =         1721.2517965
lambda =    0.15166; f =         1730.2079479
lambda =    0.13924; f =         1720.7755319
lambda =    0.14657; f =         1730.2079479
lambda =    0.14213; f =         1720.5986040
lambda =    0.14478; f =         1730.2079479
lambda =    0.14318; f =         1730.2079479
Norm of dx     0.1854
Cliff.  Perturbing search direction.
Predicted improvement:       42.169430802
lambda =          1; f =         1730.2090766
lambda =    0.33333; f =         1730.2079479
lambda =    0.11111; f =         1721.7013340
lambda =     0.2148; f =         1730.2079479
lambda =    0.14463; f =         1730.2079479
lambda =    0.11408; f =         1721.4940441
lambda =    0.13154; f =         1720.2930604
lambda =    0.15166; f =         1730.2079479
lambda =    0.13924; f =         1730.2079479
lambda =    0.13229; f =         1720.2420463
lambda =    0.13642; f =         1719.9624655
lambda =    0.14068; f =         1730.2079479
lambda =    0.13811; f =         1730.2079479
lambda =    0.13659; f =         1719.9511371
Norm of dx    0.20441
Cliff again.  Try traversing
Predicted improvement:    44675.412525162
lambda =          1; f =        29622.1643535
lambda =    0.33333; f =         4711.5455845
lambda =    0.11111; f =         2035.1783606
lambda =   0.037037; f =         1757.9155694
lambda =   0.012346; f =         1732.2283515
lambda =  0.0041152; f =         1730.2781505
lambda =  0.0013717; f =         1730.2089794
lambda = 0.00045725; f =         1704.8238622
Norm of dx     298.92
----
Improvement on iteration 10 =       25.384085722
-----------------
-----------------
f at the beginning of new iteration,      1704.8238621880
Predicted improvement:       35.714270250
lambda =          1; f =         1704.8258480
lambda =    0.33333; f =         1704.8240171
lambda =    0.11111; f =         1704.8238652
lambda =   0.037037; f =         1703.0430521
Norm of dx    0.21895
----
Improvement on iteration 11 =        1.780810042
-----------------
-----------------
f at the beginning of new iteration,      1703.0430521457
Predicted improvement:      101.749397052
lambda =          1; f =         1703.0430646
lambda =    0.33333; f =         1703.0430522
lambda =    0.11111; f =         1703.0430521
lambda =   0.037037; f =         1695.8552497
lambda =   0.071599; f =         1689.8024418
lambda =    0.13841; f =         1703.0430521
lambda =     0.0932; f =         1703.0430521
lambda =   0.073512; f =         1689.4868820
lambda =   0.084761; f =         1703.0430521
lambda =    0.07782; f =         1688.7839275
lambda =   0.081913; f =         1688.1261179
lambda =   0.086221; f =         1703.0430521
lambda =    0.08361; f =         1687.8562926
lambda =   0.085167; f =         1703.0430521
lambda =   0.084229; f =         1687.7582171
Norm of dx    0.62816
Cliff.  Perturbing search direction.
Predicted improvement:      117.328642239
lambda =          1; f =         1703.0430756
lambda =    0.33333; f =         1703.0430522
lambda =    0.11111; f =         1703.0430521
lambda =   0.037037; f =         1694.7873985
lambda =   0.071599; f =         1687.8963623
lambda =    0.13841; f =         1703.0430521
lambda =     0.0932; f =         1703.0430521
lambda =   0.073512; f =         1687.5390535
lambda =   0.084761; f =         1703.0430521
lambda =    0.07782; f =         1686.7439272
lambda =   0.081913; f =         1686.0009581
lambda =   0.086221; f =         1703.0430521
lambda =    0.08361; f =         1685.6930239
lambda =   0.085167; f =         1703.0430521
lambda =   0.084229; f =         1703.0430521
Norm of dx    0.71218
Cliff again.  Try traversing
Predicted improvement:    34932.698795784
lambda =          1; f =        26104.3531630
lambda =    0.33333; f =         4346.8074544
lambda =    0.11111; f =         1975.8615093
lambda =   0.037037; f =         1727.4330734
lambda =   0.012346; f =         1704.2875597
lambda =  0.0041152; f =         1703.0432396
lambda =  0.0013717; f =         1703.0469316
lambda = 0.00045725; f =         1671.4580785
lambda = 0.00088394; f =         1654.4964157
lambda =  0.0017088; f =         1703.0606248
lambda =  0.0011506; f =         1703.0433141
lambda = 0.00090756; f =         1653.9622357
lambda =  0.0010464; f =         1651.8381835
lambda =  0.0012065; f =         1703.0438275
lambda =  0.0011078; f =         1703.0431047
lambda =  0.0010524; f =         1651.7889676
Norm of dx     264.32
----
Improvement on iteration 12 =       51.254084559
warning: possible inaccuracy in H matrix
-----------------
-----------------
f at the beginning of new iteration,      1651.7889675865
Predicted improvement:       27.050862600
lambda =          1; f =         1651.7891764
lambda =    0.33333; f =         1651.7923925
lambda =    0.11111; f =         1651.7892447
lambda =   0.037037; f =         1651.7889748
lambda =   0.012346; f =         1651.1301831
lambda =   0.023866; f =         1651.7889676
lambda =    0.01607; f =         1650.9351204
lambda =   0.020374; f =         1650.7118529
lambda =   0.025831; f =         1651.7889679
lambda =   0.022403; f =         1650.6074111
lambda =   0.024401; f =         1651.7889677
lambda =   0.023182; f =         1651.7889676
lambda =    0.02248; f =         1650.6034732
lambda =   0.022898; f =         1651.7889676
lambda =   0.022646; f =         1650.5949238
Norm of dx    0.23864
Cliff.  Perturbing search direction.
Predicted improvement:       34.576007654
lambda =          1; f =         1651.7893166
lambda =    0.33333; f =         1651.7889677
lambda =    0.11111; f =         1651.7892797
lambda =   0.037037; f =         1651.7889768
lambda =   0.012346; f =         1650.9473403
lambda =   0.023866; f =         1651.7889678
lambda =    0.01607; f =         1650.6982779
lambda =   0.020374; f =         1650.4132786
lambda =   0.025831; f =         1651.7889682
lambda =   0.022403; f =         1651.7889676
lambda =   0.020569; f =         1650.4004825
lambda =    0.02165; f =         1650.3293576
lambda =   0.022789; f =         1651.7889676
lambda =   0.022099; f =         1651.7889676
lambda =   0.021695; f =         1650.3264401
lambda =   0.021936; f =         1651.7889676
Norm of dx    0.27142
Cliff again.  Try traversing
Predicted improvement:    54790.571088366
lambda =          1; f =       109220.3099249
lambda =    0.33333; f =        13433.1229644
lambda =    0.11111; f =         2910.1242214
lambda =   0.037037; f =         1776.8056682
lambda =   0.012346; f =         1661.9834651
lambda =  0.0041152; f =         1652.2119350
lambda =  0.0013717; f =         1651.7910051
lambda = 0.00045725; f =         1651.7889850
lambda = 0.00015242; f =         1636.9190042
lambda = 0.00029465; f =         1635.2132560
Norm of dx     331.03
----
Improvement on iteration 13 =       16.575711607
-----------------
-----------------
f at the beginning of new iteration,      1635.2132559794
Predicted improvement:      176.545278511
lambda =          1; f =         1635.3798524
lambda =    0.33333; f =         1635.2141383
lambda =    0.11111; f =         1624.8236999
lambda =   0.037037; f =         1626.5890970
Norm of dx    0.87417
----
Improvement on iteration 14 =       10.389556035
-----------------
-----------------
f at the beginning of new iteration,      1624.8236999443
Predicted improvement:       51.393582212
lambda =          1; f =         1624.8237646
lambda =    0.33333; f =         1624.8245470
lambda =    0.11111; f =         1624.8237015
lambda =   0.037037; f =         1622.5900948
Norm of dx     0.2218
----
Improvement on iteration 15 =        2.233605180
-----------------
-----------------
f at the beginning of new iteration,      1622.5900947646
Predicted improvement:       20.933389401
lambda =          1; f =         1622.6044318
lambda =    0.33333; f =         1622.5912896
lambda =    0.11111; f =         1622.5901329
lambda =   0.037037; f =         1621.1038400
lambda =   0.071599; f =         1622.5900960
lambda =   0.048211; f =         1620.6808947
lambda =   0.061123; f =         1620.2067131
lambda =   0.077493; f =         1622.5900983
lambda =   0.067209; f =         1622.5900951
lambda =   0.061706; f =         1620.1856719
lambda =   0.064951; f =         1622.5900948
lambda =   0.062984; f =         1622.5900948
lambda =   0.061832; f =         1620.1811049
lambda =   0.062521; f =         1620.1563068
lambda =   0.063217; f =         1622.5900948
Norm of dx    0.16122
Cliff.  Perturbing search direction.
Predicted improvement:       26.190951599
lambda =          1; f =         1622.6083559
lambda =    0.33333; f =         1622.5916707
lambda =    0.11111; f =         1622.5901570
lambda =   0.037037; f =         1620.7492751
lambda =   0.071599; f =         1622.5900997
lambda =   0.048211; f =         1620.2327567
lambda =   0.061123; f =         1622.5900953
lambda =   0.053011; f =         1620.0162857
lambda =   0.057739; f =         1622.5900948
lambda =   0.054854; f =         1619.9340496
lambda =   0.056567; f =         1622.5900948
lambda =   0.055533; f =         1619.9038702
lambda =   0.056151; f =         1622.5900948
Norm of dx    0.19955
Cliff again.  Try traversing
Predicted improvement:     9924.231023437
lambda =          1; f =        20794.0206894
lambda =    0.33333; f =         3705.2606863
lambda =    0.11111; f =         1839.9822253
lambda =   0.037037; f =         1642.7933994
lambda =   0.012346; f =         1623.9152143
lambda =  0.0041152; f =         1622.5941347
lambda =  0.0013717; f =         1616.3436139
lambda = 0.00045725; f =         1616.1691031
lambda = 0.00088394; f =         1614.9458829
Norm of dx     140.88
----
Improvement on iteration 16 =        7.644211832
-----------------
-----------------
f at the beginning of new iteration,      1614.9458829328
Predicted improvement:       14.163992879
lambda =          1; f =         1614.9460034
lambda =    0.33333; f =         1614.9459603
lambda =    0.11111; f =         1611.8593619
lambda =     0.2148; f =         1614.9458865
lambda =    0.14463; f =         1610.9517522
lambda =    0.18337; f =         1614.9458829
lambda =    0.15903; f =         1610.5651145
lambda =    0.17322; f =         1610.1862325
lambda =    0.18867; f =         1614.9458831
lambda =    0.17924; f =         1610.0259471
lambda =    0.18484; f =         1614.9458830
lambda =    0.18146; f =         1609.9669748
lambda =    0.18348; f =         1614.9458829
Norm of dx    0.16815
Cliff.  Perturbing search direction.
Predicted improvement:       21.470567204
lambda =          1; f =         1614.9461851
lambda =    0.33333; f =         1614.9462038
lambda =    0.11111; f =         1610.3766507
lambda =     0.2148; f =         1614.9459431
lambda =    0.14463; f =         1614.9458860
lambda =    0.11408; f =         1610.2602329
lambda =    0.13154; f =         1614.9458833
lambda =    0.12077; f =         1609.9991490
lambda =    0.12712; f =         1614.9458830
lambda =    0.12327; f =         1609.9018527
lambda =    0.12556; f =         1614.9458829
lambda =    0.12418; f =         1609.8663883
Norm of dx    0.20472
Cliff again.  Try traversing
Predicted improvement:      106.018778934
lambda =          1; f =         1621.4855276
lambda =    0.33333; f =         1615.0929619
lambda =    0.11111; f =         1614.9460247
lambda =   0.037037; f =         1825.0619696
lambda =   0.012346; f =         1640.0254844
lambda =  0.0041152; f =         1616.8645674
lambda =  0.0013717; f =         1614.7903168
Norm of dx     14.562
----
Improvement on iteration 17 =        5.079494683
back and forth on step length never finished
-----------------
-----------------
f at the beginning of new iteration,      1609.8663882500
Predicted improvement:       14.163992879
lambda =          1; f =         1609.8666428
lambda =    0.33333; f =         1609.8667660
lambda =    0.11111; f =         1609.8664302
lambda =   0.037037; f =         1609.8663929
lambda =   0.012346; f =         1609.8663888
lambda =  0.0041152; f =         1609.8663883
lambda =  0.0013717; f =         1609.8663883
lambda = 0.00045725; f =         1609.8663883
lambda = 0.00015242; f =         1609.8663883
lambda = 5.0805e-05; f =         1609.8650534
Norm of dx    0.16815
----
Improvement on iteration 18 =        0.001334872
-----------------
-----------------
f at the beginning of new iteration,      1609.8650533782
Predicted improvement:     1194.125408974
lambda =          1; f =         1611.3699131
lambda =    0.33333; f =         1609.8668711
lambda =    0.11111; f =         1642.0865878
lambda =   0.037037; f =         1613.3834585
lambda =   0.012346; f =         1610.3936814
lambda =  0.0041152; f =         1609.9474632
lambda =  0.0013717; f =         1609.8809286
lambda = 0.00045725; f =         1609.8690073
lambda = 0.00015242; f =         1609.8662208
lambda = 5.0805e-05; f =         1609.8654257
lambda = 1.6935e-05; f =         1609.8651756
lambda =  5.645e-06; f =         1609.8650939
lambda = 1.8817e-06; f =         1609.8650669
lambda = 6.2723e-07; f =         1609.8650579
lambda = 2.0908e-07; f =         1609.8650549
lambda = 6.9692e-08; f =         1609.8650539
lambda = 2.3231e-08; f =         1609.8650535
lambda = 7.7435e-09; f =         1609.8650534
lambda = 2.5812e-09; f =         1609.8650534
lambda =
  -6.2723e-07
lambda = -6.2723e-07; f =         1609.8650534
lambda = -2.0908e-07; f =         1609.8650519
Norm of dx     1.8324
----
Improvement on iteration 19 =        0.000001492
-----------------
-----------------
f at the beginning of new iteration,      1609.8650518858
Predicted improvement:       12.619305674
lambda =          1; f =         1609.8655975
lambda =    0.33333; f =         1601.2421601
lambda =    0.64439; f =         1609.8651283
lambda =     0.4339; f =         1609.8650519
lambda =    0.34224; f =         1601.0663033
lambda =    0.39461; f =         1609.8650519
lambda =     0.3623; f =         1609.8650519
lambda =    0.34419; f =         1601.0313432
lambda =    0.35494; f =         1609.8650519
lambda =    0.34845; f =         1609.8650519
lambda =    0.34462; f =         1601.0239672
Norm of dx     0.1612
Cliff.  Perturbing search direction.
Predicted improvement:       16.377331238
lambda =          1; f =         1609.8665393
lambda =    0.33333; f =         1609.8650529
lambda =    0.11111; f =         1606.1357361
lambda =     0.2148; f =         1602.4422340
lambda =    0.41524; f =         1609.8650836
lambda =     0.2796; f =         1601.2323622
lambda =    0.35448; f =         1609.8650568
lambda =    0.30744; f =         1607.7223734
lambda =    0.28227; f =         1601.3514126
lambda =    0.29711; f =         1603.2223083
Norm of dx    0.18194
badg2 =
     0
----
Improvement on iteration 20 =        8.841084644
back and forth on step length never finished
-----------------
-----------------
f at the beginning of new iteration,      1601.0239672422
Predicted improvement:       12.619305674
lambda =          1; f =         1601.0255441
lambda =    0.33333; f =         1601.0240696
lambda =    0.11111; f =         1601.0239682
lambda =   0.037037; f =         1601.0239672
Norm of dx     0.1612
----
Improvement on iteration 21 =        0.000000000
improvement < crit termination
Objective function at mode: 1601.023967

POSTERIOR KERNEL OPTIMIZATION PROBLEM!
 (minus) the hessian matrix at the "mode" is not positive definite!
=> posterior variance of the estimated parameters are not positive.
You should try to change the initial values of the parameters using
the estimated_params_init block, or use another optimization routine.
[Warning: The results below are most likely wrong!] 
[> In <a href="matlab: opentoline('C:\dynare\4.4.3\matlab\dynare_estimation_1.m',694,1)">dynare_estimation_1 at 694</a>
  In <a href="matlab: opentoline('C:\dynare\4.4.3\matlab\dynare_estimation.m',89,1)">dynare_estimation at 89</a>
  In <a href="matlab: opentoline('C:\Users\0510203\Documents\GitHub\dsge\narkjc.m',1307,1)">narkjc at 1307</a>
  In <a href="matlab: opentoline('C:\dynare\4.4.3\matlab\dynare.m',180,1)">dynare at 180</a>] 

RESULTS FROM POSTERIOR ESTIMATION
parameters
       prior mean     mode    s.d. prior pstdev

ETA        1.400   1.3675  0.2178 gamm  0.2000 
PSIh       6.000   5.9981  1.9331 gamm  1.0000 
PSIf       6.000   6.0007  0.9488 gamm  1.0000 
PSIw       6.000   5.9888  1.0255 gamm  1.0000 
THETAh     0.600   0.8650  0.0002 beta  0.0500 
THETAf     0.600   0.5470  0.0203 beta  0.0500 
THETAw     0.600   0.4599  0.0468 beta  0.0500 
CHIc       0.500   0.5501  0.0000 norm  0.1000 
KAPPAi     4.000   4.0095  0.6244 norm  1.0000 
KAPPArp    0.300   0.1152  0.0279 beta  0.0500 
TAYLORr    0.800   0.5717  0.0435 beta  0.0500 
TAYLORy    0.200   0.2264  0.0407 beta  0.0500 
TAYLORpi   0.500   0.5808  0.0926 beta  0.1000 
IOTA       0.500   0.5361  0.0948 beta  0.1000 
PHIx       0.500   0.5210  0.1239 beta  0.1000 
XIh        0.500   0.5024  0.1007 gamm  0.1000 
ALPHAc     0.600   0.6003  0.0340 beta  0.1000 
ALPHAi     0.600   0.5884  0.0845 beta  0.1000 
XIc        2.000   2.0016  0.5350 gamm  0.5000 
XIi        2.000   1.9996  0.5355 gamm  0.5000 
ALPHAx     0.500   0.5065  0.0943 beta  0.1000 
XIx        2.500   2.5054  0.4787 gamm  0.5000 
GAMMA2     0.500   0.5041  0.0825 beta  0.1000 
UIPr       0.500   0.4895  0.0000 beta  0.1000 
PHIg       0.500   0.4860  0.0986 gamm  0.1000 
RHOa       0.800   0.8671  0.0126 beta  0.1000 
RHOc       0.800   0.7542  0.0000 beta  0.1000 
RHOtr      0.800   0.5985  0.0552 beta  0.1000 
RHOpi      0.800   0.8871  0.0413 beta  0.1000 
RHOi       0.800   0.8061  0.1194 beta  0.1000 
RHOnw      0.800   0.4196  0.0702 beta  0.1000 
RHOpif     0.800   0.8050  0.0931 beta  0.1000 
RHOx       0.800   0.8044  0.1202 beta  0.1000 
RHOpii     0.800   0.8058  0.1196 beta  0.1000 
RHOg       0.800   0.8037  0.1205 beta  0.1000 
RHOw       0.800   0.8069  0.1191 beta  0.1000 
RHOcp      0.800   0.7686  0.0000 beta  0.1000 
RHOmc      0.800   0.8497  0.0000 beta  0.1000 
RHOq       0.800   0.7702  0.0000 beta  0.1000 
a11        0.900   0.9132  0.0435 norm  0.1000 
a12        0.000  -0.0018  0.0956 norm  0.1000 
a13        0.000   0.0080  0.0967 norm  0.1000 
a21        0.000  -0.0136  0.0143 norm  0.1000 
a22        0.900   0.9059  0.0609 norm  0.1000 
a23        0.000   0.0107  0.0651 norm  0.1000 
a31        0.000   0.0308  0.0207 norm  0.1000 
a32        0.000  -0.0021  0.0825 norm  0.1000 
a33        0.600   0.6041  0.0823 norm  0.1000 

standard deviation of shocks
       prior mean     mode    s.d. prior pstdev

er         0.010   2.5840  0.0000 invg  2.0000 
ea         0.010   3.3621  0.0000 invg  2.0000 
ec         0.010   1.8178  0.0000 invg  2.0000 
etr        0.010   1.9681  0.0000 invg  2.0000 
epi        0.010   0.5092  0.0000 invg  2.0000 
ei         0.010   0.0041  0.0014 invg  2.0000 
enw        0.010   3.4364  0.0000 invg  2.0000 
epif       0.010   0.2990  0.0000 invg  2.0000 
ex         0.010   0.0048  0.0020 invg  2.0000 
eg         0.010   0.0034  0.0009 invg  2.0000 
emc        0.010   1.4762  0.0000 invg  2.0000 
eystar     0.010   0.0083  0.0008 invg  2.0000 
erstar     0.010   0.0016  0.0003 invg  2.0000 
epistar    0.010   0.0030  0.0003 invg  2.0000 
ew         0.010   0.0048  0.0020 invg  2.0000 
ecp        0.010   0.2097  0.0000 invg  2.0000 
epx        0.010   0.0090  0.0000 invg  2.0000 
eq         0.010   0.1924  0.0000 invg  2.0000 


Log data density [Laplace approximation] is -1719.955365.

{Error using <a href="matlab:helpUtils.errorDocCallback('chol')" style="font-weight:bold">chol</a>
Matrix must be positive definite.
Error in <a href="matlab:helpUtils.errorDocCallback('metropolis_hastings_initialization', 'C:\dynare\4.4.3\matlab\metropolis_hastings_initialization.m', 68)" style="font-weight:bold">metropolis_hastings_initialization</a> (<a href="matlab: opentoline('C:\dynare\4.4.3\matlab\metropolis_hastings_initialization.m',68,0)">line 68</a>)
d = chol(vv);
Error in <a href="matlab:helpUtils.errorDocCallback('random_walk_metropolis_hastings', 'C:\dynare\4.4.3\matlab\random_walk_metropolis_hastings.m', 62)" style="font-weight:bold">random_walk_metropolis_hastings</a> (<a href="matlab: opentoline('C:\dynare\4.4.3\matlab\random_walk_metropolis_hastings.m',62,0)">line 62</a>)
[ ix2, ilogpo2, ModelName, MetropolisFolder, fblck, fline, npar, nblck,
nruns, NewFile, MAX_nruns, d ] = ...
Error in <a href="matlab:helpUtils.errorDocCallback('dynare_estimation_1', 'C:\dynare\4.4.3\matlab\dynare_estimation_1.m', 782)" style="font-weight:bold">dynare_estimation_1</a> (<a href="matlab: opentoline('C:\dynare\4.4.3\matlab\dynare_estimation_1.m',782,0)">line 782</a>)
            feval(options_.posterior_sampling_method,objective_function,options_.proposal_distribution,xparam1,invhess,bounds,dataset_,options_,M_,estim_params_,bayestopt_,oo_);
            Error in <a href="matlab:helpUtils.errorDocCallback('dynare_estimation', 'C:\dynare\4.4.3\matlab\dynare_estimation.m', 89)" style="font-weight:bold">dynare_estimation</a> (<a href="matlab: opentoline('C:\dynare\4.4.3\matlab\dynare_estimation.m',89,0)">line 89</a>)
    dynare_estimation_1(var_list,dname);
Error in <a href="matlab:helpUtils.errorDocCallback('narkjc', 'C:\Users\0510203\Documents\GitHub\dsge\narkjc.m', 1307)" style="font-weight:bold">narkjc</a> (<a href="matlab: opentoline('C:\Users\0510203\Documents\GitHub\dsge\narkjc.m',1307,0)">line 1307</a>)
dynare_estimation(var_list_);
Error in <a href="matlab:helpUtils.errorDocCallback('dynare', 'C:\dynare\4.4.3\matlab\dynare.m', 180)" style="font-weight:bold">dynare</a> (<a href="matlab: opentoline('C:\dynare\4.4.3\matlab\dynare.m',180,0)">line 180</a>)
evalin('base',fname) ;} 
