Starting Dynare (version 4.4.3).
Starting preprocessing of the model file ...
Substitution of endo lags >= 2: added 3 auxiliary variables and equations.
Found 127 equation(s).
Evaluating expressions...done
Computing static model derivatives:
 - order 1
Computing dynamic model derivatives:
 - order 1
Processing outputs ...done
Preprocessing completed.
Starting MATLAB/Octave computing.

STEADY-STATE RESULTS:

Y                		 1.1313
C                		 0.606133
N                		 0.373798
R                		 0.0105005
W                		 0.178112
Rk               		 -2.81722
K                		 2.64834
dZtr             		 0.0095
dP               		 0
G                		 -0.478142
MC               		 -0.169133
Phstar           		 -0.0136114
X1               		 2.51636
X2               		 2.69833
SS               		 0.000725086
Q                		 0.0478393
F                		 -1.99081
Rf               		 0.0105005
S                		 0.167119
Pxf              		 1.7212e-06
Px               		 0.0893028
Pm               		 0.16712
X                		 0.0175014
PPx              		 4.00498e-07
PPm              		 4.00498e-07
Rw               		 0.0104577
Xh               		 -0.635976
Xf               		 -0.706177
dPx              		 0
Pk               		 2.23411e-11
I                		 -0.726646
Re               		 0.0348178
NW               		 2.16199
ut               		 0.0326059
Wstar            		 0.180116
X1w              		 1.74699
X1ww             		 4.16058
X2w              		 1.74621
X2ww             		 2.8433
Ch               		 0.510896
Cf               		 -1.31173
P                		 0.11928
Pcfstar          		 0.388392
dPh              		 0
dPcf             		 8.22311e-11
Pcf              		 0.392431
Pif              		 0.39243
X1f              		 -0.366425
X2f              		 -0.540092
Ih               		 -1.36801
If               		 -1.40937
Pi               		 0.242648
Pifstar          		 0.388392
dPi              		 0
dPif             		 4.49903e-07
X1if             		 -0.464067
X2if             		 -0.637734
M                		 0.00715412
Ystar            		 0
Rstar            		 0
PIstar           		 0
Za               		 0
Zi               		 0
Zc               		 0
Zpi              		 0
Znw              		 0
Zpif             		 0
Zx               		 0
Zg               		 0
Zw               		 0
Zcp              		 0
Zmc              		 6.454
Y_obs            		 0
R_obs            		 0
dP_obs           		 0
C_obs            		 0
Inv_obs          		 0
NN_obs           		 0
dPcf_obs         		 0.94
X_obs            		 0
dPi_obs          		 0
S_obs            		 0
Ystar_obs        		 0
Rstar_obs        		 0
Pistar_obs       		 0
W_obs            		 0
G_obs            		 0
SP_obs           		 0
dPx_obs          		 -0.258
dY               		 0
c                		 0.530931
r                		 0.0105005
w                		 -0.000395518
n                		 0.368761
ch               		 0.440053
cf               		 -1.4053
pcf              		 0.277796
ph               		 -0.120382
mc               		 -0.288733
mcf              		 0.0630706
q                		 0.0630706
ih               		 -1.54591
if               		 -1.59689
pi               		 0.125636
i                		 -0.910191
pif              		 0.277796
re               		 0.0348178
pk               		 2.23411e-11
rk               		 -2.81722
u                		 0.0326059
nw               		 1.97845
k                		 2.46479
y                		 1.06808
xh               		 -0.620187
g                		 -0.541362
x                		 0.0205737
px               		 -0.0225337
pxf              		 0.0630706
xf               		 -0.714692
rf               		 0.0105005
f                		 -2.10255
m                		 -0.0648994
Ygap             		 0.0632201
Rgap             		 0




Residuals of the static equations:

Equation number 1 : 0
Equation number 2 : 0
Equation number 3 : 0
Equation number 4 : 0
Equation number 5 : 0
Equation number 6 : 0
Equation number 7 : 0
Equation number 8 : 0
Equation number 9 : 0
Equation number 10 : 0
Equation number 11 : 0
Equation number 12 : 0
Equation number 13 : 0
Equation number 14 : 0
Equation number 15 : -8.2852e-07
Equation number 16 : 0
Equation number 17 : 0
Equation number 18 : 0
Equation number 19 : 0
Equation number 20 : 0
Equation number 21 : 0
Equation number 22 : 0
Equation number 23 : 0
Equation number 24 : 0
Equation number 25 : 0
Equation number 26 : 0
Equation number 27 : 0
Equation number 28 : 0
Equation number 29 : 0
Equation number 30 : 4.499e-07
Equation number 31 : 0
Equation number 32 : 0
Equation number 33 : 0
Equation number 34 : 0
Equation number 35 : 0
Equation number 36 : 0
Equation number 37 : 0
Equation number 38 : 0
Equation number 39 : 0
Equation number 40 : 0
Equation number 41 : 0
Equation number 42 : 0
Equation number 43 : 0
Equation number 44 : 0
Equation number 45 : 0
Equation number 46 : 0
Equation number 47 : 0
Equation number 48 : 0
Equation number 49 : 0
Equation number 50 : 2.0278e-06
Equation number 51 : 1.3207e-06
Equation number 52 : 0
Equation number 53 : 0
Equation number 54 : 4.005e-07
Equation number 55 : 4.005e-07
Equation number 56 : 1.2273e-07
Equation number 57 : 0
Equation number 58 : 0
Equation number 59 : 0
Equation number 60 : 0
Equation number 61 : 0
Equation number 62 : 0
Equation number 63 : 0
Equation number 64 : 0
Equation number 65 : 0
Equation number 66 : 0
Equation number 67 : 0
Equation number 68 : 0
Equation number 69 : 0
Equation number 70 : 0
Equation number 71 : 0
Equation number 72 : 0
Equation number 73 : 0
Equation number 74 : 0
Equation number 75 : 0
Equation number 76 : 0
Equation number 77 : 0
Equation number 78 : 0
Equation number 79 : 0
Equation number 80 : 0
Equation number 81 : 0
Equation number 82 : 0
Equation number 83 : 0
Equation number 84 : 0
Equation number 85 : 0
Equation number 86 : 5.5104e-07
Equation number 87 : 0
Equation number 88 : 0
Equation number 89 : -5.9339e-07
Equation number 90 : 0
Equation number 91 : 0
Equation number 92 : 0
Equation number 93 : 0
Equation number 94 : 0
Equation number 95 : 0
Equation number 96 : 0
Equation number 97 : 0
Equation number 98 : 0
Equation number 99 : 0
Equation number 100 : 0
Equation number 101 : 0
Equation number 102 : 0
Equation number 103 : 0
Equation number 104 : 0
Equation number 105 : 0
Equation number 106 : 0
Equation number 107 : 0
Equation number 108 : 0
Equation number 109 : 0
Equation number 110 : 0
Equation number 111 : 0
Equation number 112 : 0
Equation number 113 : 0
Equation number 114 : 0
Equation number 115 : 0
Equation number 116 : 0
Equation number 117 : 0
Equation number 118 : 0
Equation number 119 : 0
Equation number 120 : 0
Equation number 121 : 0
Equation number 122 : 0
Equation number 123 : 0
Equation number 124 : 0



EIGENVALUES:
         Modulus             Real        Imaginary

               0               -0                0
               0               -0                0
               0               -0                0
               0               -0                0
       8.153e-18        8.153e-18                0
       1.498e-17       -1.498e-17                0
       2.043e-17        2.043e-17                0
       2.438e-17       -2.438e-17                0
        3.58e-17         3.58e-17                0
       3.653e-17       -3.653e-17                0
       8.969e-17       -8.969e-17                0
       1.725e-16       -1.725e-16                0
       2.084e-15        2.084e-15                0
       2.093e-15       -2.093e-15                0
       2.435e-15        2.435e-15                0
          0.3135           0.3135                0
          0.3224           0.3224                0
          0.4021           0.3754            0.144
          0.4021           0.3754           -0.144
          0.4039           0.3759           0.1479
          0.4039           0.3759          -0.1479
          0.4378           0.4378                0
          0.4684           0.4684                0
          0.4903           0.4903                0
          0.5732           0.5732                0
          0.5792           0.5792                0
          0.6652           0.6652                0
          0.6902           0.6902                0
          0.7688           0.7424           0.1997
          0.7688           0.7424          -0.1997
           0.786            0.786                0
          0.7893           0.7893                0
          0.7943            0.793          0.04643
          0.7943            0.793         -0.04643
          0.7981           0.7981                0
          0.8052           0.8052                0
           0.818            0.818                0
          0.8336           0.8301          0.07622
          0.8336           0.8301         -0.07622
          0.8402           0.8402                0
          0.9023           0.9023                0
          0.9072           0.9072                0
          0.9083           0.9083                0
          0.9273           0.9273                0
          0.9325           0.9325                0
          0.9426           0.9426                0
          0.9459           0.9459                0
           0.959            0.959                0
           0.975            0.975                0
           1.065            1.063          0.06408
           1.065            1.063         -0.06408
           1.112            1.112                0
             1.2             1.17           0.2636
             1.2             1.17          -0.2636
           1.221            1.209           0.1664
           1.221            1.209          -0.1664
           1.267            1.267                0
           1.273            1.271          0.07151
           1.273            1.271         -0.07151
           1.406           -1.406                0
           1.856            1.856                0
           1.889            1.888          0.05563
           1.889            1.888         -0.05563
           1.907            1.903           0.1116
           1.907            1.903          -0.1116
       1.279e+17        1.279e+17                0
       5.921e+17       -5.921e+17                0
       6.253e+17       -6.253e+17                0
       2.354e+18       -2.354e+18                0
       3.513e+18        3.513e+18                0
       5.599e+18       -5.599e+18                0
       1.963e+19        1.963e+19                0
       1.151e+20       -1.151e+20                0
             Inf              Inf                0


There are 25 eigenvalue(s) larger than 1 in modulus 
for 25 forward-looking variable(s)

The rank condition is verified.


MODEL SUMMARY

  Number of variables:         127
  Number of stochastic shocks: 18
  Number of state variables:   49
  Number of jumpers:           25
  Number of static variables:  65


MATRIX OF COVARIANCE OF EXOGENOUS SHOCKS

Variables      er        ea        etr       ei        ec        epi       enw      epif       ex        eg        epr     eystar    erstar    epistar     ecp       ew        emc       epx   
er           0.000000  0.000000  0.000000  0.000000  0.000000  0.000000  0.000000  0.000000  0.000000  0.000000  0.000000  0.000000  0.000000  0.000000  0.000000  0.000000  0.000000  0.000000
ea           0.000000  0.000000  0.000000  0.000000  0.000000  0.000000  0.000000  0.000000  0.000000  0.000000  0.000000  0.000000  0.000000  0.000000  0.000000  0.000000  0.000000  0.000000
etr          0.000000  0.000000  0.000000  0.000000  0.000000  0.000000  0.000000  0.000000  0.000000  0.000000  0.000000  0.000000  0.000000  0.000000  0.000000  0.000000  0.000000  0.000000
ei           0.000000  0.000000  0.000000  0.000000  0.000000  0.000000  0.000000  0.000000  0.000000  0.000000  0.000000  0.000000  0.000000  0.000000  0.000000  0.000000  0.000000  0.000000
ec           0.000000  0.000000  0.000000  0.000000  0.000000  0.000000  0.000000  0.000000  0.000000  0.000000  0.000000  0.000000  0.000000  0.000000  0.000000  0.000000  0.000000  0.000000
epi          0.000000  0.000000  0.000000  0.000000  0.000000  0.000000  0.000000  0.000000  0.000000  0.000000  0.000000  0.000000  0.000000  0.000000  0.000000  0.000000  0.000000  0.000000
enw          0.000000  0.000000  0.000000  0.000000  0.000000  0.000000  0.000000  0.000000  0.000000  0.000000  0.000000  0.000000  0.000000  0.000000  0.000000  0.000000  0.000000  0.000000
epif         0.000000  0.000000  0.000000  0.000000  0.000000  0.000000  0.000000  0.000000  0.000000  0.000000  0.000000  0.000000  0.000000  0.000000  0.000000  0.000000  0.000000  0.000000
ex           0.000000  0.000000  0.000000  0.000000  0.000000  0.000000  0.000000  0.000000  0.000000  0.000000  0.000000  0.000000  0.000000  0.000000  0.000000  0.000000  0.000000  0.000000
eg           0.000000  0.000000  0.000000  0.000000  0.000000  0.000000  0.000000  0.000000  0.000000  0.000000  0.000000  0.000000  0.000000  0.000000  0.000000  0.000000  0.000000  0.000000
epr          0.000000  0.000000  0.000000  0.000000  0.000000  0.000000  0.000000  0.000000  0.000000  0.000000  0.000000  0.000000  0.000000  0.000000  0.000000  0.000000  0.000000  0.000000
eystar       0.000000  0.000000  0.000000  0.000000  0.000000  0.000000  0.000000  0.000000  0.000000  0.000000  0.000000  0.000000  0.000000  0.000000  0.000000  0.000000  0.000000  0.000000
erstar       0.000000  0.000000  0.000000  0.000000  0.000000  0.000000  0.000000  0.000000  0.000000  0.000000  0.000000  0.000000  0.000000  0.000000  0.000000  0.000000  0.000000  0.000000
epistar      0.000000  0.000000  0.000000  0.000000  0.000000  0.000000  0.000000  0.000000  0.000000  0.000000  0.000000  0.000000  0.000000  0.000000  0.000000  0.000000  0.000000  0.000000
ecp          0.000000  0.000000  0.000000  0.000000  0.000000  0.000000  0.000000  0.000000  0.000000  0.000000  0.000000  0.000000  0.000000  0.000000  0.000077  0.000000  0.000000  0.000000
ew           0.000000  0.000000  0.000000  0.000000  0.000000  0.000000  0.000000  0.000000  0.000000  0.000000  0.000000  0.000000  0.000000  0.000000  0.000000  0.000000  0.000000  0.000000
emc          0.000000  0.000000  0.000000  0.000000  0.000000  0.000000  0.000000  0.000000  0.000000  0.000000  0.000000  0.000000  0.000000  0.000000  0.000000  0.000000  0.000000  0.000000
epx          0.000000  0.000000  0.000000  0.000000  0.000000  0.000000  0.000000  0.000000  0.000000  0.000000  0.000000  0.000000  0.000000  0.000000  0.000000  0.000000  0.000000  0.000000

POLICY AND TRANSITION FUNCTIONS
                        Y               C               I               dP              R               X               Q               F               Ygap            Rgap            r               
Constant                    1.131296        0.606133       -0.726646               0        0.010501        0.017501        0.047839       -1.990806        0.063220               0        0.010501
R(-1)                      -2.189870       -1.648368       -5.928605       -0.652780        0.845917       -0.435507       -2.635099       -4.451217       -2.189870        1.582194               0
W(-1)                      -0.000631       -0.021179        0.093479        0.079273        0.006578       -0.001323        0.004858       -0.407524       -0.000631       -0.065544               0
K(-1)                      -0.078113        0.145253       -0.901201       -0.102997       -0.010008       -0.015601       -0.171812        0.481543       -0.078113        0.095694               0
SS(-1)                      0.031488       -0.036039        0.271002        0.077311        0.007010        0.000899        0.025467       -0.484740        0.031488       -0.072895               0
F(-1)                      -0.005074        0.002281        0.002940       -0.001601       -0.000227       -0.001891       -0.018835        0.896426       -0.005074        0.000743               0
Rf(-1)                     -0.005074        0.002281        0.002940       -0.001601       -0.000227       -0.001891       -0.018835        0.896426       -0.005074        0.000743               0
X(-1)                       0.064625        0.000230       -0.005797       -0.003134        0.000935        0.481884       -0.057219        1.333407        0.064625        0.003762               0
NW(-1)                     -0.005994       -0.045849        0.071018       -0.016733       -0.001502        0.003928        0.034740        0.197577       -0.005994        0.022137               0
P(-1)                       0.192414        0.178259        0.479925       -0.932851       -0.073990        0.033999        0.191074        1.159193        0.192414       -0.153713               0
Pcf(-1)                     0.180343       -0.039761       -0.050210        0.108115        0.012325       -0.014900       -0.233973        2.629855        0.180343        0.078896               0
Pif(-1)                     0.039742       -0.001054       -0.004810       -0.000927        0.000658       -0.002479       -0.022640        0.533160        0.039742        0.001723               0
Ystar(-1)                   0.068622       -0.021218       -0.015851        0.018169        0.002780        0.385490       -0.057634        1.483491        0.133832        0.176485       -0.191886
Rstar(-1)                   0.425856       -0.117688       -0.117927        0.138907        0.019427        0.150422        1.448252        7.657810        0.109566       -0.807650        0.728845
PIstar(-1)                  0.113410       -0.017786       -0.051215        0.043523        0.005716       -0.105987        0.246841        1.750393        0.157910        0.741390       -0.733381
Za(-1)                     -0.183475        0.115765       -1.834125       -0.373278       -0.034426       -0.015722       -0.226568        2.418129       -1.035483        0.715596       -0.330680
Zpi(-1)                     0.062601        0.037939        0.197139       -0.291134       -0.023045        0.013150        0.084594        0.440759        0.062601        0.045046               0
Znw(-1)                    -0.048510       -0.150215        0.011924       -0.061669       -0.006024        0.010328        0.087168        0.867147       -0.283704        0.061320        0.016698
Zpif(-1)                    0.053132       -0.037988       -0.059864        0.068786        0.006701       -0.061764       -0.695826        0.750889        0.053132       -0.008464               0
Zx(-1)                      0.040377        0.010388        0.014710       -0.018418       -0.000784        0.809688       -0.294086        1.103490        0.037724        0.110629       -0.099388
Zg(-1)                      0.138246       -0.026307       -0.035670        0.003615        0.002858       -0.003296       -0.025911       -0.077978        0.078026       -0.066687        0.066199
Zw(-1)                      0.000304       -0.001679        0.013986        0.007344        0.000616       -0.000118        0.000368       -0.041776        0.168464       -0.197685        0.188360
Zcp(-1)                     0.767114       -0.173371       -0.241818        0.237685        0.033952        0.264213        2.650586       13.545204        0.243655       -1.378340        1.255124
r(-1)                              0               0               0               0               0               0               0               0        0.044948        0.002629       -0.002602
nw(-1)                             0               0               0               0               0               0               0               0       -0.074008       -0.004329        0.004284
k(-1)                              0               0               0               0               0               0               0               0       -0.125362        0.111961       -0.110791
x(-1)                              0               0               0               0               0               0               0               0       -0.005938       -0.068497        0.067781
rf(-1)                             0               0               0               0               0               0               0               0        0.004163        0.006070       -0.006006
f(-1)                              0               0               0               0               0               0               0               0        0.004163        0.006070       -0.006006
C(-1)                       0.344654        0.633110       -0.085064        0.012763        0.007438       -0.001136        0.004119       -1.051564        0.344654       -0.000363               0
dZtr(-1)                    0.651674       -0.014928        4.463096        0.701289        0.070357       -0.325828        0.847189       -5.894571        1.294950       -1.043911        0.285169
Pk(-1)                      0.009634        0.073695       -0.114151        0.026896        0.002414       -0.006314       -0.055839       -0.317574        0.009634       -0.035581               0
I(-1)                       0.070718       -0.009838        0.724988        0.001537        0.001436        0.003888        0.040533       -0.940330        0.070718        0.003557               0
dPh(-1)                    -0.117694       -0.059330       -0.088483        0.245214        0.018208       -0.003887        0.026584       -1.143492       -0.117694       -0.040153               0
dPcf(-1)                    0.045538       -0.011059       -0.016499        0.029100        0.003262       -0.005056       -0.073747        0.673604        0.045538        0.013052               0
dPif(-1)                    0.010155       -0.000355       -0.001561       -0.000336        0.000160       -0.000861       -0.007983        0.136718        0.010155        0.000455               0
Zi(-1)                      0.016847       -0.005899        0.051164       -0.016769       -0.001082        0.001191        0.009519        0.000770       -0.028443        0.009659        0.012083
Zc(-1)                      0.094807        0.172517       -0.004470        0.019858        0.003405       -0.000711        0.000359       -0.364327        0.227844       -0.150176        0.129739
c(-1)                              0               0               0               0               0               0               0               0       -0.131652       -0.222423        0.220100
i(-1)                              0               0               0               0               0               0               0               0       -0.027532       -0.051056        0.050523
pk(-1)                             0               0               0               0               0               0               0               0        0.118956        0.006959       -0.006886
er                         -2.331785       -1.781880       -6.256482       -0.704734        0.898272       -0.460425       -2.778782       -4.604252       -2.331785        1.696225               0
ea                         -0.193969        0.122386       -1.939026       -0.394627       -0.036395       -0.016621       -0.239526        2.556432       -1.094706        0.756524       -0.349593
etr                         0.796668       -0.018250        5.456108        0.857321        0.086011       -0.398323        1.035683       -7.206077        1.583068       -1.276175        0.348618
ei                          0.018168       -0.006361        0.055176       -0.018084       -0.001167        0.001285        0.010266        0.000830       -0.030673        0.010416        0.013030
ec                          0.137362        0.249952       -0.006477        0.028772        0.004933       -0.001030        0.000521       -0.527857        0.330112       -0.217583        0.187973
epi                         0.194171        0.117677        0.611472       -0.903021       -0.071478        0.040788        0.262389        1.367119        0.194171        0.139720               0
enw                        -0.060781       -0.188216        0.014940       -0.077270       -0.007548        0.012941        0.109220        1.086515       -0.355475        0.076833        0.020922
epif                        0.056978       -0.040738       -0.064198        0.073765        0.007186       -0.066235       -0.746194        0.805242        0.056978       -0.009077               0
ex                          0.048056        0.012363        0.017508       -0.021922       -0.000933        0.963685       -0.350019        1.313366        0.044899        0.131669       -0.118291
eg                          0.171692       -0.032671       -0.044299        0.004489        0.003550       -0.004093       -0.032180       -0.096844        0.096902       -0.082821        0.082214
eystar                      0.031912       -0.015072        0.000127        0.003569        0.000887        0.490878       -0.211678        0.953616        0.117143        0.067961       -0.084649
erstar                      0.445521       -0.123725       -0.122487        0.145132        0.020308        0.153002        1.531419        8.017772        0.104470       -0.902462        0.818662
epistar                     0.221897       -0.037259       -0.096625        0.083691        0.011063       -0.150763        0.480096        3.495226        0.297897        1.318630       -1.308033
ecp                         0.845621       -0.191114       -0.266566        0.262010        0.037427        0.291253        2.921850       14.931439        0.268591       -1.519401        1.383575
ew                          0.000648       -0.003585        0.029860        0.015679        0.001315       -0.000253        0.000786       -0.089188        0.359658       -0.422044        0.402134
emc                         0.002804        0.001382        0.002256       -0.005756       -0.000427        0.000093       -0.000614        0.026768       -0.011996        0.026670       -0.025494


THEORETICAL MOMENTS

VARIABLE      MEAN    STD. DEV.   VARIANCE 
Y              1.1313     0.0131     0.0002
C              0.6061     0.0120     0.0001
I             -0.7266     0.0239     0.0006
dP             0.0000     0.0031     0.0000
R              0.0105     0.0016     0.0000
X              0.0175     0.0057     0.0000
Q              0.0478     0.0348     0.0012
F             -1.9908     2.5187     6.3438
Ygap           0.0632     0.0170     0.0003
Rgap           0.0000     0.0156     0.0002
r              0.0105     0.0152     0.0002



VARIANCE DECOMPOSITION (in percent)

           er       ea      etr       ei       ec      epi      enw      epif      ex       eg      epr     eystar   erstar  epistar    ecp       ew      emc      epx   
Y          0.00     0.00     0.00     0.00     0.00     0.00     0.00     0.00     0.00     0.00     0.00     0.00     0.00     0.00   100.00     0.00     0.00     0.00
C          0.00     0.00     0.00     0.00     0.00     0.00     0.00     0.00     0.00     0.00     0.00     0.00     0.00     0.00   100.00     0.00     0.00     0.00
I          0.00     0.00     0.00     0.00     0.00     0.00     0.00     0.00     0.00     0.00     0.00     0.00     0.00     0.00   100.00     0.00     0.00     0.00
dP         0.00     0.00     0.00     0.00     0.00     0.00     0.00     0.00     0.00     0.00     0.00     0.00     0.00     0.00   100.00     0.00     0.00     0.00
R          0.00     0.00     0.00     0.00     0.00     0.00     0.00     0.00     0.00     0.00     0.00     0.00     0.00     0.00   100.00     0.00     0.00     0.00
X          0.00     0.00     0.00     0.00     0.00     0.00     0.00     0.00     0.00     0.00     0.00     0.00     0.00     0.00   100.00     0.00     0.00     0.00
Q          0.00     0.00     0.00     0.00     0.00     0.00     0.00     0.00     0.00     0.00     0.00     0.00     0.00     0.00   100.00     0.00     0.00     0.00
F          0.00     0.00     0.00     0.00     0.00     0.00     0.00     0.00     0.00     0.00     0.00     0.00     0.00     0.00   100.00     0.00     0.00     0.00
Ygap       0.00     0.00     0.00     0.00     0.00     0.00     0.00     0.00     0.00     0.00     0.00     0.00     0.00     0.00   100.00     0.00     0.00     0.00
Rgap       0.00     0.00     0.00     0.00     0.00     0.00     0.00     0.00     0.00     0.00     0.00     0.00     0.00     0.00   100.00     0.00     0.00     0.00
r          0.00     0.00     0.00     0.00     0.00     0.00     0.00     0.00     0.00     0.00     0.00     0.00     0.00     0.00   100.00     0.00     0.00     0.00



MATRIX OF CORRELATIONS

Variables      Y       C       I      dP       R       X       Q       F     Ygap    Rgap      r   
Y            1.0000 -0.4517 -0.4880  0.7714  0.5558  0.9249  0.9496 -0.0368  0.3672 -0.8811  0.8984
C           -0.4517  1.0000  0.8308 -0.0353 -0.9631 -0.7490 -0.5460 -0.2514 -0.1258  0.3420 -0.4858
I           -0.4880  0.8308  1.0000 -0.0523 -0.7349 -0.7315 -0.5229  0.1078 -0.0062  0.2849 -0.3928
dP           0.7714 -0.0353 -0.0523  1.0000  0.1012  0.5492  0.8023 -0.2916  0.0028 -0.8772  0.7831
R            0.5558 -0.9631 -0.7349  0.1012  1.0000  0.8144  0.6267  0.4345  0.3589 -0.4567  0.6075
X            0.9249 -0.7490 -0.7315  0.5492  0.8144  1.0000  0.9177  0.0996  0.3671 -0.7763  0.8553
Q            0.9496 -0.5460 -0.5229  0.8023  0.6267  0.9177  1.0000  0.0280  0.2954 -0.9575  0.9743
F           -0.0368 -0.2514  0.1078 -0.2916  0.4345  0.0996  0.0280  1.0000  0.7787 -0.0891  0.2075
Ygap         0.3672 -0.1258 -0.0062  0.0028  0.3589  0.3671  0.2954  0.7787  1.0000 -0.3343  0.4238
Rgap        -0.8811  0.3420  0.2849 -0.8772 -0.4567 -0.7763 -0.9575 -0.0891 -0.3343  1.0000 -0.9818
r            0.8984 -0.4858 -0.3928  0.7831  0.6075  0.8553  0.9743  0.2075  0.4238 -0.9818  1.0000



COEFFICIENTS OF AUTOCORRELATION

Order      1       2       3       4       5   
Y        0.7914  0.5053  0.2413  0.0416 -0.0894
C        0.9673  0.8831  0.7666  0.6360  0.5053
I        0.9677  0.8793  0.7499  0.5966  0.4352
dP       0.5878  0.1948 -0.0409 -0.1510 -0.1847
R        0.9540  0.8471  0.7123  0.5731  0.4434
X        0.8677  0.6562  0.4460  0.2671  0.1266
Q        0.6649  0.4262  0.2571  0.1369  0.0518
F        0.9921  0.9701  0.9369  0.8954  0.8483
Ygap     0.9661  0.8944  0.8268  0.7777  0.7476
Rgap     0.5104  0.2332  0.0828  0.0053 -0.0313
r        0.5953  0.3582  0.2145  0.1251  0.0683
Loading 55 observations from data_201444_3.xls

Initial value of the log posterior (or likelihood): -10458.0899
-----------------
-----------------
f at the beginning of new iteration,     10458.0899194901
Predicted improvement: 29492754.600570377
lambda =          1; f =        10461.7429509
lambda =    0.33333; f =        10458.2112266
lambda =    0.11111; f =        10458.0932599
lambda =   0.037037; f =        10458.0900455
lambda =   0.012346; f =         2306.7559900
lambda =  0.0041152; f =         2007.1786656
lambda =  0.0013717; f =         2076.3023870
lambda = 0.00045725; f =         3145.4617208
lambda = 0.00015242; f =         5577.0347403
Norm of dx     76.802
----
Improvement on iteration 1 =     8450.911253875
-----------------
-----------------
f at the beginning of new iteration,      2007.1786656155
Predicted improvement:     4458.265427772
lambda =          1; f =         2008.0251203
lambda =    0.33333; f =         2007.2678875
lambda =    0.11111; f =         2007.1871747
lambda =   0.037037; f =         2007.1792410
lambda =   0.012346; f =         2007.1786677
lambda =  0.0041152; f =         1965.4751223
lambda =  0.0079555; f =         1921.1133439
lambda =   0.015379; f =         2007.1786828
lambda =   0.010356; f =         2007.1786656
lambda =   0.008168; f =         1919.5853714
lambda =  0.0094179; f =         1925.7087450
lambda =   0.010859; f =         2007.1786658
lambda =  0.0099698; f =         1951.9959879
Norm of dx    0.94434
----
Improvement on iteration 2 =       87.593294251
warning: possible inaccuracy in H matrix
-----------------
-----------------
f at the beginning of new iteration,      1919.5853713647
Predicted improvement:   118894.970886928
lambda =          1; f =         2565.0272355
lambda =    0.33333; f =         1991.1729149
lambda =    0.11111; f =         1927.5087565
lambda =   0.037037; f =         1920.4578318
lambda =   0.012346; f =         1919.6805390
lambda =  0.0041152; f =         1919.5954898
lambda =  0.0013717; f =         1919.5863784
lambda = 0.00045725; f =         1919.5854496
lambda = 0.00015242; f =         1919.5853729
lambda = 5.0805e-05; f =         1916.1933660
lambda = 1.6935e-05; f =         1916.1683880
lambda = 3.2739e-05; f =         1914.5896001
Norm of dx     25.657
----
Improvement on iteration 3 =        4.995771304
-----------------
-----------------
f at the beginning of new iteration,      1914.5896000606
Predicted improvement:      762.437170083
lambda =          1; f =         1914.7001007
lambda =    0.33333; f =         1914.6001083
lambda =    0.11111; f =         1914.5903697
lambda =   0.037037; f =         1914.5896190
lambda =   0.012346; f =         1932.7673928
lambda =  0.0041152; f =         1910.3270686
Norm of dx    0.41053
----
Improvement on iteration 4 =        4.262531419
-----------------
-----------------
f at the beginning of new iteration,      1910.3270686416
Predicted improvement:      375.163795184
lambda =          1; f =         1910.3460952
lambda =    0.33333; f =         1910.3281143
lambda =    0.11111; f =         1910.3270896
lambda =   0.037037; f =         1927.9517305
lambda =   0.012346; f =         1904.6224967
Norm of dx    0.30834
----
Improvement on iteration 5 =        5.704571944
-----------------
-----------------
f at the beginning of new iteration,      1904.6224966974
Predicted improvement:      528.542272285
lambda =          1; f =         1904.6584533
lambda =    0.33333; f =         1904.6238034
lambda =    0.11111; f =         1904.6225093
lambda =   0.037037; f =         1904.6224971
lambda =   0.012346; f =         1896.4668348
Norm of dx    0.49309
----
Improvement on iteration 6 =        8.155661905
-----------------
-----------------
f at the beginning of new iteration,      1896.4668347922
Predicted improvement:      211.942769996
lambda =          1; f =         1896.4809261
lambda =    0.33333; f =         1896.4671722
lambda =    0.11111; f =         1896.4668359
lambda =   0.037037; f =         1896.4668348
lambda =   0.012346; f =         1892.6039204
lambda =   0.023866; f =         1891.3810147
Norm of dx    0.26208
----
Improvement on iteration 7 =        5.085820069
-----------------
-----------------
f at the beginning of new iteration,      1891.3810147232
Predicted improvement:      183.780319028
lambda =          1; f =         1891.4077715
lambda =    0.33333; f =         1891.3821315
lambda =    0.11111; f =         1891.3810189
lambda =   0.037037; f =         1891.3810147
lambda =   0.012346; f =         1891.3810147
lambda =  0.0041152; f =         1889.8909033
lambda =  0.0079555; f =         1888.5418933
lambda =   0.015379; f =         1891.3810147
lambda =   0.010356; f =         1887.7205008
lambda =   0.013129; f =         1891.3810147
lambda =   0.011387; f =         1887.3730010
lambda =   0.012402; f =         1891.3810147
lambda =   0.011783; f =         1887.2404844
lambda =   0.012151; f =         1887.1177289
lambda =    0.01253; f =         1891.3810147
lambda =   0.012301; f =         1891.3810147
lambda =   0.012165; f =         1891.3810147
Norm of dx    0.30095
Cliff.  Perturbing search direction.
Predicted improvement:      259.128895887
lambda =          1; f =         1891.4383638
lambda =    0.33333; f =         1891.3842012
lambda =    0.11111; f =         1891.3810220
lambda =   0.037037; f =         1891.3810147
lambda =   0.012346; f =         1885.3498369
lambda =   0.023866; f =         1891.3810147
lambda =    0.01607; f =         1891.3810147
lambda =   0.012676; f =         1885.1997935
lambda =   0.014615; f =         1884.3306365
lambda =   0.016851; f =         1891.3810147
lambda =   0.015472; f =         1883.9541431
lambda =   0.016285; f =         1891.3810147
lambda =   0.015792; f =         1891.3810147
lambda =   0.015503; f =         1883.9402739
lambda =   0.015676; f =         1891.3810147
Norm of dx    0.38329
Cliff again.  Try traversing
Predicted improvement:   879606.159302932
lambda =          1; f =      1457633.3904116
lambda =    0.33333; f =       163410.7728333
lambda =    0.11111; f =        19764.4915365
lambda =   0.037037; f =         3855.2113402
lambda =   0.012346; f =         2103.6355320
lambda =  0.0041152; f =         1913.7985246
lambda =  0.0013717; f =         1893.6386026
lambda = 0.00045725; f =         1891.5875385
lambda = 0.00015242; f =         1891.3965922
lambda = 5.0805e-05; f =         1891.3815284
lambda = 1.6935e-05; f =         1884.0223107
lambda =  5.645e-06; f =         1881.8593474
lambda = 1.0913e-05; f =         1877.5704459
lambda = 2.1097e-05; f =         1903.8087427
lambda = 1.4205e-05; f =         1878.9328495
Norm of dx     1326.4
----
Improvement on iteration 8 =       13.810568850
-----------------
-----------------
f at the beginning of new iteration,      1877.5704458731
Predicted improvement:     1461.631989020
lambda =          1; f =         1880.1671526
lambda =    0.33333; f =         1877.8163599
lambda =    0.11111; f =         1877.5913665
lambda =   0.037037; f =         1877.5717592
lambda =   0.012346; f =         1877.5704504
lambda =  0.0041152; f =         1868.5466727
lambda =  0.0079555; f =         1868.7994694
Norm of dx     1.9783
----
Improvement on iteration 9 =        9.023773218
-----------------
-----------------
f at the beginning of new iteration,      1868.5466726549
Predicted improvement:       93.365363880
lambda =          1; f =         1868.5467932
lambda =    0.33333; f =         1836.4795897
Norm of dx     0.1576
----
Improvement on iteration 10 =       32.067082906
-----------------
-----------------
f at the beginning of new iteration,      1836.4795897493
Predicted improvement:      149.098501264
lambda =          1; f =         1836.4807972
lambda =    0.33333; f =         1836.4795934
lambda =    0.11111; f =         1813.2560188
lambda =     0.2148; f =         1806.7535760
Norm of dx    0.30744
----
Improvement on iteration 11 =       29.726013733
-----------------
-----------------
f at the beginning of new iteration,      1806.7535760165
Predicted improvement:      350.537026356
lambda =          1; f =         1806.7896318
lambda =    0.33333; f =         1806.7539890
lambda =    0.11111; f =         1806.7535922
lambda =   0.037037; f =         1803.7995780
lambda =   0.012346; f =         1800.1163067
lambda =   0.023866; f =         1797.8648140
Norm of dx     0.7346
----
Improvement on iteration 12 =        8.888762012
-----------------
-----------------
f at the beginning of new iteration,      1797.8648140050
Predicted improvement:     1058.843274228
lambda =          1; f =         1798.5673512
lambda =    0.33333; f =         1797.9023307
lambda =    0.11111; f =         1797.8649673
lambda =   0.037037; f =         1818.2164470
lambda =   0.012346; f =         1788.6318383
Norm of dx     2.2395
----
Improvement on iteration 13 =        9.232975753
-----------------
-----------------
f at the beginning of new iteration,      1788.6318382522
Predicted improvement:      176.445305888
lambda =          1; f =         1788.6352618
lambda =    0.33333; f =         1788.6320896
lambda =    0.11111; f =         1758.6725117
lambda =     0.2148; f =         1745.9409554
Norm of dx    0.38465
----
Improvement on iteration 14 =       42.690882844
-----------------
-----------------
f at the beginning of new iteration,      1745.9409554081
Predicted improvement:      127.284560963
lambda =          1; f =         1745.9431049
lambda =    0.33333; f =         1745.9409580
lambda =    0.11111; f =         1745.9409580
lambda =   0.037037; f =         1737.2501515
lambda =   0.071599; f =         1730.6646107
lambda =    0.13841; f =         1745.9409879
lambda =     0.0932; f =         1727.6114525
lambda =    0.11816; f =         1745.9409626
lambda =    0.10248; f =         1745.9409555
lambda =   0.094089; f =         1727.5101535
lambda =   0.099038; f =         1726.9893868
lambda =    0.10425; f =         1745.9409558
lambda =    0.10109; f =         1745.9409554
lambda =   0.099241; f =         1726.9696437
lambda =    0.10035; f =         1745.9409554
Norm of dx    0.25415
Cliff.  Perturbing search direction.
Predicted improvement:      219.216861783
lambda =          1; f =         1745.9441757
lambda =    0.33333; f =         1745.9409836
lambda =    0.11111; f =         1745.9409560
lambda =   0.037037; f =         1730.1422394
lambda =   0.071599; f =         1716.4172048
lambda =    0.13841; f =         1745.9409556
lambda =     0.0932; f =         1709.5682047
lambda =    0.11816; f =         1745.9409584
lambda =    0.10248; f =         1707.9231082
lambda =    0.11162; f =         1745.9409561
lambda =    0.10604; f =         1745.9409554
lambda =    0.10283; f =         1707.8891763
lambda =    0.10475; f =         1707.7509629
lambda =     0.1067; f =         1745.9409554
lambda =    0.10552; f =         1707.7193224
Norm of dx    0.27824
Cliff again.  Try traversing
Predicted improvement:  5806459.401002852
lambda =          1; f =      8559676.4661016
lambda =    0.33333; f =       951247.3494192
lambda =    0.11111; f =       106799.3637751
lambda =   0.037037; f =        13273.2580481
lambda =   0.012346; f =         2981.0031711
lambda =  0.0041152; f =         1869.6762563
lambda =  0.0013717; f =         1756.0382646
lambda = 0.00045725; f =         1746.3705368
lambda = 0.00015242; f =         1745.9674927
lambda = 5.0805e-05; f =         1745.9423216
lambda = 1.6935e-05; f =         1745.9410525
lambda =  5.645e-06; f =         1745.9409570
lambda = 1.8817e-06; f =         1723.0012024
lambda = 3.6376e-06; f =         1720.8701147
Norm of dx     3407.8
----
Improvement on iteration 15 =       38.221633051
back and forth on step length never finished
-----------------
-----------------
f at the beginning of new iteration,      1707.7193223567
Predicted improvement:      127.284560963
lambda =          1; f =         1707.7227263
lambda =    0.33333; f =         1707.7193404
lambda =    0.11111; f =         1707.7193237
lambda =   0.037037; f =         1707.7193224
lambda =   0.012346; f =         1707.7193256
lambda =  0.0041152; f =         1707.7193227
lambda =  0.0013717; f =         1707.7193224
lambda = 0.00045725; f =         1707.7193224
lambda = 0.00015242; f =         1707.7215915
lambda = 5.0805e-05; f =         1707.7200553
lambda = 1.6935e-05; f =         1707.7195641
lambda =  5.645e-06; f =         1707.7194026
lambda = 1.8817e-06; f =         1707.7193491
lambda = 6.2723e-07; f =         1707.7193313
lambda = 2.0908e-07; f =         1707.7193253
lambda = 6.9692e-08; f =         1707.7193233
lambda = 2.3231e-08; f =         1707.7193227
lambda = 7.7435e-09; f =         1707.7193225
lambda = 2.5812e-09; f =         1707.7193224
lambda =
  -6.2723e-07
lambda = -6.2723e-07; f =         1707.7193135
Norm of dx    0.25415
----
Improvement on iteration 16 =        0.000008902
-----------------
-----------------
f at the beginning of new iteration,      1707.7193134546
Predicted improvement:       43.391331554
lambda =          1; f =         1765.2563329
lambda =    0.33333; f =         1720.4983423
lambda =    0.11111; f =         1707.3702787
lambda =   0.037037; f =         1705.9929098
Norm of dx    0.11705
----
Improvement on iteration 17 =        1.726403674
-----------------
-----------------
f at the beginning of new iteration,      1705.9929097810
Predicted improvement:       44.874667666
lambda =          1; f =         1705.9929132
lambda =    0.33333; f =         1705.9929098
lambda =    0.11111; f =         1698.6224035
lambda =     0.2148; f =         1698.8769634
Norm of dx     0.1187
----
Improvement on iteration 18 =        7.370506280
-----------------
-----------------
f at the beginning of new iteration,      1698.6224035013
Predicted improvement:      106.055174643
lambda =          1; f =         1698.6318679
lambda =    0.33333; f =         1698.6224395
lambda =    0.11111; f =         1681.2110981
lambda =     0.2148; f =         1698.6224035
lambda =    0.14463; f =         1679.4522149
Norm of dx    0.35747
----
Improvement on iteration 19 =       19.170188583
-----------------
-----------------
f at the beginning of new iteration,      1679.4522149180
Predicted improvement:      177.408509378
lambda =          1; f =         1679.4896003
lambda =    0.33333; f =         1679.4548858
lambda =    0.11111; f =         1679.4522349
lambda =   0.037037; f =         1679.4522149
lambda =   0.012346; f =         1675.4543066
lambda =   0.023866; f =         1679.4522149
lambda =    0.01607; f =         1674.4015881
lambda =   0.020374; f =         1679.4522149
lambda =    0.01767; f =         1673.9719720
lambda =   0.019246; f =         1679.4522149
lambda =   0.018285; f =         1679.4522149
lambda =   0.017731; f =         1673.9560031
lambda =   0.018061; f =         1679.4522149
lambda =   0.017862; f =         1673.9213917
Norm of dx    0.61671
Cliff.  Perturbing search direction.
Predicted improvement:      200.559839787
lambda =          1; f =         1679.4917737
lambda =    0.33333; f =         1679.4550789
lambda =    0.11111; f =         1679.4522408
lambda =   0.037037; f =         1679.4522149
lambda =   0.012346; f =         1674.9032659
lambda =   0.023866; f =         1679.4522149
lambda =    0.01607; f =         1673.6904176
lambda =   0.020374; f =         1679.4522149
lambda =    0.01767; f =         1673.1925916
lambda =   0.019246; f =         1679.4522149
lambda =   0.018285; f =         1679.4522149
lambda =   0.017731; f =         1673.1740502
lambda =   0.018061; f =         1679.4522149
lambda =   0.017862; f =         1673.1338537
Norm of dx    0.65387
Cliff again.  Try traversing
Predicted improvement:   425224.872075403
lambda =          1; f =       619246.6326514
lambda =    0.33333; f =        69956.0220169
lambda =    0.11111; f =         9155.4016136
lambda =   0.037037; f =         2475.8831994
lambda =   0.012346; f =         1757.9786798
lambda =  0.0041152; f =         1685.6146042
lambda =  0.0013717; f =         1679.6423028
lambda = 0.00045725; f =         1679.4531114
lambda = 0.00015242; f =         1679.4522179
lambda = 5.0805e-05; f =         1658.9068392
Norm of dx      922.2
----
Improvement on iteration 20 =       20.545375726
-----------------
-----------------
f at the beginning of new iteration,      1658.9068391923
Predicted improvement:       91.487464277
lambda =          1; f =         1658.9311183
lambda =    0.33333; f =         1658.9086489
lambda =    0.11111; f =         1658.9068644
lambda =   0.037037; f =         1658.9068392
lambda =   0.012346; f =         1656.7643852
lambda =   0.023866; f =         1654.9939434
lambda =   0.046138; f =         1658.9068392
lambda =   0.031067; f =         1658.9068392
lambda =   0.024504; f =         1654.9030683
lambda =   0.028254; f =         1654.3848533
lambda =   0.032577; f =         1658.9068392
lambda =   0.029909; f =         1658.9068392
lambda =   0.028415; f =         1654.3631827
lambda =   0.029302; f =         1654.2449580
lambda =   0.030218; f =         1658.9068392
lambda =   0.029665; f =         1654.1971079
lambda =   0.029995; f =         1658.9068392
Norm of dx    0.41759
Cliff.  Perturbing search direction.
Predicted improvement:      111.378225299
lambda =          1; f =         1658.9415356
lambda =    0.33333; f =         1658.9094624
lambda =    0.11111; f =         1658.9069018
lambda =   0.037037; f =         1658.9068392
lambda =   0.012346; f =         1656.2947601
lambda =   0.023866; f =         1654.1419468
lambda =   0.046138; f =         1658.9068392
lambda =   0.031067; f =         1658.9068392
lambda =   0.024504; f =         1654.0320963
lambda =   0.028254; f =         1653.4080457
lambda =   0.032577; f =         1658.9068392
lambda =   0.029909; f =         1658.9068392
lambda =   0.028415; f =         1653.3820552
lambda =   0.029302; f =         1653.2404442
lambda =   0.030218; f =         1658.9068392
lambda =   0.029665; f =         1653.1832210
lambda =   0.029995; f =         1658.9068392
Norm of dx    0.45211
Cliff again.  Try traversing
Predicted improvement:   246834.433316930
lambda =          1; f =       468126.8764012
lambda =    0.33333; f =        53308.6346897
lambda =    0.11111; f =         7340.9009264
lambda =   0.037037; f =         2273.2582083
lambda =   0.012346; f =         1722.3058129
lambda =  0.0041152; f =         1664.7923551
lambda =  0.0013717; f =         1659.4574280
lambda = 0.00045725; f =         1658.9551658
lambda = 0.00015242; f =         1658.9094488
lambda = 5.0805e-05; f =         1658.9068679
lambda = 1.6935e-05; f =         1651.0874164
lambda = 3.2739e-05; f =         1654.5173156
lambda = 2.2044e-05; f =         1650.0970327
lambda = 2.7948e-05; f =         1650.7074631
Norm of dx     702.62
----
Improvement on iteration 21 =        8.809806483
-----------------
-----------------
f at the beginning of new iteration,      1650.0970327097
Predicted improvement:       24.697934062
lambda =          1; f =         1650.0976612
lambda =    0.33333; f =         1650.0970550
lambda =    0.11111; f =         1650.0970327
lambda =   0.037037; f =         1648.3995199
lambda =   0.071599; f =         1650.0970327
lambda =   0.048211; f =         1647.9465334
lambda =   0.061123; f =         1647.4666762
lambda =   0.077493; f =         1650.0970327
lambda =   0.067209; f =         1647.2596725
lambda =   0.073203; f =         1650.0970327
lambda =   0.069545; f =         1647.1839490
lambda =   0.071717; f =         1650.0970327
lambda =   0.070406; f =         1647.1566074
lambda =    0.07119; f =         1647.1319803
lambda =   0.071982; f =         1650.0970327
Norm of dx    0.15522
Cliff.  Perturbing search direction.
Predicted improvement:       33.727384560
lambda =          1; f =         1650.0975333
lambda =    0.33333; f =         1650.0970473
lambda =    0.11111; f =         1650.0970327
lambda =   0.037037; f =         1647.7350730
lambda =   0.071599; f =         1650.0970327
lambda =   0.048211; f =         1647.0812107
lambda =   0.061123; f =         1646.3660298
lambda =   0.077493; f =         1650.0970327
lambda =   0.067209; f =         1646.0458669
lambda =   0.073203; f =         1650.0970327
lambda =   0.069545; f =         1645.9261449
lambda =   0.071717; f =         1650.0970327
lambda =   0.070406; f =         1645.8825003
lambda =    0.07119; f =         1645.8429818
lambda =   0.071982; f =         1650.0970327
Norm of dx     0.1982
Cliff again.  Try traversing
Predicted improvement:    67190.769014635
lambda =          1; f =       121414.2598831
lambda =    0.33333; f =        14810.7061165
lambda =    0.11111; f =         3066.1870693
lambda =   0.037037; f =         1793.7131654
lambda =   0.012346; f =         1662.2313781
lambda =  0.0041152; f =         1650.6216561
lambda =  0.0013717; f =         1650.0970329
lambda = 0.00045725; f =         1611.0780621
Norm of dx     366.58
----
Improvement on iteration 22 =       39.018970641
-----------------
-----------------
f at the beginning of new iteration,      1611.0780620685
Predicted improvement:       45.859773599
lambda =          1; f =         1611.0784694
lambda =    0.33333; f =         1611.0780621
lambda =    0.11111; f =         1601.8980047
lambda =     0.2148; f =         1611.0780621
lambda =    0.14463; f =         1599.5963276
lambda =    0.18337; f =         1611.0780621
lambda =    0.15903; f =         1598.6870710
lambda =    0.17322; f =         1597.8417127
lambda =    0.18867; f =         1611.0780621
lambda =    0.17924; f =         1611.0780621
lambda =    0.17381; f =         1597.8074922
lambda =    0.17705; f =         1611.0780621
lambda =     0.1751; f =         1597.7334907
Norm of dx    0.30617
Cliff.  Perturbing search direction.
Predicted improvement:       71.230566537
lambda =          1; f =         1611.0795799
lambda =    0.33333; f =         1611.0780726
lambda =    0.11111; f =         1597.1803381
lambda =     0.2148; f =         1611.0780621
lambda =    0.14463; f =         1593.9156807
lambda =    0.18337; f =         1611.0780621
lambda =    0.15903; f =         1592.6794153
lambda =    0.17322; f =         1591.5708593
lambda =    0.18867; f =         1611.0780621
lambda =    0.17924; f =         1611.0780621
lambda =    0.17381; f =         1591.5270337
lambda =    0.17705; f =         1611.0780621
lambda =     0.1751; f =         1591.4325853
Norm of dx    0.32861
Cliff again.  Try traversing
Predicted improvement:   276082.456748900
lambda =          1; f =       322466.4075122
lambda =    0.33333; f =        37156.1456814
lambda =    0.11111; f =         5528.2537893
lambda =   0.037037; f =         2036.9844711
lambda =   0.012346; f =         1656.0857755
lambda =  0.0041152; f =         1615.6851306
lambda =  0.0013717; f =         1611.5081784
lambda = 0.00045725; f =         1611.1052306
lambda = 0.00015242; f =         1611.0789208
lambda = 5.0805e-05; f =         1611.0780621
lambda = 1.6935e-05; f =         1600.4860286
lambda = 3.2739e-05; f =         1595.6052707
lambda =  6.329e-05; f =         1611.0780752
lambda = 4.2616e-05; f =         1596.0915235
Norm of dx     743.08
----
Improvement on iteration 23 =       19.645476764
back and forth on step length never finished
-----------------
-----------------
f at the beginning of new iteration,      1591.4325853048
Predicted improvement:       45.859773599
lambda =          1; f =         1591.4334592
lambda =    0.33333; f =         1591.4326258
lambda =    0.11111; f =         1591.4325853
lambda =   0.037037; f =         1591.4325853
lambda =   0.012346; f =         1591.4325853
lambda =  0.0041152; f =         1591.4325853
lambda =  0.0013717; f =         1591.4325853
Norm of dx    0.30617
----
Improvement on iteration 24 =        0.000000000
improvement < crit termination
Objective function at mode: 1591.432585

POSTERIOR KERNEL OPTIMIZATION PROBLEM!
 (minus) the hessian matrix at the "mode" is not positive definite!
=> posterior variance of the estimated parameters are not positive.
You should try to change the initial values of the parameters using
the estimated_params_init block, or use another optimization routine.
[Warning: The results below are most likely wrong!] 
[> In <a href="matlab: opentoline('C:\dynare\4.4.3\matlab\dynare_estimation_1.m',694,1)">dynare_estimation_1 at 694</a>
  In <a href="matlab: opentoline('C:\dynare\4.4.3\matlab\dynare_estimation.m',89,1)">dynare_estimation at 89</a>
  In <a href="matlab: opentoline('C:\Users\0510203\Documents\GitHub\dsge\nark.m',1241,1)">nark at 1241</a>
  In <a href="matlab: opentoline('C:\dynare\4.4.3\matlab\dynare.m',180,1)">dynare at 180</a>] 

RESULTS FROM POSTERIOR ESTIMATION
parameters
       prior mean     mode    s.d. prior pstdev

ETA        1.400   1.3849  0.2236 gamm  0.2000 
PSIh       6.000   5.9987  1.7586 gamm  1.0000 
PSIf       6.000   6.0000  0.9749 gamm  1.0000 
PSIw       6.000   5.9985  1.2339 gamm  1.0000 
THETAh     0.600   0.6103  0.0000 beta  0.0500 
THETAf     0.600   0.5917  0.0473 beta  0.0500 
THETAw     0.600   0.5007  0.0366 beta  0.0500 
CHIc       0.500   0.6294  0.0000 norm  0.1000 
KAPPAi     4.000   4.0061  0.5606 norm  1.0000 
KAPPArp    0.300   0.2347  0.0426 beta  0.0500 
TAYLORr    0.800   0.9828  0.0000 beta  0.0500 
TAYLORy    0.200   0.2276  0.0558 beta  0.0500 
TAYLORpi   0.500   0.4905  0.1030 beta  0.1000 
IOTA       0.500   0.4810  0.0920 beta  0.1000 
PHIx       0.500   0.4991  0.0866 beta  0.1000 
XIh        0.500   0.4977  0.1003 gamm  0.1000 
ALPHAc     0.600   0.6386  0.0686 beta  0.1000 
ALPHAi     0.600   0.5907  0.0921 beta  0.1000 
XIc        2.000   2.0035  0.3472 gamm  0.5000 
XIi        2.000   1.9990  0.5013 gamm  0.5000 
ALPHAx     0.500   0.5052  0.1106 beta  0.1000 
XIx        2.500   2.4977  0.4631 gamm  0.5000 
GAMMA2     0.500   0.5340  0.0661 beta  0.1000 
UIPr       0.500   0.5081  0.1060 beta  0.1000 
PHIg       0.500   0.4917  0.0463 gamm  0.1000 
RHOa       0.800   0.8462  0.0000 beta  0.1000 
RHOc       0.800   0.8308  0.0000 beta  0.1000 
RHOtr      0.800   0.5924  0.0551 beta  0.1000 
RHOpi      0.800   0.4740  0.0000 beta  0.1000 
RHOi       0.800   0.7741  0.0000 beta  0.1000 
RHOnw      0.800   0.7753  0.1429 beta  0.1000 
RHOpif     0.800   0.8318  0.0624 beta  0.1000 
RHOx       0.800   0.7998  0.0818 beta  0.1000 
RHOpii     0.800   0.8028  0.1208 beta  0.1000 
RHOg       0.800   0.8056  0.0000 beta  0.1000 
RHOw       0.800   0.7830  0.0321 beta  0.1000 
RHOcp      0.800   0.8289  0.0597 beta  0.1000 
a11        0.900   0.9134  0.0448 norm  0.1000 
a12        0.000  -0.0006  0.0963 norm  0.1000 
a13        0.000   0.0058  0.0965 norm  0.1000 
a21        0.000   0.0038  0.0109 norm  0.1000 
a22        0.900   0.9127  0.0527 norm  0.1000 
a23        0.000  -0.0039  0.0590 norm  0.1000 
a31        0.000   0.0271  0.0220 norm  0.1000 
a32        0.000   0.0005  0.0860 norm  0.1000 
a33        0.600   0.6025  0.0849 norm  0.1000 

standard deviation of shocks
       prior mean     mode    s.d. prior pstdev

er         0.010   0.0016  0.0001 invg  2.0000 
ea         0.010   0.0354  0.0000 invg  2.0000 
ec         0.010   0.0717  0.0084 invg  2.0000 
etr        0.010   0.0105  0.0004 invg  2.0000 
epi        0.010   0.0396  0.0031 invg  2.0000 
ei         0.010   0.2857  0.0000 invg  2.0000 
enw        0.010   0.0064  0.0035 invg  2.0000 
epif       0.010   0.0511  0.0072 invg  2.0000 
ex         0.010   0.0285  0.0027 invg  2.0000 
eg         0.010   0.0070  0.0000 invg  2.0000 
emc        0.010   0.0047  0.0020 invg  2.0000 
eystar     0.010   0.0080  0.0007 invg  2.0000 
erstar     0.010   0.0012  0.0000 invg  2.0000 
epistar    0.010   0.0034  0.0004 invg  2.0000 
ew         0.010   0.1319  0.0170 invg  2.0000 
ecp        0.010   0.0077  0.0016 invg  2.0000 
epx        0.010   0.0320  0.0040 invg  2.0000 


Log data density [Laplace approximation] is -1750.723689.

{Error using <a href="matlab:helpUtils.errorDocCallback('chol')" style="font-weight:bold">chol</a>
Matrix must be positive definite.
Error in <a href="matlab:helpUtils.errorDocCallback('metropolis_hastings_initialization', 'C:\dynare\4.4.3\matlab\metropolis_hastings_initialization.m', 68)" style="font-weight:bold">metropolis_hastings_initialization</a> (<a href="matlab: opentoline('C:\dynare\4.4.3\matlab\metropolis_hastings_initialization.m',68,0)">line 68</a>)
d = chol(vv);
Error in <a href="matlab:helpUtils.errorDocCallback('random_walk_metropolis_hastings', 'C:\dynare\4.4.3\matlab\random_walk_metropolis_hastings.m', 62)" style="font-weight:bold">random_walk_metropolis_hastings</a> (<a href="matlab: opentoline('C:\dynare\4.4.3\matlab\random_walk_metropolis_hastings.m',62,0)">line 62</a>)
[ ix2, ilogpo2, ModelName, MetropolisFolder, fblck, fline, npar, nblck, nruns, NewFile,
MAX_nruns, d ] = ...
Error in <a href="matlab:helpUtils.errorDocCallback('dynare_estimation_1', 'C:\dynare\4.4.3\matlab\dynare_estimation_1.m', 782)" style="font-weight:bold">dynare_estimation_1</a> (<a href="matlab: opentoline('C:\dynare\4.4.3\matlab\dynare_estimation_1.m',782,0)">line 782</a>)
            feval(options_.posterior_sampling_method,objective_function,options_.proposal_distribution,xparam1,invhess,bounds,dataset_,options_,M_,estim_params_,bayestopt_,oo_);
            Error in <a href="matlab:helpUtils.errorDocCallback('dynare_estimation', 'C:\dynare\4.4.3\matlab\dynare_estimation.m', 89)" style="font-weight:bold">dynare_estimation</a> (<a href="matlab: opentoline('C:\dynare\4.4.3\matlab\dynare_estimation.m',89,0)">line 89</a>)
    dynare_estimation_1(var_list,dname);
Error in <a href="matlab:helpUtils.errorDocCallback('nark', 'C:\Users\0510203\Documents\GitHub\dsge\nark.m', 1241)" style="font-weight:bold">nark</a> (<a href="matlab: opentoline('C:\Users\0510203\Documents\GitHub\dsge\nark.m',1241,0)">line 1241</a>)
dynare_estimation(var_list_);
Error in <a href="matlab:helpUtils.errorDocCallback('dynare', 'C:\dynare\4.4.3\matlab\dynare.m', 180)" style="font-weight:bold">dynare</a> (<a href="matlab: opentoline('C:\dynare\4.4.3\matlab\dynare.m',180,0)">line 180</a>)
evalin('base',fname) ;} 
dynare narkj

Configuring Dynare ...
[mex] Generalized QZ.
[mex] Sylvester equation solution.
[mex] Kronecker products.
[mex] Sparse kronecker products.
[mex] Local state space iteration (second order).
[mex] Bytecode evaluation.
[mex] k-order perturbation solver.
[mex] k-order solution simulation.
[mex] Quasi Monte-Carlo sequence (Sobol).
[mex] Markov Switching SBVAR.

Starting Dynare (version 4.4.3).
Starting preprocessing of the model file ...
Substitution of endo lags >= 2: added 3 auxiliary variables and equations.
Found 126 equation(s).
Evaluating expressions...done
Computing static model derivatives:
 - order 1
Computing dynamic model derivatives:
 - order 1
 - order 2
Processing outputs ...done
Preprocessing completed.
Starting MATLAB/Octave computing.

