% MH log file (Dynare).
% 04-Mar-2015 19:40:41.
 

% Session 1.
 
  Number of blocks...............: 1
  Number of simulations per block: 1000
 
  Initial values of the parameters:
    Blck 1params:
      1:0.0015085
      2:0.0085502
      3:0.02271
      4:0.0027708
      5:0.013587
      6:0.12134
      7:0.0061799
      8:0.056049
      9:0.027537
      10:0.0080417
      11:0.0046076
      12:0.0083905
      13:0.0012882
      14:0.0028211
      15:0.15309
      16:0.0074724
      17:0.022685
      18:1.1547
      19:5.2838
      20:5.9017
      21:5.2222
      22:0.72021
      23:0.55815
      24:0.52508
      25:0.64905
      26:3.7168
      27:0.21632
      28:0.9352
      29:0.23603
      30:0.43184
      31:0.41671
      32:0.41763
      33:0.41739
      34:0.74514
      35:0.52056
      36:3.44
      37:2.13
      38:0.51422
      39:1.4226
      40:0.708
      41:0.48387
      42:0.83849
      43:0.9416
      44:0.77103
      45:0.82835
      46:0.38401
      47:0.89562
      48:0.82911
      49:0.92079
      50:0.81917
      51:0.84618
      52:0.86178
      53:0.46905
      54:0.84235
      55:0.99178
      56:-0.0048287
      57:0.039614
      58:0.0035384
      59:0.9413
      60:-0.0098914
      61:0.027965
      62:-0.012268
      63:0.61426
    Blck 1logpo2:-1326.7072
 
 
  CREATION OF THE MH HISTORY FILE!

    Expected number of files per block.......: 1.
    Expected number of lines in the last file: 1000.

    Initial state of the Gaussian random number generator for chain number 1:
      1
      1812433254
      3713160357
      3109174145
      64984499
      3392658084
      446538473
      2629760756
      2453345558
      1394803949
      1021787430
      2063496713
      1304877364
      1713639158
      889001601
      1651239412
      1450863289
      745575081
      361057727
      2288771950
      1463387568
      2249488362
      26637982
      204036717
      1655702041
      1329048465
      2092351466
      1681619666
      3220660315
      1301783610
      626286181
      294669048
      3537128440
      3259518248
      2550101273
      1160881866
      308703547
      295714668
      35508674
      1599247281
      376272024
      3166459937
      1852735737
      3680868867
      612352556
      2760189833
      3816750341
      699140493
      1087846865
      394927937
      2063539671
      645417889
      2337669049
      3773167612
      678121169
      3006984620
      1163491294
      2559287860
      543155592
      3194181347
      2463543297
      3875146860
      475483913
      3707568076
      3881808875
      1264657097
      208126250
      1802809301
      367907560
      2433375693
      2851326449
      2380707878
      2911758972
      4243386879
      2229228726
      828161871
      2871116151
      990638198
      178193628
      1012573979
      1223581943
      3333023583
      1901888414
      3913876750
      3168662389
      656194888
      1553610174
      466840498
      686407570
      280737523
      2476489017
      1272981410
      3189431979
      3294710282
      1564477163
      4133221553
      823708826
      880616227
      1730254897
      335723347
      2123911971
      344194767
      119099153
      2915257116
      3339825470
      2524942970
      1191117250
      3403812186
      3988972937
      2575395295
      4072737183
      663832315
      808080503
      724042340
      2966189542
      2499643239
      3309205581
      1915303227
      72616536
      387525935
      2791701251
      2190905566
      3740328774
      831297460
      3750964864
      2190112044
      899144100
      2346558003
      3851695829
      2896963823
      1548614403
      3676707405
      2050891594
      4165893148
      1883017153
      2668787527
      50330561
      2063572142
      1853585557
      1716111087
      2937248370
      1650859709
      2682305722
      565243175
      3922227187
      3482032705
      2809081500
      2099376873
      230358556
      1065827745
      196966939
      3268845630
      3625508265
      1477799595
      4149453740
      2757835686
      3032697936
      2200108791
      3421680711
      4145382259
      3605253072
      1186485728
      3520482151
      3080733463
      3887314157
      4030447755
      1699987022
      1393253586
      1710066407
      710337383
      3754612557
      2741088369
      337455371
      1304761604
      3592681639
      3099385187
      4003676405
      317081535
      997754381
      480565460
      3806265432
      1068029852
      776179010
      470617537
      3653875421
      2273571919
      1055365147
      1317172834
      3414733003
      2835400613
      28845217
      631741764
      2334552212
      3565466095
      1225096926
      1277781438
      2416008223
      1268768054
      2750789241
      267768398
      2175383438
      268654341
      2550530755
      2971623408
      1666669894
      1934871760
      509782083
      2798468670
      2834016892
      2494149255
      1965005899
      2653045765
      2317194903
      1297426078
      916214929
      2967861004
      2236807006
      2476725285
      128488253
      4277714156
      3016192551
      1690883702
      1329810641
      593010415
      2341313579
      1754238478
      1242698701
      2152594527
      2103269013
      926178633
      647225267
      4243787142
      1489208161
      3188798921
      1327553793
      3644600811
      684513652
      2606555057
      2705329549
      2557469018
      1294205096
      70104222
      3020083528
      2015571237
      2768573480
      401698695
      2812362809
      328919870
      984940142
      1653817439
      471643152
      538942283
      2040555667
      1211982999
      1663497772
      2941793728
      3001026698
      313271977
      3644502703
      2423950047
      2629046069
      3450826936
      44600781
      2633869288
      4267014746
      4204914470
      1955987363
      2590608885
      2120168063
      1460034243
      258056600
      3693550087
      779446436
      902696389
      4228701387
      3165791227
      3478614865
      1500865135
      905884796
      3682046467
      2437847832
      2595888219
      4144484663
      1299603103
      648536946
      1762836247
      4265749196
      950840266
      2928992722
      2051369009
      2071186450
      1164619682
      210405235
      1296628868
      2425474719
      4083386904
      1978331343
      3190898799
      602128683
      2003319330
      1043377147
      756690484
      24776626
      1835824233
      1156421176
      2125448878
      1333136189
      607751135
      4255614767
      4238533009
      2583175632
      230472465
      3037259757
      1546348932
      2537279411
      110471952
      520621708
      63613561
      2843673595
      775036
      1899744556
      1168115970
      2685086321
      3410250658
      3151102153
      634647644
      3639125394
      3344624764
      1525171811
      1878800371
      3356530116
      3676542926
      602053165
      2686708238
      3703555082
      3754961372
      3970030923
      1749014201
      3391107050
      2478152000
      2121779806
      2636689360
      769835312
      4230539591
      1909812524
      417081626
      3096519324
      387659697
      3764499249
      3452925463
      3818277698
      3008920324
      15253694
      1479260759
      2421328720
      2220743357
      38831551
      1032912064
      3400956198
      2362808832
      3988706866
      1950464958
      3248573125
      1225815945
      1211036180
      346407094
      3867176764
      1257086026
      2725236231
      2843735658
      4147241082
      1729974832
      1256499145
      3765975901
      784776076
      4288277427
      3903532520
      3431522864
      2792589977
      2935989154
      3536596892
      3512984120
      605476293
      1774961976
      981422589
      822525778
      3343539932
      422954622
      1323482938
      2523465420
      2746609356
      1664448205
      272567300
      711582493
      3625722107
      3615865699
      950619756
      2864168489
      108006277
      3976313352
      680217319
      173747636
      291134870
      198587329
      595310009
      941470866
      2438488368
      1681923153
      1654783272
      3531789254
      4149541715
      2922706987
      684907209
      3116688362
      3288142886
      3953377592
      3332428007
      1400401813
      3745921798
      1701705628
      3744511893
      1838265811
      3314032512
      3894840150
      3810031409
      181324387
      983160249
      1444959400
      3836664153
      3032673327
      310789231
      3701565562
      1407580781
      2511575629
      3113822685
      1777261998
      2208898751
      106383174
      2961020500
      995776421
      3306087121
      2181030035
      2300064751
      1909543740
      4023156173
      1671619075
      2151956104
      237668401
      3204511253
      1303668692
      3868259787
      2737897899
      4091026033
      2877780671
      134376279
      398912026
      863520778
      3712468923
      3443213666
      2183809552
      2597379302
      349776833
      274697715
      4266593710
      4282186769
      3530757867
      520237914
      3369037397
      2285670338
      387086485
      618942879
      219892882
      2008897906
      2293749560
      2907436476
      3853296593
      327550390
      1558751403
      2125694704
      1822570484
      2409968265
      436622776
      2691124090
      1080819771
      2958107334
      2667158841
      2117901613
      440045635
      3861104471
      3574962701
      3210299248
      1368601573
      2434039520
      86704919
      3628108033
      1909858745
      227461000
      2530509465
      838433817
      730224848
      1060658180
      1318482825
      233266846
      2352800845
      2086493219
      3826355555
      3174377690
      1455208243
      1356597942
      663563056
      2501819374
      4213535259
      1585241464
      873997246
      2597898744
      427064229
      1587746589
      259660817
      1688808891
      4165834345
      1359025114
      2013923952
      2963511711
      2903220732
      356112706
      501549847
      1609412897
      1685128111
      2639303606
      700554261
      914150235
      2010650618
      2029243163
      3046509911
      715702687
      2206956754
      3045298216
      2922667179
      2497577415
      3001819604
      706666890
      2275923855
      3094184383
      2781697712
      3292952666
      4238614078
      278500659
      1440033346
      1552714131
      336554687
      2842580609
      2255044310
      2180071372
      99970159
      2078552309
      1172694639
      1359399314
      546452524
      349053834
      3072254369
      3043246719
      3314426498
      1594992663
      3582269665
      2114045278
      585873328
      840739494
      3475778485
      1506518790
      4008486652
      229989333
      3582278212
      363921215
      3592842520
      1833533669
      708173875
      564248927
      853943228
      2282731374
      2874158047
      3978663285
      2332696531
      1354524859
      58121641
      1445193461
      1936635021
      3374328198
      3465253060
      385589199
      1819596280
      912895627
      1877426726
      733280947
      2004202992
      3311780711
      3732053191
      309903272
      97290141
      2945419335
      3916477072
      1326195031
      3740938055
      3604745262
      3633308956
      3392929431
      1257547457
      251825182
      3318700085
      847033774
      137350663
      1716455973
      546850455
      4227574519
      3044214953
      2259874013
      2442748258
      2956971336
      2198772379
      1269686727
      2648116105
      1339159363
      1473334647
      2386671612
      2069268389
      624
    Initial state of the Uniform random number generator for chain number 1:
      1
      1812433254
      3713160357
      3109174145
      64984499
      3392658084
      446538473
      2629760756
      2453345558
      1394803949
      1021787430
      2063496713
      1304877364
      1713639158
      889001601
      1651239412
      1450863289
      745575081
      361057727
      2288771950
      1463387568
      2249488362
      26637982
      204036717
      1655702041
      1329048465
      2092351466
      1681619666
      3220660315
      1301783610
      626286181
      294669048
      3537128440
      3259518248
      2550101273
      1160881866
      308703547
      295714668
      35508674
      1599247281
      376272024
      3166459937
      1852735737
      3680868867
      612352556
      2760189833
      3816750341
      699140493
      1087846865
      394927937
      2063539671
      645417889
      2337669049
      3773167612
      678121169
      3006984620
      1163491294
      2559287860
      543155592
      3194181347
      2463543297
      3875146860
      475483913
      3707568076
      3881808875
      1264657097
      208126250
      1802809301
      367907560
      2433375693
      2851326449
      2380707878
      2911758972
      4243386879
      2229228726
      828161871
      2871116151
      990638198
      178193628
      1012573979
      1223581943
      3333023583
      1901888414
      3913876750
      3168662389
      656194888
      1553610174
      466840498
      686407570
      280737523
      2476489017
      1272981410
      3189431979
      3294710282
      1564477163
      4133221553
      823708826
      880616227
      1730254897
      335723347
      2123911971
      344194767
      119099153
      2915257116
      3339825470
      2524942970
      1191117250
      3403812186
      3988972937
      2575395295
      4072737183
      663832315
      808080503
      724042340
      2966189542
      2499643239
      3309205581
      1915303227
      72616536
      387525935
      2791701251
      2190905566
      3740328774
      831297460
      3750964864
      2190112044
      899144100
      2346558003
      3851695829
      2896963823
      1548614403
      3676707405
      2050891594
      4165893148
      1883017153
      2668787527
      50330561
      2063572142
      1853585557
      1716111087
      2937248370
      1650859709
      2682305722
      565243175
      3922227187
      3482032705
      2809081500
      2099376873
      230358556
      1065827745
      196966939
      3268845630
      3625508265
      1477799595
      4149453740
      2757835686
      3032697936
      2200108791
      3421680711
      4145382259
      3605253072
      1186485728
      3520482151
      3080733463
      3887314157
      4030447755
      1699987022
      1393253586
      1710066407
      710337383
      3754612557
      2741088369
      337455371
      1304761604
      3592681639
      3099385187
      4003676405
      317081535
      997754381
      480565460
      3806265432
      1068029852
      776179010
      470617537
      3653875421
      2273571919
      1055365147
      1317172834
      3414733003
      2835400613
      28845217
      631741764
      2334552212
      3565466095
      1225096926
      1277781438
      2416008223
      1268768054
      2750789241
      267768398
      2175383438
      268654341
      2550530755
      2971623408
      1666669894
      1934871760
      509782083
      2798468670
      2834016892
      2494149255
      1965005899
      2653045765
      2317194903
      1297426078
      916214929
      2967861004
      2236807006
      2476725285
      128488253
      4277714156
      3016192551
      1690883702
      1329810641
      593010415
      2341313579
      1754238478
      1242698701
      2152594527
      2103269013
      926178633
      647225267
      4243787142
      1489208161
      3188798921
      1327553793
      3644600811
      684513652
      2606555057
      2705329549
      2557469018
      1294205096
      70104222
      3020083528
      2015571237
      2768573480
      401698695
      2812362809
      328919870
      984940142
      1653817439
      471643152
      538942283
      2040555667
      1211982999
      1663497772
      2941793728
      3001026698
      313271977
      3644502703
      2423950047
      2629046069
      3450826936
      44600781
      2633869288
      4267014746
      4204914470
      1955987363
      2590608885
      2120168063
      1460034243
      258056600
      3693550087
      779446436
      902696389
      4228701387
      3165791227
      3478614865
      1500865135
      905884796
      3682046467
      2437847832
      2595888219
      4144484663
      1299603103
      648536946
      1762836247
      4265749196
      950840266
      2928992722
      2051369009
      2071186450
      1164619682
      210405235
      1296628868
      2425474719
      4083386904
      1978331343
      3190898799
      602128683
      2003319330
      1043377147
      756690484
      24776626
      1835824233
      1156421176
      2125448878
      1333136189
      607751135
      4255614767
      4238533009
      2583175632
      230472465
      3037259757
      1546348932
      2537279411
      110471952
      520621708
      63613561
      2843673595
      775036
      1899744556
      1168115970
      2685086321
      3410250658
      3151102153
      634647644
      3639125394
      3344624764
      1525171811
      1878800371
      3356530116
      3676542926
      602053165
      2686708238
      3703555082
      3754961372
      3970030923
      1749014201
      3391107050
      2478152000
      2121779806
      2636689360
      769835312
      4230539591
      1909812524
      417081626
      3096519324
      387659697
      3764499249
      3452925463
      3818277698
      3008920324
      15253694
      1479260759
      2421328720
      2220743357
      38831551
      1032912064
      3400956198
      2362808832
      3988706866
      1950464958
      3248573125
      1225815945
      1211036180
      346407094
      3867176764
      1257086026
      2725236231
      2843735658
      4147241082
      1729974832
      1256499145
      3765975901
      784776076
      4288277427
      3903532520
      3431522864
      2792589977
      2935989154
      3536596892
      3512984120
      605476293
      1774961976
      981422589
      822525778
      3343539932
      422954622
      1323482938
      2523465420
      2746609356
      1664448205
      272567300
      711582493
      3625722107
      3615865699
      950619756
      2864168489
      108006277
      3976313352
      680217319
      173747636
      291134870
      198587329
      595310009
      941470866
      2438488368
      1681923153
      1654783272
      3531789254
      4149541715
      2922706987
      684907209
      3116688362
      3288142886
      3953377592
      3332428007
      1400401813
      3745921798
      1701705628
      3744511893
      1838265811
      3314032512
      3894840150
      3810031409
      181324387
      983160249
      1444959400
      3836664153
      3032673327
      310789231
      3701565562
      1407580781
      2511575629
      3113822685
      1777261998
      2208898751
      106383174
      2961020500
      995776421
      3306087121
      2181030035
      2300064751
      1909543740
      4023156173
      1671619075
      2151956104
      237668401
      3204511253
      1303668692
      3868259787
      2737897899
      4091026033
      2877780671
      134376279
      398912026
      863520778
      3712468923
      3443213666
      2183809552
      2597379302
      349776833
      274697715
      4266593710
      4282186769
      3530757867
      520237914
      3369037397
      2285670338
      387086485
      618942879
      219892882
      2008897906
      2293749560
      2907436476
      3853296593
      327550390
      1558751403
      2125694704
      1822570484
      2409968265
      436622776
      2691124090
      1080819771
      2958107334
      2667158841
      2117901613
      440045635
      3861104471
      3574962701
      3210299248
      1368601573
      2434039520
      86704919
      3628108033
      1909858745
      227461000
      2530509465
      838433817
      730224848
      1060658180
      1318482825
      233266846
      2352800845
      2086493219
      3826355555
      3174377690
      1455208243
      1356597942
      663563056
      2501819374
      4213535259
      1585241464
      873997246
      2597898744
      427064229
      1587746589
      259660817
      1688808891
      4165834345
      1359025114
      2013923952
      2963511711
      2903220732
      356112706
      501549847
      1609412897
      1685128111
      2639303606
      700554261
      914150235
      2010650618
      2029243163
      3046509911
      715702687
      2206956754
      3045298216
      2922667179
      2497577415
      3001819604
      706666890
      2275923855
      3094184383
      2781697712
      3292952666
      4238614078
      278500659
      1440033346
      1552714131
      336554687
      2842580609
      2255044310
      2180071372
      99970159
      2078552309
      1172694639
      1359399314
      546452524
      349053834
      3072254369
      3043246719
      3314426498
      1594992663
      3582269665
      2114045278
      585873328
      840739494
      3475778485
      1506518790
      4008486652
      229989333
      3582278212
      363921215
      3592842520
      1833533669
      708173875
      564248927
      853943228
      2282731374
      2874158047
      3978663285
      2332696531
      1354524859
      58121641
      1445193461
      1936635021
      3374328198
      3465253060
      385589199
      1819596280
      912895627
      1877426726
      733280947
      2004202992
      3311780711
      3732053191
      309903272
      97290141
      2945419335
      3916477072
      1326195031
      3740938055
      3604745262
      3633308956
      3392929431
      1257547457
      251825182
      3318700085
      847033774
      137350663
      1716455973
      546850455
      4227574519
      3044214953
      2259874013
      2442748258
      2956971336
      2198772379
      1269686727
      2648116105
      1339159363
      1473334647
      2386671612
      2069268389
      624
 

% Mh1Blck1 (04-Mar-2015 19:41:36)
 
  Number of simulations.: 1000
  Acceptance ratio......: 0.291
  Posterior mean........:
    params:1: 0.001395
    params:2: 0.0070604
    params:3: 0.028217
    params:4: 0.0029768
    params:5: 0.01459
    params:6: 0.10953
    params:7: 0.0079998
    params:8: 0.068644
    params:9: 0.028447
    params:10: 0.0073246
    params:11: 0.0042291
    params:12: 0.008054
    params:13: 0.0014428
    params:14: 0.0030962
    params:15: 0.15382
    params:16: 0.0079778
    params:17: 0.022523
    params:18: 1.1508
    params:19: 5.4647
    params:20: 6.3238
    params:21: 4.7766
    params:22: 0.69501
    params:23: 0.53636
    params:24: 0.52995
    params:25: 0.67521
    params:26: 3.1839
    params:27: 0.19068
    params:28: 0.93541
    params:29: 0.28243
    params:30: 0.4279
    params:31: 0.40283
    params:32: 0.40122
    params:33: 0.41295
    params:34: 0.8082
    params:35: 0.47866
    params:36: 3.1128
    params:37: 2.662
    params:38: 0.49165
    params:39: 1.3383
    params:40: 0.67545
    params:41: 0.4186
    params:42: 0.83329
    params:43: 0.93674
    params:44: 0.74915
    params:45: 0.8445
    params:46: 0.46498
    params:47: 0.88409
    params:48: 0.81881
    params:49: 0.92066
    params:50: 0.81886
    params:51: 0.74245
    params:52: 0.76263
    params:53: 0.44546
    params:54: 0.82179
    params:55: 0.98227
    params:56: 0.068644
    params:57: 0.12633
    params:58: 0.00058809
    params:59: 0.89331
    params:60: 0.054871
    params:61: 0.020831
    params:62: 0.095999
    params:63: 0.64661
    log2po:-1355.2532
  Minimum value.........:
    params:1: 0.001176
    params:2: 0.0043406
    params:3: 0.016189
    params:4: 0.0019526
    params:5: 0.011493
    params:6: 0.091809
    params:7: 0.0046196
    params:8: 0.036977
    params:9: 0.023901
    params:10: 0.0061014
    params:11: 0.0020139
    params:12: 0.0069943
    params:13: 0.0011805
    params:14: 0.0025151
    params:15: 0.10975
    params:16: 0.0056054
    params:17: 0.018433
    params:18: 0.91478
    params:19: 4.4043
    params:20: 5.077
    params:21: 3.8046
    params:22: 0.62935
    params:23: 0.47669
    params:24: 0.46521
    params:25: 0.58778
    params:26: 1.602
    params:27: 0.10521
    params:28: 0.91282
    params:29: 0.18918
    params:30: 0.28177
    params:31: 0.28202
    params:32: 0.2886
    params:33: 0.23656
    params:34: 0.68808
    params:35: 0.32108
    params:36: 1.3503
    params:37: 1.8935
    params:38: 0.39396
    params:39: 0.84794
    params:40: 0.56506
    params:41: 0.24976
    params:42: 0.64059
    params:43: 0.87656
    params:44: 0.61024
    params:45: 0.73752
    params:46: 0.32599
    params:47: 0.83865
    params:48: 0.71761
    params:49: 0.87613
    params:50: 0.71587
    params:51: 0.56863
    params:52: 0.52866
    params:53: 0.31671
    params:54: 0.70769
    params:55: 0.95282
    params:56: -0.20961
    params:57: -0.039163
    params:58: -0.010196
    params:59: 0.75562
    params:60: -0.047215
    params:61: 0.00045164
    params:62: -0.12595
    params:63: 0.46854
    log2po:-1364.5616
  Maximum value.........:
    params:1: 0.0017223
    params:2: 0.011115
    params:3: 0.042298
    params:4: 0.0043395
    params:5: 0.017076
    params:6: 0.12908
    params:7: 0.013798
    params:8: 0.093665
    params:9: 0.033065
    params:10: 0.0088247
    params:11: 0.00722
    params:12: 0.008801
    params:13: 0.0018852
    params:14: 0.0036778
    params:15: 0.21662
    params:16: 0.011539
    params:17: 0.027722
    params:18: 1.3461
    params:19: 6.4692
    params:20: 8.1139
    params:21: 5.9774
    params:22: 0.75922
    params:23: 0.61623
    params:24: 0.60468
    params:25: 0.77543
    params:26: 4.1565
    params:27: 0.27657
    params:28: 0.95682
    params:29: 0.36239
    params:30: 0.59541
    params:31: 0.50594
    params:32: 0.54679
    params:33: 0.58012
    params:34: 0.92437
    params:35: 0.6791
    params:36: 4.2644
    params:37: 3.5058
    params:38: 0.61276
    params:39: 1.6401
    params:40: 0.79926
    params:41: 0.61354
    params:42: 0.98071
    params:43: 0.98607
    params:44: 0.89049
    params:45: 0.91812
    params:46: 0.57391
    params:47: 0.91646
    params:48: 0.926
    params:49: 0.97301
    params:50: 0.94426
    params:51: 0.95985
    params:52: 0.98765
    params:53: 0.55776
    params:54: 0.92664
    params:55: 1.0079
    params:56: 0.24425
    params:57: 0.34572
    params:58: 0.010332
    params:59: 0.99552
    params:60: 0.13039
    params:61: 0.059737
    params:62: 0.22002
    params:63: 0.84464
    log2po:-1326.7072
 
