% MH log file (Dynare).
% 13-Mar-2015 09:29:20.
 

% Session 1.
 
  Number of blocks...............: 1
  Number of simulations per block: 2000
 
  Initial values of the parameters:
    Blck 1params:
      1:0.0013487
      2:0.0042111
      3:0.0047947
      4:0.0042975
      5:0.0036181
      6:0.0046027
      7:0.0047626
      8:0.023571
      9:0.060077
      10:0.0047961
      11:0.0041757
      12:0.0081138
      13:0.0012263
      14:0.0027547
      15:0.0046142
      16:0.003398
      17:0.0046068
      18:0.0034131
      19:1.2757
      20:6.2963
      21:5.7691
      22:5.3555
      23:0.67399
      24:0.623
      25:0.55978
      26:0.45465
      27:4.2473
      28:0.28437
      29:0.90148
      30:0.2343
      31:0.48178
      32:0.40448
      33:0.43674
      34:0.45365
      35:0.51927
      36:0.56362
      37:2.1763
      38:1.8884
      39:0.48157
      40:1.6062
      41:0.50495
      42:0.42256
      43:0.48699
      44:0.88017
      45:0.82783
      46:0.66981
      47:0.8589
      48:0.84664
      49:0.86225
      50:0.86857
      51:0.93047
      52:0.84618
      53:0.84947
      54:0.84839
      55:0.85374
      56:0.85611
      57:0.86586
      58:0.93065
      59:-0.012575
      60:0.047043
      61:0.0024473
      62:0.94665
      63:-0.014898
      64:0.021959
      65:-0.0083423
      66:0.61331
    Blck 1logpo2:-191.5319
 
 
  CREATION OF THE MH HISTORY FILE!

    Expected number of files per block.......: 2.
    Expected number of lines in the last file: 161.

    Initial state of the Gaussian random number generator for chain number 1:
      1
      1812433254
      3713160357
      3109174145
      64984499
      3392658084
      446538473
      2629760756
      2453345558
      1394803949
      1021787430
      2063496713
      1304877364
      1713639158
      889001601
      1651239412
      1450863289
      745575081
      361057727
      2288771950
      1463387568
      2249488362
      26637982
      204036717
      1655702041
      1329048465
      2092351466
      1681619666
      3220660315
      1301783610
      626286181
      294669048
      3537128440
      3259518248
      2550101273
      1160881866
      308703547
      295714668
      35508674
      1599247281
      376272024
      3166459937
      1852735737
      3680868867
      612352556
      2760189833
      3816750341
      699140493
      1087846865
      394927937
      2063539671
      645417889
      2337669049
      3773167612
      678121169
      3006984620
      1163491294
      2559287860
      543155592
      3194181347
      2463543297
      3875146860
      475483913
      3707568076
      3881808875
      1264657097
      208126250
      1802809301
      367907560
      2433375693
      2851326449
      2380707878
      2911758972
      4243386879
      2229228726
      828161871
      2871116151
      990638198
      178193628
      1012573979
      1223581943
      3333023583
      1901888414
      3913876750
      3168662389
      656194888
      1553610174
      466840498
      686407570
      280737523
      2476489017
      1272981410
      3189431979
      3294710282
      1564477163
      4133221553
      823708826
      880616227
      1730254897
      335723347
      2123911971
      344194767
      119099153
      2915257116
      3339825470
      2524942970
      1191117250
      3403812186
      3988972937
      2575395295
      4072737183
      663832315
      808080503
      724042340
      2966189542
      2499643239
      3309205581
      1915303227
      72616536
      387525935
      2791701251
      2190905566
      3740328774
      831297460
      3750964864
      2190112044
      899144100
      2346558003
      3851695829
      2896963823
      1548614403
      3676707405
      2050891594
      4165893148
      1883017153
      2668787527
      50330561
      2063572142
      1853585557
      1716111087
      2937248370
      1650859709
      2682305722
      565243175
      3922227187
      3482032705
      2809081500
      2099376873
      230358556
      1065827745
      196966939
      3268845630
      3625508265
      1477799595
      4149453740
      2757835686
      3032697936
      2200108791
      3421680711
      4145382259
      3605253072
      1186485728
      3520482151
      3080733463
      3887314157
      4030447755
      1699987022
      1393253586
      1710066407
      710337383
      3754612557
      2741088369
      337455371
      1304761604
      3592681639
      3099385187
      4003676405
      317081535
      997754381
      480565460
      3806265432
      1068029852
      776179010
      470617537
      3653875421
      2273571919
      1055365147
      1317172834
      3414733003
      2835400613
      28845217
      631741764
      2334552212
      3565466095
      1225096926
      1277781438
      2416008223
      1268768054
      2750789241
      267768398
      2175383438
      268654341
      2550530755
      2971623408
      1666669894
      1934871760
      509782083
      2798468670
      2834016892
      2494149255
      1965005899
      2653045765
      2317194903
      1297426078
      916214929
      2967861004
      2236807006
      2476725285
      128488253
      4277714156
      3016192551
      1690883702
      1329810641
      593010415
      2341313579
      1754238478
      1242698701
      2152594527
      2103269013
      926178633
      647225267
      4243787142
      1489208161
      3188798921
      1327553793
      3644600811
      684513652
      2606555057
      2705329549
      2557469018
      1294205096
      70104222
      3020083528
      2015571237
      2768573480
      401698695
      2812362809
      328919870
      984940142
      1653817439
      471643152
      538942283
      2040555667
      1211982999
      1663497772
      2941793728
      3001026698
      313271977
      3644502703
      2423950047
      2629046069
      3450826936
      44600781
      2633869288
      4267014746
      4204914470
      1955987363
      2590608885
      2120168063
      1460034243
      258056600
      3693550087
      779446436
      902696389
      4228701387
      3165791227
      3478614865
      1500865135
      905884796
      3682046467
      2437847832
      2595888219
      4144484663
      1299603103
      648536946
      1762836247
      4265749196
      950840266
      2928992722
      2051369009
      2071186450
      1164619682
      210405235
      1296628868
      2425474719
      4083386904
      1978331343
      3190898799
      602128683
      2003319330
      1043377147
      756690484
      24776626
      1835824233
      1156421176
      2125448878
      1333136189
      607751135
      4255614767
      4238533009
      2583175632
      230472465
      3037259757
      1546348932
      2537279411
      110471952
      520621708
      63613561
      2843673595
      775036
      1899744556
      1168115970
      2685086321
      3410250658
      3151102153
      634647644
      3639125394
      3344624764
      1525171811
      1878800371
      3356530116
      3676542926
      602053165
      2686708238
      3703555082
      3754961372
      3970030923
      1749014201
      3391107050
      2478152000
      2121779806
      2636689360
      769835312
      4230539591
      1909812524
      417081626
      3096519324
      387659697
      3764499249
      3452925463
      3818277698
      3008920324
      15253694
      1479260759
      2421328720
      2220743357
      38831551
      1032912064
      3400956198
      2362808832
      3988706866
      1950464958
      3248573125
      1225815945
      1211036180
      346407094
      3867176764
      1257086026
      2725236231
      2843735658
      4147241082
      1729974832
      1256499145
      3765975901
      784776076
      4288277427
      3903532520
      3431522864
      2792589977
      2935989154
      3536596892
      3512984120
      605476293
      1774961976
      981422589
      822525778
      3343539932
      422954622
      1323482938
      2523465420
      2746609356
      1664448205
      272567300
      711582493
      3625722107
      3615865699
      950619756
      2864168489
      108006277
      3976313352
      680217319
      173747636
      291134870
      198587329
      595310009
      941470866
      2438488368
      1681923153
      1654783272
      3531789254
      4149541715
      2922706987
      684907209
      3116688362
      3288142886
      3953377592
      3332428007
      1400401813
      3745921798
      1701705628
      3744511893
      1838265811
      3314032512
      3894840150
      3810031409
      181324387
      983160249
      1444959400
      3836664153
      3032673327
      310789231
      3701565562
      1407580781
      2511575629
      3113822685
      1777261998
      2208898751
      106383174
      2961020500
      995776421
      3306087121
      2181030035
      2300064751
      1909543740
      4023156173
      1671619075
      2151956104
      237668401
      3204511253
      1303668692
      3868259787
      2737897899
      4091026033
      2877780671
      134376279
      398912026
      863520778
      3712468923
      3443213666
      2183809552
      2597379302
      349776833
      274697715
      4266593710
      4282186769
      3530757867
      520237914
      3369037397
      2285670338
      387086485
      618942879
      219892882
      2008897906
      2293749560
      2907436476
      3853296593
      327550390
      1558751403
      2125694704
      1822570484
      2409968265
      436622776
      2691124090
      1080819771
      2958107334
      2667158841
      2117901613
      440045635
      3861104471
      3574962701
      3210299248
      1368601573
      2434039520
      86704919
      3628108033
      1909858745
      227461000
      2530509465
      838433817
      730224848
      1060658180
      1318482825
      233266846
      2352800845
      2086493219
      3826355555
      3174377690
      1455208243
      1356597942
      663563056
      2501819374
      4213535259
      1585241464
      873997246
      2597898744
      427064229
      1587746589
      259660817
      1688808891
      4165834345
      1359025114
      2013923952
      2963511711
      2903220732
      356112706
      501549847
      1609412897
      1685128111
      2639303606
      700554261
      914150235
      2010650618
      2029243163
      3046509911
      715702687
      2206956754
      3045298216
      2922667179
      2497577415
      3001819604
      706666890
      2275923855
      3094184383
      2781697712
      3292952666
      4238614078
      278500659
      1440033346
      1552714131
      336554687
      2842580609
      2255044310
      2180071372
      99970159
      2078552309
      1172694639
      1359399314
      546452524
      349053834
      3072254369
      3043246719
      3314426498
      1594992663
      3582269665
      2114045278
      585873328
      840739494
      3475778485
      1506518790
      4008486652
      229989333
      3582278212
      363921215
      3592842520
      1833533669
      708173875
      564248927
      853943228
      2282731374
      2874158047
      3978663285
      2332696531
      1354524859
      58121641
      1445193461
      1936635021
      3374328198
      3465253060
      385589199
      1819596280
      912895627
      1877426726
      733280947
      2004202992
      3311780711
      3732053191
      309903272
      97290141
      2945419335
      3916477072
      1326195031
      3740938055
      3604745262
      3633308956
      3392929431
      1257547457
      251825182
      3318700085
      847033774
      137350663
      1716455973
      546850455
      4227574519
      3044214953
      2259874013
      2442748258
      2956971336
      2198772379
      1269686727
      2648116105
      1339159363
      1473334647
      2386671612
      2069268389
      624
    Initial state of the Uniform random number generator for chain number 1:
      1
      1812433254
      3713160357
      3109174145
      64984499
      3392658084
      446538473
      2629760756
      2453345558
      1394803949
      1021787430
      2063496713
      1304877364
      1713639158
      889001601
      1651239412
      1450863289
      745575081
      361057727
      2288771950
      1463387568
      2249488362
      26637982
      204036717
      1655702041
      1329048465
      2092351466
      1681619666
      3220660315
      1301783610
      626286181
      294669048
      3537128440
      3259518248
      2550101273
      1160881866
      308703547
      295714668
      35508674
      1599247281
      376272024
      3166459937
      1852735737
      3680868867
      612352556
      2760189833
      3816750341
      699140493
      1087846865
      394927937
      2063539671
      645417889
      2337669049
      3773167612
      678121169
      3006984620
      1163491294
      2559287860
      543155592
      3194181347
      2463543297
      3875146860
      475483913
      3707568076
      3881808875
      1264657097
      208126250
      1802809301
      367907560
      2433375693
      2851326449
      2380707878
      2911758972
      4243386879
      2229228726
      828161871
      2871116151
      990638198
      178193628
      1012573979
      1223581943
      3333023583
      1901888414
      3913876750
      3168662389
      656194888
      1553610174
      466840498
      686407570
      280737523
      2476489017
      1272981410
      3189431979
      3294710282
      1564477163
      4133221553
      823708826
      880616227
      1730254897
      335723347
      2123911971
      344194767
      119099153
      2915257116
      3339825470
      2524942970
      1191117250
      3403812186
      3988972937
      2575395295
      4072737183
      663832315
      808080503
      724042340
      2966189542
      2499643239
      3309205581
      1915303227
      72616536
      387525935
      2791701251
      2190905566
      3740328774
      831297460
      3750964864
      2190112044
      899144100
      2346558003
      3851695829
      2896963823
      1548614403
      3676707405
      2050891594
      4165893148
      1883017153
      2668787527
      50330561
      2063572142
      1853585557
      1716111087
      2937248370
      1650859709
      2682305722
      565243175
      3922227187
      3482032705
      2809081500
      2099376873
      230358556
      1065827745
      196966939
      3268845630
      3625508265
      1477799595
      4149453740
      2757835686
      3032697936
      2200108791
      3421680711
      4145382259
      3605253072
      1186485728
      3520482151
      3080733463
      3887314157
      4030447755
      1699987022
      1393253586
      1710066407
      710337383
      3754612557
      2741088369
      337455371
      1304761604
      3592681639
      3099385187
      4003676405
      317081535
      997754381
      480565460
      3806265432
      1068029852
      776179010
      470617537
      3653875421
      2273571919
      1055365147
      1317172834
      3414733003
      2835400613
      28845217
      631741764
      2334552212
      3565466095
      1225096926
      1277781438
      2416008223
      1268768054
      2750789241
      267768398
      2175383438
      268654341
      2550530755
      2971623408
      1666669894
      1934871760
      509782083
      2798468670
      2834016892
      2494149255
      1965005899
      2653045765
      2317194903
      1297426078
      916214929
      2967861004
      2236807006
      2476725285
      128488253
      4277714156
      3016192551
      1690883702
      1329810641
      593010415
      2341313579
      1754238478
      1242698701
      2152594527
      2103269013
      926178633
      647225267
      4243787142
      1489208161
      3188798921
      1327553793
      3644600811
      684513652
      2606555057
      2705329549
      2557469018
      1294205096
      70104222
      3020083528
      2015571237
      2768573480
      401698695
      2812362809
      328919870
      984940142
      1653817439
      471643152
      538942283
      2040555667
      1211982999
      1663497772
      2941793728
      3001026698
      313271977
      3644502703
      2423950047
      2629046069
      3450826936
      44600781
      2633869288
      4267014746
      4204914470
      1955987363
      2590608885
      2120168063
      1460034243
      258056600
      3693550087
      779446436
      902696389
      4228701387
      3165791227
      3478614865
      1500865135
      905884796
      3682046467
      2437847832
      2595888219
      4144484663
      1299603103
      648536946
      1762836247
      4265749196
      950840266
      2928992722
      2051369009
      2071186450
      1164619682
      210405235
      1296628868
      2425474719
      4083386904
      1978331343
      3190898799
      602128683
      2003319330
      1043377147
      756690484
      24776626
      1835824233
      1156421176
      2125448878
      1333136189
      607751135
      4255614767
      4238533009
      2583175632
      230472465
      3037259757
      1546348932
      2537279411
      110471952
      520621708
      63613561
      2843673595
      775036
      1899744556
      1168115970
      2685086321
      3410250658
      3151102153
      634647644
      3639125394
      3344624764
      1525171811
      1878800371
      3356530116
      3676542926
      602053165
      2686708238
      3703555082
      3754961372
      3970030923
      1749014201
      3391107050
      2478152000
      2121779806
      2636689360
      769835312
      4230539591
      1909812524
      417081626
      3096519324
      387659697
      3764499249
      3452925463
      3818277698
      3008920324
      15253694
      1479260759
      2421328720
      2220743357
      38831551
      1032912064
      3400956198
      2362808832
      3988706866
      1950464958
      3248573125
      1225815945
      1211036180
      346407094
      3867176764
      1257086026
      2725236231
      2843735658
      4147241082
      1729974832
      1256499145
      3765975901
      784776076
      4288277427
      3903532520
      3431522864
      2792589977
      2935989154
      3536596892
      3512984120
      605476293
      1774961976
      981422589
      822525778
      3343539932
      422954622
      1323482938
      2523465420
      2746609356
      1664448205
      272567300
      711582493
      3625722107
      3615865699
      950619756
      2864168489
      108006277
      3976313352
      680217319
      173747636
      291134870
      198587329
      595310009
      941470866
      2438488368
      1681923153
      1654783272
      3531789254
      4149541715
      2922706987
      684907209
      3116688362
      3288142886
      3953377592
      3332428007
      1400401813
      3745921798
      1701705628
      3744511893
      1838265811
      3314032512
      3894840150
      3810031409
      181324387
      983160249
      1444959400
      3836664153
      3032673327
      310789231
      3701565562
      1407580781
      2511575629
      3113822685
      1777261998
      2208898751
      106383174
      2961020500
      995776421
      3306087121
      2181030035
      2300064751
      1909543740
      4023156173
      1671619075
      2151956104
      237668401
      3204511253
      1303668692
      3868259787
      2737897899
      4091026033
      2877780671
      134376279
      398912026
      863520778
      3712468923
      3443213666
      2183809552
      2597379302
      349776833
      274697715
      4266593710
      4282186769
      3530757867
      520237914
      3369037397
      2285670338
      387086485
      618942879
      219892882
      2008897906
      2293749560
      2907436476
      3853296593
      327550390
      1558751403
      2125694704
      1822570484
      2409968265
      436622776
      2691124090
      1080819771
      2958107334
      2667158841
      2117901613
      440045635
      3861104471
      3574962701
      3210299248
      1368601573
      2434039520
      86704919
      3628108033
      1909858745
      227461000
      2530509465
      838433817
      730224848
      1060658180
      1318482825
      233266846
      2352800845
      2086493219
      3826355555
      3174377690
      1455208243
      1356597942
      663563056
      2501819374
      4213535259
      1585241464
      873997246
      2597898744
      427064229
      1587746589
      259660817
      1688808891
      4165834345
      1359025114
      2013923952
      2963511711
      2903220732
      356112706
      501549847
      1609412897
      1685128111
      2639303606
      700554261
      914150235
      2010650618
      2029243163
      3046509911
      715702687
      2206956754
      3045298216
      2922667179
      2497577415
      3001819604
      706666890
      2275923855
      3094184383
      2781697712
      3292952666
      4238614078
      278500659
      1440033346
      1552714131
      336554687
      2842580609
      2255044310
      2180071372
      99970159
      2078552309
      1172694639
      1359399314
      546452524
      349053834
      3072254369
      3043246719
      3314426498
      1594992663
      3582269665
      2114045278
      585873328
      840739494
      3475778485
      1506518790
      4008486652
      229989333
      3582278212
      363921215
      3592842520
      1833533669
      708173875
      564248927
      853943228
      2282731374
      2874158047
      3978663285
      2332696531
      1354524859
      58121641
      1445193461
      1936635021
      3374328198
      3465253060
      385589199
      1819596280
      912895627
      1877426726
      733280947
      2004202992
      3311780711
      3732053191
      309903272
      97290141
      2945419335
      3916477072
      1326195031
      3740938055
      3604745262
      3633308956
      3392929431
      1257547457
      251825182
      3318700085
      847033774
      137350663
      1716455973
      546850455
      4227574519
      3044214953
      2259874013
      2442748258
      2956971336
      2198772379
      1269686727
      2648116105
      1339159363
      1473334647
      2386671612
      2069268389
      624
 

% Mh1Blck1 (13-Mar-2015 09:31:26)
 
  Number of simulations.: 1839
  Acceptance ratio......: 0.28004
  Posterior mean........:
    params:1: 0.0014261
    params:2: 0.0049793
    params:3: 0.0067955
    params:4: 0.0040122
    params:5: 0.0037482
    params:6: 0.0065445
    params:7: 0.0073714
    params:8: 0.027713
    params:9: 0.062434
    params:10: 0.0066884
    params:11: 0.0047698
    params:12: 0.0082584
    params:13: 0.0013763
    params:14: 0.0027979
    params:15: 0.0051354
    params:16: 0.0035499
    params:17: 0.0046425
    params:18: 0.0037649
    params:19: 1.3899
    params:20: 6.3702
    params:21: 5.8652
    params:22: 5.929
    params:23: 0.64118
    params:24: 0.61583
    params:25: 0.56581
    params:26: 0.4699
    params:27: 3.9101
    params:28: 0.2471
    params:29: 0.90301
    params:30: 0.23568
    params:31: 0.531
    params:32: 0.42217
    params:33: 0.45583
    params:34: 0.43463
    params:35: 0.58761
    params:36: 0.62589
    params:37: 2.1218
    params:38: 2.059
    params:39: 0.46574
    params:40: 1.6609
    params:41: 0.47652
    params:42: 0.3622
    params:43: 0.48094
    params:44: 0.81424
    params:45: 0.75474
    params:46: 0.67574
    params:47: 0.86411
    params:48: 0.82149
    params:49: 0.70507
    params:50: 0.83149
    params:51: 0.90613
    params:52: 0.76921
    params:53: 0.84322
    params:54: 0.85767
    params:55: 0.8648
    params:56: 0.80233
    params:57: 0.8859
    params:58: 0.93889
    params:59: -0.016583
    params:60: -0.022156
    params:61: 0.0019285
    params:62: 0.95085
    params:63: -0.03801
    params:64: 0.034307
    params:65: -0.0409
    params:66: 0.61705
    log2po:-220.728
  Minimum value.........:
    params:1: 0.0011761
    params:2: 0.0026247
    params:3: 0.0019248
    params:4: 0.0025504
    params:5: 0.002096
    params:6: 0.002754
    params:7: 0.0028482
    params:8: 0.016263
    params:9: 0.03743
    params:10: 0.002233
    params:11: 0.0023791
    params:12: 0.006505
    params:13: 0.0011786
    params:14: 0.0019936
    params:15: 0.0020295
    params:16: 0.0022881
    params:17: 0.0021235
    params:18: 0.0019865
    params:19: 1.0049
    params:20: 4.5521
    params:21: 4.113
    params:22: 4.0745
    params:23: 0.57111
    params:24: 0.51231
    params:25: 0.46313
    params:26: 0.31613
    params:27: 2.0179
    params:28: 0.14891
    params:29: 0.87811
    params:30: 0.11985
    params:31: 0.34489
    params:32: 0.2671
    params:33: 0.33248
    params:34: 0.27873
    params:35: 0.41795
    params:36: 0.33082
    params:37: 1.3847
    params:38: 1.1791
    params:39: 0.31771
    params:40: 1.1642
    params:41: 0.25297
    params:42: 0.17181
    params:43: 0.27329
    params:44: 0.57914
    params:45: 0.50024
    params:46: 0.52617
    params:47: 0.7363
    params:48: 0.59616
    params:49: 0.51279
    params:50: 0.72373
    params:51: 0.83828
    params:52: 0.61973
    params:53: 0.56372
    params:54: 0.63452
    params:55: 0.64623
    params:56: 0.56311
    params:57: 0.70195
    params:58: 0.80807
    params:59: -0.25188
    params:60: -0.23995
    params:61: -0.023669
    params:62: 0.87307
    params:63: -0.136
    params:64: -0.0060545
    params:65: -0.1894
    params:66: 0.37871
    log2po:-239.017
  Maximum value.........:
    params:1: 0.0017942
    params:2: 0.0077007
    params:3: 0.011491
    params:4: 0.0060053
    params:5: 0.0054587
    params:6: 0.012141
    params:7: 0.018118
    params:8: 0.039984
    params:9: 0.088291
    params:10: 0.011777
    params:11: 0.007191
    params:12: 0.010119
    params:13: 0.001679
    params:14: 0.003381
    params:15: 0.01254
    params:16: 0.005128
    params:17: 0.0076219
    params:18: 0.0056733
    params:19: 1.7104
    params:20: 8.1718
    params:21: 8.9219
    params:22: 7.6499
    params:23: 0.72465
    params:24: 0.71503
    params:25: 0.68019
    params:26: 0.59978
    params:27: 5.4134
    params:28: 0.36328
    params:29: 0.93317
    params:30: 0.3192
    params:31: 0.71802
    params:32: 0.57504
    params:33: 0.63565
    params:34: 0.60029
    params:35: 0.78468
    params:36: 0.81965
    params:37: 3.0023
    params:38: 3.371
    params:39: 0.61433
    params:40: 2.3118
    params:41: 0.71482
    params:42: 0.57478
    params:43: 0.66381
    params:44: 0.98338
    params:45: 0.97306
    params:46: 0.85836
    params:47: 0.97227
    params:48: 0.96988
    params:49: 0.87586
    params:50: 0.93764
    params:51: 0.97979
    params:52: 0.96629
    params:53: 0.98596
    params:54: 0.9985
    params:55: 0.99771
    params:56: 0.99164
    params:57: 0.99464
    params:58: 1.0248
    params:59: 0.14404
    params:60: 0.13539
    params:61: 0.023568
    params:62: 0.99955
    params:63: 0.052496
    params:64: 0.074452
    params:65: 0.073122
    params:66: 0.80017
    log2po:-191.5319
 

% Mh2Blck1 (13-Mar-2015 09:31:37)
 
  Number of simulations.: 161
  Acceptance ratio......: 0.36025
  Posterior mean........:
    params:1: 0.0015589
    params:2: 0.0051596
    params:3: 0.010219
    params:4: 0.0038135
    params:5: 0.0048201
    params:6: 0.012975
    params:7: 0.015098
    params:8: 0.021768
    params:9: 0.069256
    params:10: 0.0048609
    params:11: 0.0068642
    params:12: 0.0087956
    params:13: 0.001294
    params:14: 0.0026824
    params:15: 0.0045643
    params:16: 0.0033616
    params:17: 0.0061525
    params:18: 0.0061702
    params:19: 1.4033
    params:20: 6.2981
    params:21: 5.7171
    params:22: 5.0217
    params:23: 0.60019
    params:24: 0.65987
    params:25: 0.508
    params:26: 0.5505
    params:27: 4.6659
    params:28: 0.24563
    params:29: 0.88735
    params:30: 0.27689
    params:31: 0.51882
    params:32: 0.38014
    params:33: 0.50718
    params:34: 0.4606
    params:35: 0.56555
    params:36: 0.70504
    params:37: 2.4731
    params:38: 1.8832
    params:39: 0.54089
    params:40: 1.9898
    params:41: 0.59947
    params:42: 0.42524
    params:43: 0.46032
    params:44: 0.881
    params:45: 0.66262
    params:46: 0.72584
    params:47: 0.7821
    params:48: 0.75525
    params:49: 0.60242
    params:50: 0.77285
    params:51: 0.92704
    params:52: 0.76397
    params:53: 0.84794
    params:54: 0.70825
    params:55: 0.83872
    params:56: 0.8624
    params:57: 0.748
    params:58: 0.92969
    params:59: 0.041336
    params:60: -0.0065614
    params:61: 0.029173
    params:62: 0.87484
    params:63: -0.10264
    params:64: 0.03078
    params:65: -0.061353
    params:66: 0.65951
    log2po:-229.8316
  Minimum value.........:
    params:1: 0.0013843
    params:2: 0.0029472
    params:3: 0.007103
    params:4: 0.0031887
    params:5: 0.0035455
    params:6: 0.011357
    params:7: 0.012747
    params:8: 0.019563
    params:9: 0.05771
    params:10: 0.0036384
    params:11: 0.0054603
    params:12: 0.0075044
    params:13: 0.0011837
    params:14: 0.0024361
    params:15: 0.0029474
    params:16: 0.0021921
    params:17: 0.0043746
    params:18: 0.0050784
    params:19: 1.156
    params:20: 4.9591
    params:21: 4.9021
    params:22: 4.14
    params:23: 0.5669
    params:24: 0.58985
    params:25: 0.46762
    params:26: 0.50445
    params:27: 3.5673
    params:28: 0.19769
    params:29: 0.86325
    params:30: 0.23452
    params:31: 0.37728
    params:32: 0.30013
    params:33: 0.42912
    params:34: 0.39062
    params:35: 0.47232
    params:36: 0.59051
    params:37: 1.948
    params:38: 1.5504
    params:39: 0.49174
    params:40: 1.8287
    params:41: 0.44398
    params:42: 0.34089
    params:43: 0.36321
    params:44: 0.81921
    params:45: 0.5816
    params:46: 0.65363
    params:47: 0.7058
    params:48: 0.66177
    params:49: 0.52703
    params:50: 0.71447
    params:51: 0.88503
    params:52: 0.65705
    params:53: 0.77356
    params:54: 0.55685
    params:55: 0.63628
    params:56: 0.74797
    params:57: 0.64789
    params:58: 0.8271
    params:59: -0.028963
    params:60: -0.11233
    params:61: 0.020195
    params:62: 0.8061
    params:63: -0.14845
    params:64: 0.011346
    params:65: -0.13279
    params:66: 0.49963
    log2po:-236.6098
  Maximum value.........:
    params:1: 0.001797
    params:2: 0.006817
    params:3: 0.012367
    params:4: 0.0046602
    params:5: 0.0057455
    params:6: 0.014595
    params:7: 0.017456
    params:8: 0.02726
    params:9: 0.084709
    params:10: 0.0073588
    params:11: 0.0080863
    params:12: 0.010205
    params:13: 0.0014453
    params:14: 0.0031966
    params:15: 0.0061647
    params:16: 0.0040487
    params:17: 0.0073225
    params:18: 0.0066551
    params:19: 1.5901
    params:20: 7.8366
    params:21: 6.7626
    params:22: 6.0329
    params:23: 0.63377
    params:24: 0.69341
    params:25: 0.55039
    params:26: 0.59763
    params:27: 6.1233
    params:28: 0.28783
    params:29: 0.91252
    params:30: 0.31168
    params:31: 0.64816
    params:32: 0.45511
    params:33: 0.59711
    params:34: 0.52233
    params:35: 0.68682
    params:36: 0.83444
    params:37: 3.0551
    params:38: 2.4643
    params:39: 0.60396
    params:40: 2.1974
    params:41: 0.72855
    params:42: 0.55548
    params:43: 0.5134
    params:44: 0.95081
    params:45: 0.74615
    params:46: 0.80646
    params:47: 0.86475
    params:48: 0.83531
    params:49: 0.72767
    params:50: 0.83169
    params:51: 0.98412
    params:52: 0.82228
    params:53: 0.99315
    params:54: 0.84566
    params:55: 0.94433
    params:56: 0.98185
    params:57: 0.83966
    params:58: 0.97621
    params:59: 0.13247
    params:60: 0.052363
    params:61: 0.040028
    params:62: 0.95347
    params:63: -0.021257
    params:64: 0.060582
    params:65: 0.004801
    params:66: 0.77102
    log2po:-224.8219
 
