Starting Dynare (version 4.4.3).
Starting preprocessing of the model file ...
Substitution of exo lags: added 1 auxiliary variables and equations.
Found 7 equation(s).
Evaluating expressions...done
Computing static model derivatives:
 - order 1
Computing dynamic model derivatives:
 - order 1
 - order 2
Processing outputs ...done
Preprocessing completed.
Starting MATLAB/Octave computing.

MODEL SUMMARY

  Number of variables:         7
  Number of stochastic shocks: 3
  Number of state variables:   4
  Number of jumpers:           3
  Number of static variables:  1


MATRIX OF COVARIANCE OF EXOGENOUS SHOCKS

Variables     eps_a    eps_tau    news   
eps_a        1.000000  0.000000  0.000000
eps_tau      0.000000  1.000000  0.000000
news         0.000000  0.000000  1.000000

POLICY AND TRANSITION FUNCTIONS
                         a               pie             r               rstar           tau             x              
tau(-1)                            0        0.051708        0.077562        0.125000        0.500000        0.146584
news(-1)                    1.000000       -0.164970       -0.247455       -0.800000               0       -0.731923
a(-1)                       0.200000       -0.032994       -0.049491       -0.160000               0       -0.146385
eps_a                       1.000000       -0.164970       -0.247455       -0.800000               0       -0.731923
eps_tau                            0        0.103416        0.155123        0.250000        1.000000        0.293169
news                               0       -0.111034       -0.166550        1.000000               0        0.269657


THEORETICAL MOMENTS

VARIABLE      MEAN    STD. DEV.   VARIANCE 
a              0.0000     1.4434     2.0833
pie            0.0000     0.2886     0.0833
r              0.0000     0.4329     0.1874
rstar          0.0000     1.5546     2.4167
tau            0.0000     1.1547     1.3333
x              0.0000     1.1417     1.3034



VARIANCE DECOMPOSITION (in percent)

         eps_a   eps_tau    news  
a          50.00     0.00    50.00
pie        34.04    17.12    48.84
r          34.04    17.12    48.84
rstar      27.59     3.45    68.97
tau         0.00   100.00     0.00
x          42.81     8.79    48.39



MATRIX OF CORRELATIONS

Variables      a      pie      r     rstar    tau      x   
a            1.0000 -0.8251 -0.8251 -0.7428  0.0000 -0.9254
pie         -0.8251  1.0000  1.0000  0.4422  0.4138  0.7953
r           -0.8251  1.0000  1.0000  0.4422  0.4138  0.7953
rstar       -0.7428  0.4422  0.4422  1.0000  0.1857  0.8943
tau          0.0000  0.4138  0.4138  0.1857  1.0000  0.2965
x           -0.9254  0.7953  0.7953  0.8943  0.2965  1.0000



COEFFICIENTS OF AUTOCORRELATION

Order      1       2       3       4       5   
a        0.2000  0.0400  0.0080  0.0016  0.0003
pie      0.4417  0.1140  0.0356  0.0135  0.0059
r        0.4417  0.1140  0.0356  0.0135  0.0059
rstar   -0.2034 -0.0355 -0.0045  0.0004  0.0007
tau      0.5000  0.2500  0.1250  0.0625  0.0312
x        0.0638  0.0259  0.0118  0.0057  0.0028
 r = -0.167, rstar = 1.000, infl = -0.111, empl = 0.270
datapullcgg
{Error using <a href="matlab:helpUtils.errorDocCallback('load')" style="font-weight:bold">load</a>
Unable to read file data: No such file or directory.
Error in <a href="matlab:helpUtils.errorDocCallback('datapullcgg', 'C:\Users\0510203\Desktop\Korea_2015\Korea_2015\assignment9\datapullcgg.m', 1)" style="font-weight:bold">datapullcgg</a> (<a href="matlab: opentoline('C:\Users\0510203\Desktop\Korea_2015\Korea_2015\assignment9\datapullcgg.m',1,0)">line 1</a>)
load data;} 
dynare cggest

Configuring Dynare ...
[mex] Generalized QZ.
[mex] Sylvester equation solution.
[mex] Kronecker products.
[mex] Sparse kronecker products.
[mex] Local state space iteration (second order).
[mex] Bytecode evaluation.
[mex] k-order perturbation solver.
[mex] k-order solution simulation.
[mex] Quasi Monte-Carlo sequence (Sobol).
[mex] Markov Switching SBVAR.

Starting Dynare (version 4.4.3).
Starting preprocessing of the model file ...
Found 7 equation(s).
Evaluating expressions...done
Computing static model derivatives:
 - order 1
Computing dynamic model derivatives:
 - order 1
 - order 2
Processing outputs ...done
Preprocessing completed.
Starting MATLAB/Octave computing.

